	.text
	.syntax unified
	.eabi_attribute	67, "2.09"	@ Tag_conformance
	.cpu	cortex-m23
	.eabi_attribute	6, 16	@ Tag_CPU_arch
	.eabi_attribute	7, 77	@ Tag_CPU_arch_profile
	.eabi_attribute	8, 0	@ Tag_ARM_ISA_use
	.eabi_attribute	9, 3	@ Tag_THUMB_ISA_use
	.eabi_attribute	34, 0	@ Tag_CPU_unaligned_access
	.eabi_attribute	17, 1	@ Tag_ABI_PCS_GOT_use
	.eabi_attribute	20, 2	@ Tag_ABI_FP_denormal
	.eabi_attribute	21, 0	@ Tag_ABI_FP_exceptions
	.eabi_attribute	23, 1	@ Tag_ABI_FP_number_model
	.eabi_attribute	24, 1	@ Tag_ABI_align_needed
	.eabi_attribute	25, 1	@ Tag_ABI_align_preserved
	.eabi_attribute	38, 1	@ Tag_ABI_FP_16bit_format
	.eabi_attribute	18, 2	@ Tag_ABI_PCS_wchar_t
	.eabi_attribute	26, 1	@ Tag_ABI_enum_size
	.eabi_attribute	14, 0	@ Tag_ABI_PCS_R9_use
	.file	"gd32e230_it.c"
	.section	.text.NMI_Handler,"ax",%progbits
	.hidden	NMI_Handler             @ -- Begin function NMI_Handler
	.globl	NMI_Handler
	.p2align	1
	.type	NMI_Handler,%function
	.code	16                      @ @NMI_Handler
	.thumb_func
NMI_Handler:
.Lfunc_begin0:
	.file	1 "E:\\Soway\\Soway_product-soft\\105 - T119-GD\\E230 -  ds18b20-F8\\MDK-ARM" "../User/gd32e230_it.c"
	.loc	1 54 0                  @ ../User/gd32e230_it.c:54:0
	.fnstart
	.cfi_sections .debug_frame
	.cfi_startproc
@ %bb.0:
	.loc	1 55 1 prologue_end     @ ../User/gd32e230_it.c:55:1
	bx	lr
.Ltmp0:
.Lfunc_end0:
	.size	NMI_Handler, .Lfunc_end0-NMI_Handler
	.cfi_endproc
	.cantunwind
	.fnend
                                        @ -- End function
	.section	.text.HardFault_Handler,"ax",%progbits
	.hidden	HardFault_Handler       @ -- Begin function HardFault_Handler
	.globl	HardFault_Handler
	.p2align	1
	.type	HardFault_Handler,%function
	.code	16                      @ @HardFault_Handler
	.thumb_func
HardFault_Handler:
.Lfunc_begin1:
	.loc	1 64 0                  @ ../User/gd32e230_it.c:64:0
	.fnstart
	.cfi_startproc
@ %bb.0:
	.loc	1 66 5 prologue_end     @ ../User/gd32e230_it.c:66:5
	b	.LBB1_1
.LBB1_1:                                @ =>This Inner Loop Header: Depth=1
	b	.LBB1_1
.Ltmp1:
.Lfunc_end1:
	.size	HardFault_Handler, .Lfunc_end1-HardFault_Handler
	.cfi_endproc
	.cantunwind
	.fnend
                                        @ -- End function
	.section	.text.MemManage_Handler,"ax",%progbits
	.hidden	MemManage_Handler       @ -- Begin function MemManage_Handler
	.globl	MemManage_Handler
	.p2align	1
	.type	MemManage_Handler,%function
	.code	16                      @ @MemManage_Handler
	.thumb_func
MemManage_Handler:
.Lfunc_begin2:
	.loc	1 77 0                  @ ../User/gd32e230_it.c:77:0
	.fnstart
	.cfi_startproc
@ %bb.0:
	.loc	1 79 5 prologue_end     @ ../User/gd32e230_it.c:79:5
	b	.LBB2_1
.LBB2_1:                                @ =>This Inner Loop Header: Depth=1
	b	.LBB2_1
.Ltmp2:
.Lfunc_end2:
	.size	MemManage_Handler, .Lfunc_end2-MemManage_Handler
	.cfi_endproc
	.cantunwind
	.fnend
                                        @ -- End function
	.section	.text.BusFault_Handler,"ax",%progbits
	.hidden	BusFault_Handler        @ -- Begin function BusFault_Handler
	.globl	BusFault_Handler
	.p2align	1
	.type	BusFault_Handler,%function
	.code	16                      @ @BusFault_Handler
	.thumb_func
BusFault_Handler:
.Lfunc_begin3:
	.loc	1 90 0                  @ ../User/gd32e230_it.c:90:0
	.fnstart
	.cfi_startproc
@ %bb.0:
	.loc	1 92 5 prologue_end     @ ../User/gd32e230_it.c:92:5
	b	.LBB3_1
.LBB3_1:                                @ =>This Inner Loop Header: Depth=1
	b	.LBB3_1
.Ltmp3:
.Lfunc_end3:
	.size	BusFault_Handler, .Lfunc_end3-BusFault_Handler
	.cfi_endproc
	.cantunwind
	.fnend
                                        @ -- End function
	.section	.text.UsageFault_Handler,"ax",%progbits
	.hidden	UsageFault_Handler      @ -- Begin function UsageFault_Handler
	.globl	UsageFault_Handler
	.p2align	1
	.type	UsageFault_Handler,%function
	.code	16                      @ @UsageFault_Handler
	.thumb_func
UsageFault_Handler:
.Lfunc_begin4:
	.loc	1 103 0                 @ ../User/gd32e230_it.c:103:0
	.fnstart
	.cfi_startproc
@ %bb.0:
	.loc	1 105 5 prologue_end    @ ../User/gd32e230_it.c:105:5
	b	.LBB4_1
.LBB4_1:                                @ =>This Inner Loop Header: Depth=1
	b	.LBB4_1
.Ltmp4:
.Lfunc_end4:
	.size	UsageFault_Handler, .Lfunc_end4-UsageFault_Handler
	.cfi_endproc
	.cantunwind
	.fnend
                                        @ -- End function
	.section	.text.SVC_Handler,"ax",%progbits
	.hidden	SVC_Handler             @ -- Begin function SVC_Handler
	.globl	SVC_Handler
	.p2align	1
	.type	SVC_Handler,%function
	.code	16                      @ @SVC_Handler
	.thumb_func
SVC_Handler:
.Lfunc_begin5:
	.loc	1 116 0                 @ ../User/gd32e230_it.c:116:0
	.fnstart
	.cfi_startproc
@ %bb.0:
	.loc	1 117 1 prologue_end    @ ../User/gd32e230_it.c:117:1
	bx	lr
.Ltmp5:
.Lfunc_end5:
	.size	SVC_Handler, .Lfunc_end5-SVC_Handler
	.cfi_endproc
	.cantunwind
	.fnend
                                        @ -- End function
	.section	.text.DebugMon_Handler,"ax",%progbits
	.hidden	DebugMon_Handler        @ -- Begin function DebugMon_Handler
	.globl	DebugMon_Handler
	.p2align	1
	.type	DebugMon_Handler,%function
	.code	16                      @ @DebugMon_Handler
	.thumb_func
DebugMon_Handler:
.Lfunc_begin6:
	.loc	1 126 0                 @ ../User/gd32e230_it.c:126:0
	.fnstart
	.cfi_startproc
@ %bb.0:
	.loc	1 127 1 prologue_end    @ ../User/gd32e230_it.c:127:1
	bx	lr
.Ltmp6:
.Lfunc_end6:
	.size	DebugMon_Handler, .Lfunc_end6-DebugMon_Handler
	.cfi_endproc
	.cantunwind
	.fnend
                                        @ -- End function
	.section	.text.PendSV_Handler,"ax",%progbits
	.hidden	PendSV_Handler          @ -- Begin function PendSV_Handler
	.globl	PendSV_Handler
	.p2align	1
	.type	PendSV_Handler,%function
	.code	16                      @ @PendSV_Handler
	.thumb_func
PendSV_Handler:
.Lfunc_begin7:
	.loc	1 136 0                 @ ../User/gd32e230_it.c:136:0
	.fnstart
	.cfi_startproc
@ %bb.0:
	.loc	1 137 1 prologue_end    @ ../User/gd32e230_it.c:137:1
	bx	lr
.Ltmp7:
.Lfunc_end7:
	.size	PendSV_Handler, .Lfunc_end7-PendSV_Handler
	.cfi_endproc
	.cantunwind
	.fnend
                                        @ -- End function
	.section	.text.SysTick_Handler,"ax",%progbits
	.hidden	SysTick_Handler         @ -- Begin function SysTick_Handler
	.globl	SysTick_Handler
	.p2align	1
	.type	SysTick_Handler,%function
	.code	16                      @ @SysTick_Handler
	.thumb_func
SysTick_Handler:
.Lfunc_begin8:
	.loc	1 146 0                 @ ../User/gd32e230_it.c:146:0
	.fnstart
	.cfi_startproc
@ %bb.0:
	.save	{r7, lr}
	push	{r7, lr}
	.cfi_def_cfa_offset 8
	.cfi_offset lr, -4
	.cfi_offset r7, -8
.Ltmp8:
	.loc	1 147 5 prologue_end    @ ../User/gd32e230_it.c:147:5
	bl	delay_decrement
	.loc	1 148 1                 @ ../User/gd32e230_it.c:148:1
	pop	{r7, pc}
.Ltmp9:
.Lfunc_end8:
	.size	SysTick_Handler, .Lfunc_end8-SysTick_Handler
	.cfi_endproc
	.cantunwind
	.fnend
                                        @ -- End function
	.section	.debug_str,"MS",%progbits,1
.Linfo_string0:
	.asciz	"Component: ARM Compiler 6.14 Tool: armclang [5db06c00]" @ string offset=0
.Linfo_string1:
	.asciz	"../User\\gd32e230_it.c" @ string offset=55
.Linfo_string2:
	.asciz	"E:\\Soway\\Soway_product-soft\\105 - T119-GD\\E230 -  ds18b20-F8\\MDK-ARM" @ string offset=77
.Linfo_string3:
	.asciz	"NMI_Handler"           @ string offset=146
.Linfo_string4:
	.asciz	"HardFault_Handler"     @ string offset=158
.Linfo_string5:
	.asciz	"MemManage_Handler"     @ string offset=176
.Linfo_string6:
	.asciz	"BusFault_Handler"      @ string offset=194
.Linfo_string7:
	.asciz	"UsageFault_Handler"    @ string offset=211
.Linfo_string8:
	.asciz	"SVC_Handler"           @ string offset=230
.Linfo_string9:
	.asciz	"DebugMon_Handler"      @ string offset=242
.Linfo_string10:
	.asciz	"PendSV_Handler"        @ string offset=259
.Linfo_string11:
	.asciz	"SysTick_Handler"       @ string offset=274
	.section	.debug_abbrev,"",%progbits
	.byte	1                       @ Abbreviation Code
	.byte	17                      @ DW_TAG_compile_unit
	.byte	1                       @ DW_CHILDREN_yes
	.byte	37                      @ DW_AT_producer
	.byte	14                      @ DW_FORM_strp
	.byte	19                      @ DW_AT_language
	.byte	5                       @ DW_FORM_data2
	.byte	3                       @ DW_AT_name
	.byte	14                      @ DW_FORM_strp
	.byte	16                      @ DW_AT_stmt_list
	.byte	6                       @ DW_FORM_data4
	.byte	27                      @ DW_AT_comp_dir
	.byte	14                      @ DW_FORM_strp
	.byte	17                      @ DW_AT_low_pc
	.byte	1                       @ DW_FORM_addr
	.byte	85                      @ DW_AT_ranges
	.byte	6                       @ DW_FORM_data4
	.byte	0                       @ EOM(1)
	.byte	0                       @ EOM(2)
	.byte	2                       @ Abbreviation Code
	.byte	46                      @ DW_TAG_subprogram
	.byte	0                       @ DW_CHILDREN_no
	.byte	17                      @ DW_AT_low_pc
	.byte	1                       @ DW_FORM_addr
	.byte	18                      @ DW_AT_high_pc
	.byte	1                       @ DW_FORM_addr
	.byte	64                      @ DW_AT_frame_base
	.byte	10                      @ DW_FORM_block1
	.byte	3                       @ DW_AT_name
	.byte	14                      @ DW_FORM_strp
	.byte	58                      @ DW_AT_decl_file
	.byte	11                      @ DW_FORM_data1
	.byte	59                      @ DW_AT_decl_line
	.byte	11                      @ DW_FORM_data1
	.byte	39                      @ DW_AT_prototyped
	.byte	12                      @ DW_FORM_flag
	.byte	63                      @ DW_AT_external
	.byte	12                      @ DW_FORM_flag
	.byte	0                       @ EOM(1)
	.byte	0                       @ EOM(2)
	.byte	0                       @ EOM(3)
	.section	.debug_info,"",%progbits
.Lcu_begin0:
	.long	.Ldebug_info_end0-.Ldebug_info_start0 @ Length of Unit
.Ldebug_info_start0:
	.short	3                       @ DWARF version number
	.long	.debug_abbrev           @ Offset Into Abbrev. Section
	.byte	4                       @ Address Size (in bytes)
	.byte	1                       @ Abbrev [1] 0xb:0xc7 DW_TAG_compile_unit
	.long	.Linfo_string0          @ DW_AT_producer
	.short	12                      @ DW_AT_language
	.long	.Linfo_string1          @ DW_AT_name
	.long	.Lline_table_start0     @ DW_AT_stmt_list
	.long	.Linfo_string2          @ DW_AT_comp_dir
	.long	0                       @ DW_AT_low_pc
	.long	.Ldebug_ranges0         @ DW_AT_ranges
	.byte	2                       @ Abbrev [2] 0x26:0x13 DW_TAG_subprogram
	.long	.Lfunc_begin0           @ DW_AT_low_pc
	.long	.Lfunc_end0             @ DW_AT_high_pc
	.byte	1                       @ DW_AT_frame_base
	.byte	93
	.long	.Linfo_string3          @ DW_AT_name
	.byte	1                       @ DW_AT_decl_file
	.byte	53                      @ DW_AT_decl_line
	.byte	1                       @ DW_AT_prototyped
	.byte	1                       @ DW_AT_external
	.byte	2                       @ Abbrev [2] 0x39:0x13 DW_TAG_subprogram
	.long	.Lfunc_begin1           @ DW_AT_low_pc
	.long	.Lfunc_end1             @ DW_AT_high_pc
	.byte	1                       @ DW_AT_frame_base
	.byte	93
	.long	.Linfo_string4          @ DW_AT_name
	.byte	1                       @ DW_AT_decl_file
	.byte	63                      @ DW_AT_decl_line
	.byte	1                       @ DW_AT_prototyped
	.byte	1                       @ DW_AT_external
	.byte	2                       @ Abbrev [2] 0x4c:0x13 DW_TAG_subprogram
	.long	.Lfunc_begin2           @ DW_AT_low_pc
	.long	.Lfunc_end2             @ DW_AT_high_pc
	.byte	1                       @ DW_AT_frame_base
	.byte	93
	.long	.Linfo_string5          @ DW_AT_name
	.byte	1                       @ DW_AT_decl_file
	.byte	76                      @ DW_AT_decl_line
	.byte	1                       @ DW_AT_prototyped
	.byte	1                       @ DW_AT_external
	.byte	2                       @ Abbrev [2] 0x5f:0x13 DW_TAG_subprogram
	.long	.Lfunc_begin3           @ DW_AT_low_pc
	.long	.Lfunc_end3             @ DW_AT_high_pc
	.byte	1                       @ DW_AT_frame_base
	.byte	93
	.long	.Linfo_string6          @ DW_AT_name
	.byte	1                       @ DW_AT_decl_file
	.byte	89                      @ DW_AT_decl_line
	.byte	1                       @ DW_AT_prototyped
	.byte	1                       @ DW_AT_external
	.byte	2                       @ Abbrev [2] 0x72:0x13 DW_TAG_subprogram
	.long	.Lfunc_begin4           @ DW_AT_low_pc
	.long	.Lfunc_end4             @ DW_AT_high_pc
	.byte	1                       @ DW_AT_frame_base
	.byte	93
	.long	.Linfo_string7          @ DW_AT_name
	.byte	1                       @ DW_AT_decl_file
	.byte	102                     @ DW_AT_decl_line
	.byte	1                       @ DW_AT_prototyped
	.byte	1                       @ DW_AT_external
	.byte	2                       @ Abbrev [2] 0x85:0x13 DW_TAG_subprogram
	.long	.Lfunc_begin5           @ DW_AT_low_pc
	.long	.Lfunc_end5             @ DW_AT_high_pc
	.byte	1                       @ DW_AT_frame_base
	.byte	93
	.long	.Linfo_string8          @ DW_AT_name
	.byte	1                       @ DW_AT_decl_file
	.byte	115                     @ DW_AT_decl_line
	.byte	1                       @ DW_AT_prototyped
	.byte	1                       @ DW_AT_external
	.byte	2                       @ Abbrev [2] 0x98:0x13 DW_TAG_subprogram
	.long	.Lfunc_begin6           @ DW_AT_low_pc
	.long	.Lfunc_end6             @ DW_AT_high_pc
	.byte	1                       @ DW_AT_frame_base
	.byte	93
	.long	.Linfo_string9          @ DW_AT_name
	.byte	1                       @ DW_AT_decl_file
	.byte	125                     @ DW_AT_decl_line
	.byte	1                       @ DW_AT_prototyped
	.byte	1                       @ DW_AT_external
	.byte	2                       @ Abbrev [2] 0xab:0x13 DW_TAG_subprogram
	.long	.Lfunc_begin7           @ DW_AT_low_pc
	.long	.Lfunc_end7             @ DW_AT_high_pc
	.byte	1                       @ DW_AT_frame_base
	.byte	93
	.long	.Linfo_string10         @ DW_AT_name
	.byte	1                       @ DW_AT_decl_file
	.byte	135                     @ DW_AT_decl_line
	.byte	1                       @ DW_AT_prototyped
	.byte	1                       @ DW_AT_external
	.byte	2                       @ Abbrev [2] 0xbe:0x13 DW_TAG_subprogram
	.long	.Lfunc_begin8           @ DW_AT_low_pc
	.long	.Lfunc_end8             @ DW_AT_high_pc
	.byte	1                       @ DW_AT_frame_base
	.byte	93
	.long	.Linfo_string11         @ DW_AT_name
	.byte	1                       @ DW_AT_decl_file
	.byte	145                     @ DW_AT_decl_line
	.byte	1                       @ DW_AT_prototyped
	.byte	1                       @ DW_AT_external
	.byte	0                       @ End Of Children Mark
.Ldebug_info_end0:
	.section	.debug_ranges,"",%progbits
.Ldebug_ranges0:
	.long	.Lfunc_begin0
	.long	.Lfunc_end0
	.long	.Lfunc_begin1
	.long	.Lfunc_end1
	.long	.Lfunc_begin2
	.long	.Lfunc_end2
	.long	.Lfunc_begin3
	.long	.Lfunc_end3
	.long	.Lfunc_begin4
	.long	.Lfunc_end4
	.long	.Lfunc_begin5
	.long	.Lfunc_end5
	.long	.Lfunc_begin6
	.long	.Lfunc_end6
	.long	.Lfunc_begin7
	.long	.Lfunc_end7
	.long	.Lfunc_begin8
	.long	.Lfunc_end8
	.long	0
	.long	0
	.ident	"Component: ARM Compiler 6.14 Tool: armclang [5db06c00]"
	.section	".note.GNU-stack","",%progbits
	.eabi_attribute	30, 6	@ Tag_ABI_optimization_goals
	.ARM_attribute	16, 1	@ Tag_AV_eba
	.section	.debug_line,"",%progbits
.Lline_table_start0:
