	.text
	.syntax unified
	.eabi_attribute	67, "2.09"	@ Tag_conformance
	.cpu	cortex-m23
	.eabi_attribute	6, 16	@ Tag_CPU_arch
	.eabi_attribute	7, 77	@ Tag_CPU_arch_profile
	.eabi_attribute	8, 0	@ Tag_ARM_ISA_use
	.eabi_attribute	9, 3	@ Tag_THUMB_ISA_use
	.eabi_attribute	34, 0	@ Tag_CPU_unaligned_access
	.eabi_attribute	17, 1	@ Tag_ABI_PCS_GOT_use
	.eabi_attribute	20, 2	@ Tag_ABI_FP_denormal
	.eabi_attribute	21, 0	@ Tag_ABI_FP_exceptions
	.eabi_attribute	23, 1	@ Tag_ABI_FP_number_model
	.eabi_attribute	24, 1	@ Tag_ABI_align_needed
	.eabi_attribute	25, 1	@ Tag_ABI_align_preserved
	.eabi_attribute	38, 1	@ Tag_ABI_FP_16bit_format
	.eabi_attribute	18, 2	@ Tag_ABI_PCS_wchar_t
	.eabi_attribute	26, 1	@ Tag_ABI_enum_size
	.eabi_attribute	14, 0	@ Tag_ABI_PCS_R9_use
	.file	"gd32e230_pmu.c"
	.file	1 "D:\\Keil_v5\\ARM\\ARMCLANG\\Bin\\..\\include" "stdint.h"
	.file	2 "E:\\Soway\\Soway_product-soft\\105 - T119-GD\\E230 -  ds18b20-F8\\MDK-ARM" "../GD32E230_Firmware_Library/GD32E230_standard_peripheral/Source/gd32e230_pmu.c"
	.file	3 "E:\\Soway\\Soway_product-soft\\105 - T119-GD\\E230 -  ds18b20-F8\\MDK-ARM" "../GD32E230_Firmware_Library/GD32E230_standard_peripheral/Include\\gd32e230_rcu.h"
	.file	4 "E:\\Soway\\Soway_product-soft\\105 - T119-GD\\E230 -  ds18b20-F8\\MDK-ARM" "../GD32E230_Firmware_Library/CMSIS/GD/GD32E230/Include\\gd32e230.h"
	.file	5 "D:/Program Files\\Packs\\ARM\\CMSIS\\5.7.0\\CMSIS\\Core\\Include" "core_cm23.h"
	.section	.text.pmu_deinit,"ax",%progbits
	.hidden	pmu_deinit              @ -- Begin function pmu_deinit
	.globl	pmu_deinit
	.p2align	2
	.type	pmu_deinit,%function
	.code	16                      @ @pmu_deinit
	.thumb_func
pmu_deinit:
.Lfunc_begin0:
	.loc	2 46 0                  @ ../GD32E230_Firmware_Library/GD32E230_standard_peripheral/Source/gd32e230_pmu.c:46:0
	.fnstart
	.cfi_sections .debug_frame
	.cfi_startproc
@ %bb.0:
	.save	{r7, lr}
	push	{r7, lr}
	.cfi_def_cfa_offset 8
	.cfi_offset lr, -4
	.cfi_offset r7, -8
	.pad	#8
	sub	sp, #8
	.cfi_def_cfa_offset 16
	ldr	r0, __arm_cp.0_0
.Ltmp0:
	.loc	2 48 5 prologue_end     @ ../GD32E230_Firmware_Library/GD32E230_standard_peripheral/Source/gd32e230_pmu.c:48:5
	str	r0, [sp, #4]            @ 4-byte Spill
	bl	rcu_periph_reset_enable
	.loc	2 49 5                  @ ../GD32E230_Firmware_Library/GD32E230_standard_peripheral/Source/gd32e230_pmu.c:49:5
	ldr	r0, [sp, #4]            @ 4-byte Reload
	bl	rcu_periph_reset_disable
	.loc	2 50 1                  @ ../GD32E230_Firmware_Library/GD32E230_standard_peripheral/Source/gd32e230_pmu.c:50:1
	add	sp, #8
	pop	{r7, pc}
.Ltmp1:
	.p2align	2
@ %bb.1:
	.loc	2 0 1 is_stmt 0         @ ../GD32E230_Firmware_Library/GD32E230_standard_peripheral/Source/gd32e230_pmu.c:0:1
__arm_cp.0_0:
	.long	1052                    @ 0x41c
.Lcpi_end0:
	.size	__arm_cp.0_0, .Lcpi_end0-__arm_cp.0_0
.Lfunc_end0:
	.size	pmu_deinit, .Lfunc_end0-pmu_deinit
	.cfi_endproc
	.cantunwind
	.fnend
                                        @ -- End function
	.section	.text.pmu_lvd_select,"ax",%progbits
	.hidden	pmu_lvd_select          @ -- Begin function pmu_lvd_select
	.globl	pmu_lvd_select
	.p2align	2
	.type	pmu_lvd_select,%function
	.code	16                      @ @pmu_lvd_select
	.thumb_func
pmu_lvd_select:
.Lfunc_begin1:
	.loc	2 68 0 is_stmt 1        @ ../GD32E230_Firmware_Library/GD32E230_standard_peripheral/Source/gd32e230_pmu.c:68:0
	.fnstart
	.cfi_startproc
@ %bb.0:
	.pad	#4
	sub	sp, #4
	.cfi_def_cfa_offset 4
	str	r0, [sp]
	ldr	r0, __arm_cp.1_0
.Ltmp2:
	.loc	2 70 13 prologue_end    @ ../GD32E230_Firmware_Library/GD32E230_standard_peripheral/Source/gd32e230_pmu.c:70:13
	ldr	r1, [r0]
	movs	r2, #16
	bics	r1, r2
	str	r1, [r0]
	.loc	2 72 13                 @ ../GD32E230_Firmware_Library/GD32E230_standard_peripheral/Source/gd32e230_pmu.c:72:13
	ldr	r1, [r0]
	movs	r3, #224
	bics	r1, r3
	str	r1, [r0]
	.loc	2 74 16                 @ ../GD32E230_Firmware_Library/GD32E230_standard_peripheral/Source/gd32e230_pmu.c:74:16
	ldr	r1, [sp]
	.loc	2 74 13 is_stmt 0       @ ../GD32E230_Firmware_Library/GD32E230_standard_peripheral/Source/gd32e230_pmu.c:74:13
	ldr	r3, [r0]
	orrs	r3, r1
	str	r3, [r0]
	.loc	2 76 13 is_stmt 1       @ ../GD32E230_Firmware_Library/GD32E230_standard_peripheral/Source/gd32e230_pmu.c:76:13
	ldr	r1, [r0]
	orrs	r1, r2
	str	r1, [r0]
	.loc	2 77 1                  @ ../GD32E230_Firmware_Library/GD32E230_standard_peripheral/Source/gd32e230_pmu.c:77:1
	add	sp, #4
	bx	lr
.Ltmp3:
	.p2align	2
@ %bb.1:
	.loc	2 0 1 is_stmt 0         @ ../GD32E230_Firmware_Library/GD32E230_standard_peripheral/Source/gd32e230_pmu.c:0:1
__arm_cp.1_0:
	.long	1073770496              @ 0x40007000
.Lcpi_end1:
	.size	__arm_cp.1_0, .Lcpi_end1-__arm_cp.1_0
.Lfunc_end1:
	.size	pmu_lvd_select, .Lfunc_end1-pmu_lvd_select
	.cfi_endproc
	.cantunwind
	.fnend
                                        @ -- End function
	.section	.text.pmu_ldo_output_select,"ax",%progbits
	.hidden	pmu_ldo_output_select   @ -- Begin function pmu_ldo_output_select
	.globl	pmu_ldo_output_select
	.p2align	2
	.type	pmu_ldo_output_select,%function
	.code	16                      @ @pmu_ldo_output_select
	.thumb_func
pmu_ldo_output_select:
.Lfunc_begin2:
	.loc	2 90 0 is_stmt 1        @ ../GD32E230_Firmware_Library/GD32E230_standard_peripheral/Source/gd32e230_pmu.c:90:0
	.fnstart
	.cfi_startproc
@ %bb.0:
	.pad	#4
	sub	sp, #4
	.cfi_def_cfa_offset 4
	str	r0, [sp]
	ldr	r0, __arm_cp.2_0
.Ltmp4:
	.loc	2 91 13 prologue_end    @ ../GD32E230_Firmware_Library/GD32E230_standard_peripheral/Source/gd32e230_pmu.c:91:13
	ldr	r1, [r0]
	movw	r2, #49152
	bics	r1, r2
	str	r1, [r0]
	.loc	2 92 16                 @ ../GD32E230_Firmware_Library/GD32E230_standard_peripheral/Source/gd32e230_pmu.c:92:16
	ldr	r1, [sp]
	.loc	2 92 13 is_stmt 0       @ ../GD32E230_Firmware_Library/GD32E230_standard_peripheral/Source/gd32e230_pmu.c:92:13
	ldr	r2, [r0]
	orrs	r2, r1
	str	r2, [r0]
	.loc	2 93 1 is_stmt 1        @ ../GD32E230_Firmware_Library/GD32E230_standard_peripheral/Source/gd32e230_pmu.c:93:1
	add	sp, #4
	bx	lr
.Ltmp5:
	.p2align	2
@ %bb.1:
	.loc	2 0 1 is_stmt 0         @ ../GD32E230_Firmware_Library/GD32E230_standard_peripheral/Source/gd32e230_pmu.c:0:1
__arm_cp.2_0:
	.long	1073770496              @ 0x40007000
.Lcpi_end2:
	.size	__arm_cp.2_0, .Lcpi_end2-__arm_cp.2_0
.Lfunc_end2:
	.size	pmu_ldo_output_select, .Lfunc_end2-pmu_ldo_output_select
	.cfi_endproc
	.cantunwind
	.fnend
                                        @ -- End function
	.section	.text.pmu_lvd_disable,"ax",%progbits
	.hidden	pmu_lvd_disable         @ -- Begin function pmu_lvd_disable
	.globl	pmu_lvd_disable
	.p2align	2
	.type	pmu_lvd_disable,%function
	.code	16                      @ @pmu_lvd_disable
	.thumb_func
pmu_lvd_disable:
.Lfunc_begin3:
	.loc	2 102 0 is_stmt 1       @ ../GD32E230_Firmware_Library/GD32E230_standard_peripheral/Source/gd32e230_pmu.c:102:0
	.fnstart
	.cfi_startproc
@ %bb.0:
	ldr	r0, __arm_cp.3_0
.Ltmp6:
	.loc	2 104 13 prologue_end   @ ../GD32E230_Firmware_Library/GD32E230_standard_peripheral/Source/gd32e230_pmu.c:104:13
	ldr	r1, [r0]
	movs	r2, #16
	bics	r1, r2
	str	r1, [r0]
	.loc	2 105 1                 @ ../GD32E230_Firmware_Library/GD32E230_standard_peripheral/Source/gd32e230_pmu.c:105:1
	bx	lr
.Ltmp7:
	.p2align	2
@ %bb.1:
	.loc	2 0 1 is_stmt 0         @ ../GD32E230_Firmware_Library/GD32E230_standard_peripheral/Source/gd32e230_pmu.c:0:1
__arm_cp.3_0:
	.long	1073770496              @ 0x40007000
.Lcpi_end3:
	.size	__arm_cp.3_0, .Lcpi_end3-__arm_cp.3_0
.Lfunc_end3:
	.size	pmu_lvd_disable, .Lfunc_end3-pmu_lvd_disable
	.cfi_endproc
	.cantunwind
	.fnend
                                        @ -- End function
	.section	.text.pmu_to_sleepmode,"ax",%progbits
	.hidden	pmu_to_sleepmode        @ -- Begin function pmu_to_sleepmode
	.globl	pmu_to_sleepmode
	.p2align	2
	.type	pmu_to_sleepmode,%function
	.code	16                      @ @pmu_to_sleepmode
	.thumb_func
pmu_to_sleepmode:
.Lfunc_begin4:
	.loc	2 117 0 is_stmt 1       @ ../GD32E230_Firmware_Library/GD32E230_standard_peripheral/Source/gd32e230_pmu.c:117:0
	.fnstart
	.cfi_startproc
@ %bb.0:
	.save	{r4, lr}
	push	{r4, lr}
	.cfi_def_cfa_offset 8
	.cfi_offset lr, -4
	.cfi_offset r4, -8
	.pad	#4
	sub	sp, #4
	.cfi_def_cfa_offset 12
	mov	r1, r0
	mov	r2, sp
	strb	r0, [r2]
	ldr	r0, __arm_cp.4_0
.Ltmp8:
	.loc	2 119 14 prologue_end   @ ../GD32E230_Firmware_Library/GD32E230_standard_peripheral/Source/gd32e230_pmu.c:119:14
	ldr	r3, [r0]
	movs	r4, #4
	bics	r3, r4
	str	r3, [r0]
.Ltmp9:
	.loc	2 122 19                @ ../GD32E230_Firmware_Library/GD32E230_standard_peripheral/Source/gd32e230_pmu.c:122:19
	ldrb	r0, [r2]
.Ltmp10:
	.loc	2 122 8 is_stmt 0       @ ../GD32E230_Firmware_Library/GD32E230_standard_peripheral/Source/gd32e230_pmu.c:122:8
	cmp	r0, #0
	bne	.LBB4_2
	b	.LBB4_1
.LBB4_1:
.Ltmp11:
	.loc	2 123 9 is_stmt 1       @ ../GD32E230_Firmware_Library/GD32E230_standard_peripheral/Source/gd32e230_pmu.c:123:9
	wfi
	.loc	2 124 5                 @ ../GD32E230_Firmware_Library/GD32E230_standard_peripheral/Source/gd32e230_pmu.c:124:5
	b	.LBB4_3
.Ltmp12:
.LBB4_2:
	.loc	2 125 9                 @ ../GD32E230_Firmware_Library/GD32E230_standard_peripheral/Source/gd32e230_pmu.c:125:9
	wfe
	b	.LBB4_3
.Ltmp13:
.LBB4_3:
	.loc	2 127 1                 @ ../GD32E230_Firmware_Library/GD32E230_standard_peripheral/Source/gd32e230_pmu.c:127:1
	add	sp, #4
	pop	{r4, pc}
.Ltmp14:
	.p2align	2
@ %bb.4:
	.loc	2 0 1 is_stmt 0         @ ../GD32E230_Firmware_Library/GD32E230_standard_peripheral/Source/gd32e230_pmu.c:0:1
__arm_cp.4_0:
	.long	3758157072              @ 0xe000ed10
.Lcpi_end4:
	.size	__arm_cp.4_0, .Lcpi_end4-__arm_cp.4_0
.Lfunc_end4:
	.size	pmu_to_sleepmode, .Lfunc_end4-pmu_to_sleepmode
	.cfi_endproc
	.cantunwind
	.fnend
                                        @ -- End function
	.section	.text.pmu_to_deepsleepmode,"ax",%progbits
	.hidden	pmu_to_deepsleepmode    @ -- Begin function pmu_to_deepsleepmode
	.globl	pmu_to_deepsleepmode
	.p2align	2
	.type	pmu_to_deepsleepmode,%function
	.code	16                      @ @pmu_to_deepsleepmode
	.thumb_func
pmu_to_deepsleepmode:
.Lfunc_begin5:
	.loc	2 143 0 is_stmt 1       @ ../GD32E230_Firmware_Library/GD32E230_standard_peripheral/Source/gd32e230_pmu.c:143:0
	.fnstart
	.cfi_startproc
@ %bb.0:
	.save	{r4, lr}
	push	{r4, lr}
	.cfi_def_cfa_offset 8
	.cfi_offset lr, -4
	.cfi_offset r4, -8
	.pad	#8
	sub	sp, #8
	.cfi_def_cfa_offset 16
	mov	r2, r1
	str	r0, [sp, #4]
	mov	r0, sp
	strb	r1, [r0]
	ldr	r1, __arm_cp.5_0
.Ltmp15:
	.loc	2 146 13 prologue_end   @ ../GD32E230_Firmware_Library/GD32E230_standard_peripheral/Source/gd32e230_pmu.c:146:13
	ldr	r3, [r1]
	movs	r4, #3
	bics	r3, r4
	str	r3, [r1]
	.loc	2 149 16                @ ../GD32E230_Firmware_Library/GD32E230_standard_peripheral/Source/gd32e230_pmu.c:149:16
	ldr	r3, [sp, #4]
	.loc	2 149 13 is_stmt 0      @ ../GD32E230_Firmware_Library/GD32E230_standard_peripheral/Source/gd32e230_pmu.c:149:13
	ldr	r4, [r1]
	orrs	r4, r3
	str	r4, [r1]
	ldr	r1, __arm_cp.5_1
	.loc	2 152 14 is_stmt 1      @ ../GD32E230_Firmware_Library/GD32E230_standard_peripheral/Source/gd32e230_pmu.c:152:14
	ldr	r3, [r1]
	movs	r4, #4
	orrs	r3, r4
	str	r3, [r1]
	ldr	r1, __arm_cp.5_2
	.loc	2 154 21                @ ../GD32E230_Firmware_Library/GD32E230_standard_peripheral/Source/gd32e230_pmu.c:154:21
	ldr	r3, [r1]
	.loc	2 154 19 is_stmt 0      @ ../GD32E230_Firmware_Library/GD32E230_standard_peripheral/Source/gd32e230_pmu.c:154:19
	ldr	r4, __arm_cp.5_3
	str	r3, [r4]
	ldr	r3, __arm_cp.5_4
	.loc	2 155 21 is_stmt 1      @ ../GD32E230_Firmware_Library/GD32E230_standard_peripheral/Source/gd32e230_pmu.c:155:21
	ldr	r3, [r3]
	.loc	2 155 19 is_stmt 0      @ ../GD32E230_Firmware_Library/GD32E230_standard_peripheral/Source/gd32e230_pmu.c:155:19
	str	r3, [r4, #4]
	ldr	r3, __arm_cp.5_5
	.loc	2 156 21 is_stmt 1      @ ../GD32E230_Firmware_Library/GD32E230_standard_peripheral/Source/gd32e230_pmu.c:156:21
	ldr	r3, [r3]
	.loc	2 156 19 is_stmt 0      @ ../GD32E230_Firmware_Library/GD32E230_standard_peripheral/Source/gd32e230_pmu.c:156:19
	str	r3, [r4, #8]
	.loc	2 158 26 is_stmt 1      @ ../GD32E230_Firmware_Library/GD32E230_standard_peripheral/Source/gd32e230_pmu.c:158:26
	ldr	r3, [r1]
	ldr	r4, __arm_cp.5_6
	ands	r3, r4
	str	r3, [r1]
	ldr	r1, __arm_cp.5_7
	ldr	r3, __arm_cp.5_8
	.loc	2 159 27                @ ../GD32E230_Firmware_Library/GD32E230_standard_peripheral/Source/gd32e230_pmu.c:159:27
	str	r3, [r1]
	movs	r1, #0
	mvns	r1, r1
	ldr	r3, __arm_cp.5_9
	.loc	2 160 27                @ ../GD32E230_Firmware_Library/GD32E230_standard_peripheral/Source/gd32e230_pmu.c:160:27
	str	r1, [r3]
.Ltmp16:
	.loc	2 163 19                @ ../GD32E230_Firmware_Library/GD32E230_standard_peripheral/Source/gd32e230_pmu.c:163:19
	ldrb	r0, [r0]
.Ltmp17:
	.loc	2 163 8 is_stmt 0       @ ../GD32E230_Firmware_Library/GD32E230_standard_peripheral/Source/gd32e230_pmu.c:163:8
	cmp	r0, #0
	bne	.LBB5_2
	b	.LBB5_1
.LBB5_1:
.Ltmp18:
	.loc	2 164 9 is_stmt 1       @ ../GD32E230_Firmware_Library/GD32E230_standard_peripheral/Source/gd32e230_pmu.c:164:9
	wfi
	.loc	2 165 5                 @ ../GD32E230_Firmware_Library/GD32E230_standard_peripheral/Source/gd32e230_pmu.c:165:5
	b	.LBB5_3
.Ltmp19:
.LBB5_2:
	.loc	2 166 9                 @ ../GD32E230_Firmware_Library/GD32E230_standard_peripheral/Source/gd32e230_pmu.c:166:9
	sev
	.loc	2 167 9                 @ ../GD32E230_Firmware_Library/GD32E230_standard_peripheral/Source/gd32e230_pmu.c:167:9
	wfe
	.loc	2 168 9                 @ ../GD32E230_Firmware_Library/GD32E230_standard_peripheral/Source/gd32e230_pmu.c:168:9
	wfe
	b	.LBB5_3
.Ltmp20:
.LBB5_3:
	.loc	2 171 28                @ ../GD32E230_Firmware_Library/GD32E230_standard_peripheral/Source/gd32e230_pmu.c:171:28
	ldr	r0, __arm_cp.5_3
	ldr	r1, [r0]
	ldr	r2, __arm_cp.5_2
	.loc	2 171 26 is_stmt 0      @ ../GD32E230_Firmware_Library/GD32E230_standard_peripheral/Source/gd32e230_pmu.c:171:26
	str	r1, [r2]
	.loc	2 172 28 is_stmt 1      @ ../GD32E230_Firmware_Library/GD32E230_standard_peripheral/Source/gd32e230_pmu.c:172:28
	ldr	r1, [r0, #4]
	ldr	r2, __arm_cp.5_4
	.loc	2 172 26 is_stmt 0      @ ../GD32E230_Firmware_Library/GD32E230_standard_peripheral/Source/gd32e230_pmu.c:172:26
	str	r1, [r2]
	.loc	2 173 28 is_stmt 1      @ ../GD32E230_Firmware_Library/GD32E230_standard_peripheral/Source/gd32e230_pmu.c:173:28
	ldr	r0, [r0, #8]
	ldr	r1, __arm_cp.5_5
	.loc	2 173 26 is_stmt 0      @ ../GD32E230_Firmware_Library/GD32E230_standard_peripheral/Source/gd32e230_pmu.c:173:26
	str	r0, [r1]
	ldr	r0, __arm_cp.5_1
	.loc	2 176 14 is_stmt 1      @ ../GD32E230_Firmware_Library/GD32E230_standard_peripheral/Source/gd32e230_pmu.c:176:14
	ldr	r1, [r0]
	movs	r2, #4
	bics	r1, r2
	str	r1, [r0]
	.loc	2 177 1                 @ ../GD32E230_Firmware_Library/GD32E230_standard_peripheral/Source/gd32e230_pmu.c:177:1
	add	sp, #8
	pop	{r4, pc}
.Ltmp21:
	.p2align	2
@ %bb.4:
	.loc	2 0 1 is_stmt 0         @ ../GD32E230_Firmware_Library/GD32E230_standard_peripheral/Source/gd32e230_pmu.c:0:1
__arm_cp.5_0:
	.long	1073770496              @ 0x40007000
.Lcpi_end5:
	.size	__arm_cp.5_0, .Lcpi_end5-__arm_cp.5_0
__arm_cp.5_1:
	.long	3758157072              @ 0xe000ed10
.Lcpi_end6:
	.size	__arm_cp.5_1, .Lcpi_end6-__arm_cp.5_1
__arm_cp.5_2:
	.long	3758153744              @ 0xe000e010
.Lcpi_end7:
	.size	__arm_cp.5_2, .Lcpi_end7-__arm_cp.5_2
__arm_cp.5_3:
	.long	pmu_to_deepsleepmode.reg_snap
.Lcpi_end8:
	.size	__arm_cp.5_3, .Lcpi_end8-__arm_cp.5_3
__arm_cp.5_4:
	.long	3758153984              @ 0xe000e100
.Lcpi_end9:
	.size	__arm_cp.5_4, .Lcpi_end9-__arm_cp.5_4
__arm_cp.5_5:
	.long	3758153988              @ 0xe000e104
.Lcpi_end10:
	.size	__arm_cp.5_5, .Lcpi_end10-__arm_cp.5_5
__arm_cp.5_6:
	.long	65540                   @ 0x10004
.Lcpi_end11:
	.size	__arm_cp.5_6, .Lcpi_end11-__arm_cp.5_6
__arm_cp.5_7:
	.long	3758154112              @ 0xe000e180
.Lcpi_end12:
	.size	__arm_cp.5_7, .Lcpi_end12-__arm_cp.5_7
__arm_cp.5_8:
	.long	4160745241              @ 0xf7ffef19
.Lcpi_end13:
	.size	__arm_cp.5_8, .Lcpi_end13-__arm_cp.5_8
__arm_cp.5_9:
	.long	3758154116              @ 0xe000e184
.Lcpi_end14:
	.size	__arm_cp.5_9, .Lcpi_end14-__arm_cp.5_9
.Lfunc_end5:
	.size	pmu_to_deepsleepmode, .Lfunc_end5-pmu_to_deepsleepmode
	.cfi_endproc
	.cantunwind
	.fnend
                                        @ -- End function
	.section	.text.pmu_to_standbymode,"ax",%progbits
	.hidden	pmu_to_standbymode      @ -- Begin function pmu_to_standbymode
	.globl	pmu_to_standbymode
	.p2align	2
	.type	pmu_to_standbymode,%function
	.code	16                      @ @pmu_to_standbymode
	.thumb_func
pmu_to_standbymode:
.Lfunc_begin6:
	.loc	2 189 0 is_stmt 1       @ ../GD32E230_Firmware_Library/GD32E230_standard_peripheral/Source/gd32e230_pmu.c:189:0
	.fnstart
	.cfi_startproc
@ %bb.0:
	.save	{r4, r5, r7, lr}
	push	{r4, r5, r7, lr}
	.cfi_def_cfa_offset 16
	.cfi_offset lr, -4
	.cfi_offset r7, -8
	.cfi_offset r5, -12
	.cfi_offset r4, -16
	.pad	#4
	sub	sp, #4
	.cfi_def_cfa_offset 20
	mov	r1, r0
	mov	r2, sp
	strb	r0, [r2]
	ldr	r0, __arm_cp.6_0
.Ltmp22:
	.loc	2 191 14 prologue_end   @ ../GD32E230_Firmware_Library/GD32E230_standard_peripheral/Source/gd32e230_pmu.c:191:14
	ldr	r3, [r0]
	movs	r4, #4
	orrs	r3, r4
	str	r3, [r0]
	ldr	r0, __arm_cp.6_1
	.loc	2 194 13                @ ../GD32E230_Firmware_Library/GD32E230_standard_peripheral/Source/gd32e230_pmu.c:194:13
	ldr	r3, [r0]
	movs	r5, #2
	orrs	r3, r5
	str	r3, [r0]
	.loc	2 197 13                @ ../GD32E230_Firmware_Library/GD32E230_standard_peripheral/Source/gd32e230_pmu.c:197:13
	ldr	r3, [r0]
	orrs	r3, r4
	str	r3, [r0]
.Ltmp23:
	.loc	2 200 19                @ ../GD32E230_Firmware_Library/GD32E230_standard_peripheral/Source/gd32e230_pmu.c:200:19
	ldrb	r0, [r2]
.Ltmp24:
	.loc	2 200 8 is_stmt 0       @ ../GD32E230_Firmware_Library/GD32E230_standard_peripheral/Source/gd32e230_pmu.c:200:8
	cmp	r0, #0
	bne	.LBB6_2
	b	.LBB6_1
.LBB6_1:
.Ltmp25:
	.loc	2 201 9 is_stmt 1       @ ../GD32E230_Firmware_Library/GD32E230_standard_peripheral/Source/gd32e230_pmu.c:201:9
	wfi
	.loc	2 202 5                 @ ../GD32E230_Firmware_Library/GD32E230_standard_peripheral/Source/gd32e230_pmu.c:202:5
	b	.LBB6_3
.Ltmp26:
.LBB6_2:
	.loc	2 203 9                 @ ../GD32E230_Firmware_Library/GD32E230_standard_peripheral/Source/gd32e230_pmu.c:203:9
	wfe
	b	.LBB6_3
.Ltmp27:
.LBB6_3:
	.loc	2 205 1                 @ ../GD32E230_Firmware_Library/GD32E230_standard_peripheral/Source/gd32e230_pmu.c:205:1
	add	sp, #4
	pop	{r4, r5, r7, pc}
.Ltmp28:
	.p2align	2
@ %bb.4:
	.loc	2 0 1 is_stmt 0         @ ../GD32E230_Firmware_Library/GD32E230_standard_peripheral/Source/gd32e230_pmu.c:0:1
__arm_cp.6_0:
	.long	3758157072              @ 0xe000ed10
.Lcpi_end15:
	.size	__arm_cp.6_0, .Lcpi_end15-__arm_cp.6_0
__arm_cp.6_1:
	.long	1073770496              @ 0x40007000
.Lcpi_end16:
	.size	__arm_cp.6_1, .Lcpi_end16-__arm_cp.6_1
.Lfunc_end6:
	.size	pmu_to_standbymode, .Lfunc_end6-pmu_to_standbymode
	.cfi_endproc
	.cantunwind
	.fnend
                                        @ -- End function
	.section	.text.pmu_wakeup_pin_enable,"ax",%progbits
	.hidden	pmu_wakeup_pin_enable   @ -- Begin function pmu_wakeup_pin_enable
	.globl	pmu_wakeup_pin_enable
	.p2align	2
	.type	pmu_wakeup_pin_enable,%function
	.code	16                      @ @pmu_wakeup_pin_enable
	.thumb_func
pmu_wakeup_pin_enable:
.Lfunc_begin7:
	.loc	2 219 0 is_stmt 1       @ ../GD32E230_Firmware_Library/GD32E230_standard_peripheral/Source/gd32e230_pmu.c:219:0
	.fnstart
	.cfi_startproc
@ %bb.0:
	.pad	#4
	sub	sp, #4
	.cfi_def_cfa_offset 4
	str	r0, [sp]
.Ltmp29:
	.loc	2 220 15 prologue_end   @ ../GD32E230_Firmware_Library/GD32E230_standard_peripheral/Source/gd32e230_pmu.c:220:15
	ldr	r0, [sp]
	ldr	r1, __arm_cp.7_0
	.loc	2 220 12 is_stmt 0      @ ../GD32E230_Firmware_Library/GD32E230_standard_peripheral/Source/gd32e230_pmu.c:220:12
	ldr	r2, [r1]
	orrs	r2, r0
	str	r2, [r1]
	.loc	2 221 1 is_stmt 1       @ ../GD32E230_Firmware_Library/GD32E230_standard_peripheral/Source/gd32e230_pmu.c:221:1
	add	sp, #4
	bx	lr
.Ltmp30:
	.p2align	2
@ %bb.1:
	.loc	2 0 1 is_stmt 0         @ ../GD32E230_Firmware_Library/GD32E230_standard_peripheral/Source/gd32e230_pmu.c:0:1
__arm_cp.7_0:
	.long	1073770500              @ 0x40007004
.Lcpi_end17:
	.size	__arm_cp.7_0, .Lcpi_end17-__arm_cp.7_0
.Lfunc_end7:
	.size	pmu_wakeup_pin_enable, .Lfunc_end7-pmu_wakeup_pin_enable
	.cfi_endproc
	.cantunwind
	.fnend
                                        @ -- End function
	.section	.text.pmu_wakeup_pin_disable,"ax",%progbits
	.hidden	pmu_wakeup_pin_disable  @ -- Begin function pmu_wakeup_pin_disable
	.globl	pmu_wakeup_pin_disable
	.p2align	2
	.type	pmu_wakeup_pin_disable,%function
	.code	16                      @ @pmu_wakeup_pin_disable
	.thumb_func
pmu_wakeup_pin_disable:
.Lfunc_begin8:
	.loc	2 235 0 is_stmt 1       @ ../GD32E230_Firmware_Library/GD32E230_standard_peripheral/Source/gd32e230_pmu.c:235:0
	.fnstart
	.cfi_startproc
@ %bb.0:
	.pad	#4
	sub	sp, #4
	.cfi_def_cfa_offset 4
	str	r0, [sp]
.Ltmp31:
	.loc	2 236 17 prologue_end   @ ../GD32E230_Firmware_Library/GD32E230_standard_peripheral/Source/gd32e230_pmu.c:236:17
	ldr	r0, [sp]
	ldr	r1, __arm_cp.8_0
	.loc	2 236 12 is_stmt 0      @ ../GD32E230_Firmware_Library/GD32E230_standard_peripheral/Source/gd32e230_pmu.c:236:12
	ldr	r2, [r1]
	bics	r2, r0
	str	r2, [r1]
	.loc	2 237 1 is_stmt 1       @ ../GD32E230_Firmware_Library/GD32E230_standard_peripheral/Source/gd32e230_pmu.c:237:1
	add	sp, #4
	bx	lr
.Ltmp32:
	.p2align	2
@ %bb.1:
	.loc	2 0 1 is_stmt 0         @ ../GD32E230_Firmware_Library/GD32E230_standard_peripheral/Source/gd32e230_pmu.c:0:1
__arm_cp.8_0:
	.long	1073770500              @ 0x40007004
.Lcpi_end18:
	.size	__arm_cp.8_0, .Lcpi_end18-__arm_cp.8_0
.Lfunc_end8:
	.size	pmu_wakeup_pin_disable, .Lfunc_end8-pmu_wakeup_pin_disable
	.cfi_endproc
	.cantunwind
	.fnend
                                        @ -- End function
	.section	.text.pmu_backup_write_enable,"ax",%progbits
	.hidden	pmu_backup_write_enable @ -- Begin function pmu_backup_write_enable
	.globl	pmu_backup_write_enable
	.p2align	2
	.type	pmu_backup_write_enable,%function
	.code	16                      @ @pmu_backup_write_enable
	.thumb_func
pmu_backup_write_enable:
.Lfunc_begin9:
	.loc	2 246 0 is_stmt 1       @ ../GD32E230_Firmware_Library/GD32E230_standard_peripheral/Source/gd32e230_pmu.c:246:0
	.fnstart
	.cfi_startproc
@ %bb.0:
	ldr	r0, __arm_cp.9_0
.Ltmp33:
	.loc	2 247 13 prologue_end   @ ../GD32E230_Firmware_Library/GD32E230_standard_peripheral/Source/gd32e230_pmu.c:247:13
	ldr	r1, [r0]
	movw	r2, #256
	orrs	r1, r2
	str	r1, [r0]
	.loc	2 248 1                 @ ../GD32E230_Firmware_Library/GD32E230_standard_peripheral/Source/gd32e230_pmu.c:248:1
	bx	lr
.Ltmp34:
	.p2align	2
@ %bb.1:
	.loc	2 0 1 is_stmt 0         @ ../GD32E230_Firmware_Library/GD32E230_standard_peripheral/Source/gd32e230_pmu.c:0:1
__arm_cp.9_0:
	.long	1073770496              @ 0x40007000
.Lcpi_end19:
	.size	__arm_cp.9_0, .Lcpi_end19-__arm_cp.9_0
.Lfunc_end9:
	.size	pmu_backup_write_enable, .Lfunc_end9-pmu_backup_write_enable
	.cfi_endproc
	.cantunwind
	.fnend
                                        @ -- End function
	.section	.text.pmu_backup_write_disable,"ax",%progbits
	.hidden	pmu_backup_write_disable @ -- Begin function pmu_backup_write_disable
	.globl	pmu_backup_write_disable
	.p2align	2
	.type	pmu_backup_write_disable,%function
	.code	16                      @ @pmu_backup_write_disable
	.thumb_func
pmu_backup_write_disable:
.Lfunc_begin10:
	.loc	2 257 0 is_stmt 1       @ ../GD32E230_Firmware_Library/GD32E230_standard_peripheral/Source/gd32e230_pmu.c:257:0
	.fnstart
	.cfi_startproc
@ %bb.0:
	ldr	r0, __arm_cp.10_0
.Ltmp35:
	.loc	2 258 13 prologue_end   @ ../GD32E230_Firmware_Library/GD32E230_standard_peripheral/Source/gd32e230_pmu.c:258:13
	ldr	r1, [r0]
	movw	r2, #256
	bics	r1, r2
	str	r1, [r0]
	.loc	2 259 1                 @ ../GD32E230_Firmware_Library/GD32E230_standard_peripheral/Source/gd32e230_pmu.c:259:1
	bx	lr
.Ltmp36:
	.p2align	2
@ %bb.1:
	.loc	2 0 1 is_stmt 0         @ ../GD32E230_Firmware_Library/GD32E230_standard_peripheral/Source/gd32e230_pmu.c:0:1
__arm_cp.10_0:
	.long	1073770496              @ 0x40007000
.Lcpi_end20:
	.size	__arm_cp.10_0, .Lcpi_end20-__arm_cp.10_0
.Lfunc_end10:
	.size	pmu_backup_write_disable, .Lfunc_end10-pmu_backup_write_disable
	.cfi_endproc
	.cantunwind
	.fnend
                                        @ -- End function
	.section	.text.pmu_flag_clear,"ax",%progbits
	.hidden	pmu_flag_clear          @ -- Begin function pmu_flag_clear
	.globl	pmu_flag_clear
	.p2align	2
	.type	pmu_flag_clear,%function
	.code	16                      @ @pmu_flag_clear
	.thumb_func
pmu_flag_clear:
.Lfunc_begin11:
	.loc	2 271 0 is_stmt 1       @ ../GD32E230_Firmware_Library/GD32E230_standard_peripheral/Source/gd32e230_pmu.c:271:0
	.fnstart
	.cfi_startproc
@ %bb.0:
	.pad	#4
	sub	sp, #4
	.cfi_def_cfa_offset 4
	str	r0, [sp]
	mov	r0, sp
.Ltmp37:
	.loc	2 272 8 prologue_end    @ ../GD32E230_Firmware_Library/GD32E230_standard_peripheral/Source/gd32e230_pmu.c:272:8
	ldrb	r0, [r0]
	lsls	r0, r0, #29
	cmp	r0, #0
	bpl	.LBB11_2
	b	.LBB11_1
.LBB11_1:
	.loc	2 0 8 is_stmt 0         @ ../GD32E230_Firmware_Library/GD32E230_standard_peripheral/Source/gd32e230_pmu.c:0:8
	ldr	r0, __arm_cp.11_0
.Ltmp38:
	.loc	2 274 17 is_stmt 1      @ ../GD32E230_Firmware_Library/GD32E230_standard_peripheral/Source/gd32e230_pmu.c:274:17
	ldr	r1, [r0]
	movs	r2, #4
	orrs	r1, r2
	str	r1, [r0]
	.loc	2 275 5                 @ ../GD32E230_Firmware_Library/GD32E230_standard_peripheral/Source/gd32e230_pmu.c:275:5
	b	.LBB11_2
.Ltmp39:
.LBB11_2:
	.loc	2 0 5 is_stmt 0         @ ../GD32E230_Firmware_Library/GD32E230_standard_peripheral/Source/gd32e230_pmu.c:0:5
	mov	r0, sp
	.loc	2 276 8 is_stmt 1       @ ../GD32E230_Firmware_Library/GD32E230_standard_peripheral/Source/gd32e230_pmu.c:276:8
	ldrb	r0, [r0]
	lsls	r0, r0, #28
	cmp	r0, #0
	bpl	.LBB11_4
	b	.LBB11_3
.LBB11_3:
	.loc	2 0 8 is_stmt 0         @ ../GD32E230_Firmware_Library/GD32E230_standard_peripheral/Source/gd32e230_pmu.c:0:8
	ldr	r0, __arm_cp.11_0
.Ltmp40:
	.loc	2 278 17 is_stmt 1      @ ../GD32E230_Firmware_Library/GD32E230_standard_peripheral/Source/gd32e230_pmu.c:278:17
	ldr	r1, [r0]
	movs	r2, #8
	orrs	r1, r2
	str	r1, [r0]
	.loc	2 279 5                 @ ../GD32E230_Firmware_Library/GD32E230_standard_peripheral/Source/gd32e230_pmu.c:279:5
	b	.LBB11_4
.Ltmp41:
.LBB11_4:
	.loc	2 280 1                 @ ../GD32E230_Firmware_Library/GD32E230_standard_peripheral/Source/gd32e230_pmu.c:280:1
	add	sp, #4
	bx	lr
.Ltmp42:
	.p2align	2
@ %bb.5:
	.loc	2 0 1 is_stmt 0         @ ../GD32E230_Firmware_Library/GD32E230_standard_peripheral/Source/gd32e230_pmu.c:0:1
__arm_cp.11_0:
	.long	1073770496              @ 0x40007000
.Lcpi_end21:
	.size	__arm_cp.11_0, .Lcpi_end21-__arm_cp.11_0
.Lfunc_end11:
	.size	pmu_flag_clear, .Lfunc_end11-pmu_flag_clear
	.cfi_endproc
	.cantunwind
	.fnend
                                        @ -- End function
	.section	.text.pmu_flag_get,"ax",%progbits
	.hidden	pmu_flag_get            @ -- Begin function pmu_flag_get
	.globl	pmu_flag_get
	.p2align	2
	.type	pmu_flag_get,%function
	.code	16                      @ @pmu_flag_get
	.thumb_func
pmu_flag_get:
.Lfunc_begin12:
	.loc	2 293 0 is_stmt 1       @ ../GD32E230_Firmware_Library/GD32E230_standard_peripheral/Source/gd32e230_pmu.c:293:0
	.fnstart
	.cfi_startproc
@ %bb.0:
	.pad	#8
	sub	sp, #8
	.cfi_def_cfa_offset 8
	str	r0, [sp, #4]
	mov	r0, sp
	movs	r1, #0
.Ltmp43:
	.loc	2 294 16 prologue_end   @ ../GD32E230_Firmware_Library/GD32E230_standard_peripheral/Source/gd32e230_pmu.c:294:16
	strb	r1, [r0]
	ldr	r0, __arm_cp.12_0
.Ltmp44:
	.loc	2 296 8                 @ ../GD32E230_Firmware_Library/GD32E230_standard_peripheral/Source/gd32e230_pmu.c:296:8
	ldr	r0, [r0]
	.loc	2 296 17 is_stmt 0      @ ../GD32E230_Firmware_Library/GD32E230_standard_peripheral/Source/gd32e230_pmu.c:296:17
	ldr	r1, [sp, #4]
.Ltmp45:
	.loc	2 296 8                 @ ../GD32E230_Firmware_Library/GD32E230_standard_peripheral/Source/gd32e230_pmu.c:296:8
	tst	r0, r1
	beq	.LBB12_2
	b	.LBB12_1
.LBB12_1:
	.loc	2 0 8                   @ ../GD32E230_Firmware_Library/GD32E230_standard_peripheral/Source/gd32e230_pmu.c:0:8
	mov	r0, sp
	movs	r1, #1
.Ltmp46:
	.loc	2 297 20 is_stmt 1      @ ../GD32E230_Firmware_Library/GD32E230_standard_peripheral/Source/gd32e230_pmu.c:297:20
	strb	r1, [r0]
	.loc	2 298 5                 @ ../GD32E230_Firmware_Library/GD32E230_standard_peripheral/Source/gd32e230_pmu.c:298:5
	b	.LBB12_2
.Ltmp47:
.LBB12_2:
	.loc	2 0 5 is_stmt 0         @ ../GD32E230_Firmware_Library/GD32E230_standard_peripheral/Source/gd32e230_pmu.c:0:5
	mov	r0, sp
	.loc	2 300 12 is_stmt 1      @ ../GD32E230_Firmware_Library/GD32E230_standard_peripheral/Source/gd32e230_pmu.c:300:12
	ldrb	r0, [r0]
	.loc	2 300 5 is_stmt 0       @ ../GD32E230_Firmware_Library/GD32E230_standard_peripheral/Source/gd32e230_pmu.c:300:5
	add	sp, #8
	bx	lr
.Ltmp48:
	.p2align	2
@ %bb.3:
	.loc	2 0 5                   @ ../GD32E230_Firmware_Library/GD32E230_standard_peripheral/Source/gd32e230_pmu.c:0:5
__arm_cp.12_0:
	.long	1073770500              @ 0x40007004
.Lcpi_end22:
	.size	__arm_cp.12_0, .Lcpi_end22-__arm_cp.12_0
.Lfunc_end12:
	.size	pmu_flag_get, .Lfunc_end12-pmu_flag_get
	.cfi_endproc
	.cantunwind
	.fnend
                                        @ -- End function
	.type	pmu_to_deepsleepmode.reg_snap,%object @ @pmu_to_deepsleepmode.reg_snap
	.section	.bss.pmu_to_deepsleepmode.reg_snap,"aw",%nobits
	.p2align	2
pmu_to_deepsleepmode.reg_snap:
	.zero	12
	.size	pmu_to_deepsleepmode.reg_snap, 12

	.section	.debug_str,"MS",%progbits,1
.Linfo_string0:
	.asciz	"Component: ARM Compiler 6.14 Tool: armclang [5db06c00]" @ string offset=0
.Linfo_string1:
	.asciz	"../GD32E230_Firmware_Library/GD32E230_standard_peripheral/Source\\gd32e230_pmu.c" @ string offset=55
.Linfo_string2:
	.asciz	"E:\\Soway\\Soway_product-soft\\105 - T119-GD\\E230 -  ds18b20-F8\\MDK-ARM" @ string offset=135
.Linfo_string3:
	.asciz	"reg_snap"              @ string offset=204
.Linfo_string4:
	.asciz	"unsigned int"          @ string offset=213
.Linfo_string5:
	.asciz	"uint32_t"              @ string offset=226
.Linfo_string6:
	.asciz	"__ARRAY_SIZE_TYPE__"   @ string offset=235
.Linfo_string7:
	.asciz	"unsigned short"        @ string offset=255
.Linfo_string8:
	.asciz	"RCU_GPIOARST"          @ string offset=270
.Linfo_string9:
	.asciz	"RCU_GPIOBRST"          @ string offset=283
.Linfo_string10:
	.asciz	"RCU_GPIOCRST"          @ string offset=296
.Linfo_string11:
	.asciz	"RCU_GPIOFRST"          @ string offset=309
.Linfo_string12:
	.asciz	"RCU_CFGCMPRST"         @ string offset=322
.Linfo_string13:
	.asciz	"RCU_ADCRST"            @ string offset=336
.Linfo_string14:
	.asciz	"RCU_TIMER0RST"         @ string offset=347
.Linfo_string15:
	.asciz	"RCU_SPI0RST"           @ string offset=361
.Linfo_string16:
	.asciz	"RCU_USART0RST"         @ string offset=373
.Linfo_string17:
	.asciz	"RCU_TIMER14RST"        @ string offset=387
.Linfo_string18:
	.asciz	"RCU_TIMER15RST"        @ string offset=402
.Linfo_string19:
	.asciz	"RCU_TIMER16RST"        @ string offset=417
.Linfo_string20:
	.asciz	"RCU_TIMER2RST"         @ string offset=432
.Linfo_string21:
	.asciz	"RCU_TIMER5RST"         @ string offset=446
.Linfo_string22:
	.asciz	"RCU_TIMER13RST"        @ string offset=460
.Linfo_string23:
	.asciz	"RCU_WWDGTRST"          @ string offset=475
.Linfo_string24:
	.asciz	"RCU_SPI1RST"           @ string offset=488
.Linfo_string25:
	.asciz	"RCU_USART1RST"         @ string offset=500
.Linfo_string26:
	.asciz	"RCU_I2C0RST"           @ string offset=514
.Linfo_string27:
	.asciz	"RCU_I2C1RST"           @ string offset=526
.Linfo_string28:
	.asciz	"RCU_PMURST"            @ string offset=538
.Linfo_string29:
	.asciz	"unsigned char"         @ string offset=549
.Linfo_string30:
	.asciz	"RESET"                 @ string offset=563
.Linfo_string31:
	.asciz	"SET"                   @ string offset=569
.Linfo_string32:
	.asciz	"CPUID"                 @ string offset=573
.Linfo_string33:
	.asciz	"ICSR"                  @ string offset=579
.Linfo_string34:
	.asciz	"VTOR"                  @ string offset=584
.Linfo_string35:
	.asciz	"AIRCR"                 @ string offset=589
.Linfo_string36:
	.asciz	"SCR"                   @ string offset=595
.Linfo_string37:
	.asciz	"CCR"                   @ string offset=599
.Linfo_string38:
	.asciz	"RESERVED1"             @ string offset=603
.Linfo_string39:
	.asciz	"SHPR"                  @ string offset=613
.Linfo_string40:
	.asciz	"SHCSR"                 @ string offset=618
.Linfo_string41:
	.asciz	"SCB_Type"              @ string offset=624
.Linfo_string42:
	.asciz	"uint8_t"               @ string offset=633
.Linfo_string43:
	.asciz	"pmu_deinit"            @ string offset=641
.Linfo_string44:
	.asciz	"pmu_lvd_select"        @ string offset=652
.Linfo_string45:
	.asciz	"pmu_ldo_output_select" @ string offset=667
.Linfo_string46:
	.asciz	"pmu_lvd_disable"       @ string offset=689
.Linfo_string47:
	.asciz	"pmu_to_sleepmode"      @ string offset=705
.Linfo_string48:
	.asciz	"pmu_to_deepsleepmode"  @ string offset=722
.Linfo_string49:
	.asciz	"pmu_to_standbymode"    @ string offset=743
.Linfo_string50:
	.asciz	"pmu_wakeup_pin_enable" @ string offset=762
.Linfo_string51:
	.asciz	"pmu_wakeup_pin_disable" @ string offset=784
.Linfo_string52:
	.asciz	"pmu_backup_write_enable" @ string offset=807
.Linfo_string53:
	.asciz	"pmu_backup_write_disable" @ string offset=831
.Linfo_string54:
	.asciz	"pmu_flag_clear"        @ string offset=856
.Linfo_string55:
	.asciz	"pmu_flag_get"          @ string offset=871
.Linfo_string56:
	.asciz	"FlagStatus"            @ string offset=884
.Linfo_string57:
	.asciz	"lvdt_n"                @ string offset=895
.Linfo_string58:
	.asciz	"ldo_output"            @ string offset=902
.Linfo_string59:
	.asciz	"sleepmodecmd"          @ string offset=913
.Linfo_string60:
	.asciz	"ldo"                   @ string offset=926
.Linfo_string61:
	.asciz	"deepsleepmodecmd"      @ string offset=930
.Linfo_string62:
	.asciz	"standbymodecmd"        @ string offset=947
.Linfo_string63:
	.asciz	"wakeup_pin"            @ string offset=962
.Linfo_string64:
	.asciz	"flag_clear"            @ string offset=973
.Linfo_string65:
	.asciz	"flag"                  @ string offset=984
.Linfo_string66:
	.asciz	"ret_status"            @ string offset=989
	.section	.debug_abbrev,"",%progbits
	.byte	1                       @ Abbreviation Code
	.byte	17                      @ DW_TAG_compile_unit
	.byte	1                       @ DW_CHILDREN_yes
	.byte	37                      @ DW_AT_producer
	.byte	14                      @ DW_FORM_strp
	.byte	19                      @ DW_AT_language
	.byte	5                       @ DW_FORM_data2
	.byte	3                       @ DW_AT_name
	.byte	14                      @ DW_FORM_strp
	.byte	16                      @ DW_AT_stmt_list
	.byte	6                       @ DW_FORM_data4
	.byte	27                      @ DW_AT_comp_dir
	.byte	14                      @ DW_FORM_strp
	.byte	17                      @ DW_AT_low_pc
	.byte	1                       @ DW_FORM_addr
	.byte	85                      @ DW_AT_ranges
	.byte	6                       @ DW_FORM_data4
	.byte	0                       @ EOM(1)
	.byte	0                       @ EOM(2)
	.byte	2                       @ Abbreviation Code
	.byte	46                      @ DW_TAG_subprogram
	.byte	1                       @ DW_CHILDREN_yes
	.byte	17                      @ DW_AT_low_pc
	.byte	1                       @ DW_FORM_addr
	.byte	18                      @ DW_AT_high_pc
	.byte	1                       @ DW_FORM_addr
	.byte	64                      @ DW_AT_frame_base
	.byte	10                      @ DW_FORM_block1
	.byte	3                       @ DW_AT_name
	.byte	14                      @ DW_FORM_strp
	.byte	58                      @ DW_AT_decl_file
	.byte	11                      @ DW_FORM_data1
	.byte	59                      @ DW_AT_decl_line
	.byte	11                      @ DW_FORM_data1
	.byte	39                      @ DW_AT_prototyped
	.byte	12                      @ DW_FORM_flag
	.byte	63                      @ DW_AT_external
	.byte	12                      @ DW_FORM_flag
	.byte	0                       @ EOM(1)
	.byte	0                       @ EOM(2)
	.byte	3                       @ Abbreviation Code
	.byte	52                      @ DW_TAG_variable
	.byte	0                       @ DW_CHILDREN_no
	.byte	3                       @ DW_AT_name
	.byte	14                      @ DW_FORM_strp
	.byte	73                      @ DW_AT_type
	.byte	19                      @ DW_FORM_ref4
	.byte	58                      @ DW_AT_decl_file
	.byte	11                      @ DW_FORM_data1
	.byte	59                      @ DW_AT_decl_line
	.byte	11                      @ DW_FORM_data1
	.byte	2                       @ DW_AT_location
	.byte	10                      @ DW_FORM_block1
	.byte	0                       @ EOM(1)
	.byte	0                       @ EOM(2)
	.byte	4                       @ Abbreviation Code
	.byte	5                       @ DW_TAG_formal_parameter
	.byte	0                       @ DW_CHILDREN_no
	.byte	2                       @ DW_AT_location
	.byte	10                      @ DW_FORM_block1
	.byte	3                       @ DW_AT_name
	.byte	14                      @ DW_FORM_strp
	.byte	58                      @ DW_AT_decl_file
	.byte	11                      @ DW_FORM_data1
	.byte	59                      @ DW_AT_decl_line
	.byte	11                      @ DW_FORM_data1
	.byte	73                      @ DW_AT_type
	.byte	19                      @ DW_FORM_ref4
	.byte	0                       @ EOM(1)
	.byte	0                       @ EOM(2)
	.byte	5                       @ Abbreviation Code
	.byte	1                       @ DW_TAG_array_type
	.byte	1                       @ DW_CHILDREN_yes
	.byte	73                      @ DW_AT_type
	.byte	19                      @ DW_FORM_ref4
	.byte	0                       @ EOM(1)
	.byte	0                       @ EOM(2)
	.byte	6                       @ Abbreviation Code
	.byte	33                      @ DW_TAG_subrange_type
	.byte	0                       @ DW_CHILDREN_no
	.byte	73                      @ DW_AT_type
	.byte	19                      @ DW_FORM_ref4
	.byte	55                      @ DW_AT_count
	.byte	11                      @ DW_FORM_data1
	.byte	0                       @ EOM(1)
	.byte	0                       @ EOM(2)
	.byte	7                       @ Abbreviation Code
	.byte	22                      @ DW_TAG_typedef
	.byte	0                       @ DW_CHILDREN_no
	.byte	73                      @ DW_AT_type
	.byte	19                      @ DW_FORM_ref4
	.byte	3                       @ DW_AT_name
	.byte	14                      @ DW_FORM_strp
	.byte	58                      @ DW_AT_decl_file
	.byte	11                      @ DW_FORM_data1
	.byte	59                      @ DW_AT_decl_line
	.byte	11                      @ DW_FORM_data1
	.byte	0                       @ EOM(1)
	.byte	0                       @ EOM(2)
	.byte	8                       @ Abbreviation Code
	.byte	36                      @ DW_TAG_base_type
	.byte	0                       @ DW_CHILDREN_no
	.byte	3                       @ DW_AT_name
	.byte	14                      @ DW_FORM_strp
	.byte	62                      @ DW_AT_encoding
	.byte	11                      @ DW_FORM_data1
	.byte	11                      @ DW_AT_byte_size
	.byte	11                      @ DW_FORM_data1
	.byte	0                       @ EOM(1)
	.byte	0                       @ EOM(2)
	.byte	9                       @ Abbreviation Code
	.byte	36                      @ DW_TAG_base_type
	.byte	0                       @ DW_CHILDREN_no
	.byte	3                       @ DW_AT_name
	.byte	14                      @ DW_FORM_strp
	.byte	11                      @ DW_AT_byte_size
	.byte	11                      @ DW_FORM_data1
	.byte	62                      @ DW_AT_encoding
	.byte	11                      @ DW_FORM_data1
	.byte	0                       @ EOM(1)
	.byte	0                       @ EOM(2)
	.byte	10                      @ Abbreviation Code
	.byte	4                       @ DW_TAG_enumeration_type
	.byte	1                       @ DW_CHILDREN_yes
	.byte	73                      @ DW_AT_type
	.byte	19                      @ DW_FORM_ref4
	.byte	11                      @ DW_AT_byte_size
	.byte	11                      @ DW_FORM_data1
	.byte	58                      @ DW_AT_decl_file
	.byte	11                      @ DW_FORM_data1
	.byte	59                      @ DW_AT_decl_line
	.byte	5                       @ DW_FORM_data2
	.byte	0                       @ EOM(1)
	.byte	0                       @ EOM(2)
	.byte	11                      @ Abbreviation Code
	.byte	40                      @ DW_TAG_enumerator
	.byte	0                       @ DW_CHILDREN_no
	.byte	3                       @ DW_AT_name
	.byte	14                      @ DW_FORM_strp
	.byte	28                      @ DW_AT_const_value
	.byte	15                      @ DW_FORM_udata
	.byte	0                       @ EOM(1)
	.byte	0                       @ EOM(2)
	.byte	12                      @ Abbreviation Code
	.byte	4                       @ DW_TAG_enumeration_type
	.byte	1                       @ DW_CHILDREN_yes
	.byte	73                      @ DW_AT_type
	.byte	19                      @ DW_FORM_ref4
	.byte	11                      @ DW_AT_byte_size
	.byte	11                      @ DW_FORM_data1
	.byte	58                      @ DW_AT_decl_file
	.byte	11                      @ DW_FORM_data1
	.byte	59                      @ DW_AT_decl_line
	.byte	11                      @ DW_FORM_data1
	.byte	0                       @ EOM(1)
	.byte	0                       @ EOM(2)
	.byte	13                      @ Abbreviation Code
	.byte	15                      @ DW_TAG_pointer_type
	.byte	0                       @ DW_CHILDREN_no
	.byte	73                      @ DW_AT_type
	.byte	19                      @ DW_FORM_ref4
	.byte	0                       @ EOM(1)
	.byte	0                       @ EOM(2)
	.byte	14                      @ Abbreviation Code
	.byte	53                      @ DW_TAG_volatile_type
	.byte	0                       @ DW_CHILDREN_no
	.byte	73                      @ DW_AT_type
	.byte	19                      @ DW_FORM_ref4
	.byte	0                       @ EOM(1)
	.byte	0                       @ EOM(2)
	.byte	15                      @ Abbreviation Code
	.byte	22                      @ DW_TAG_typedef
	.byte	0                       @ DW_CHILDREN_no
	.byte	73                      @ DW_AT_type
	.byte	19                      @ DW_FORM_ref4
	.byte	3                       @ DW_AT_name
	.byte	14                      @ DW_FORM_strp
	.byte	58                      @ DW_AT_decl_file
	.byte	11                      @ DW_FORM_data1
	.byte	59                      @ DW_AT_decl_line
	.byte	5                       @ DW_FORM_data2
	.byte	0                       @ EOM(1)
	.byte	0                       @ EOM(2)
	.byte	16                      @ Abbreviation Code
	.byte	19                      @ DW_TAG_structure_type
	.byte	1                       @ DW_CHILDREN_yes
	.byte	11                      @ DW_AT_byte_size
	.byte	11                      @ DW_FORM_data1
	.byte	58                      @ DW_AT_decl_file
	.byte	11                      @ DW_FORM_data1
	.byte	59                      @ DW_AT_decl_line
	.byte	5                       @ DW_FORM_data2
	.byte	0                       @ EOM(1)
	.byte	0                       @ EOM(2)
	.byte	17                      @ Abbreviation Code
	.byte	13                      @ DW_TAG_member
	.byte	0                       @ DW_CHILDREN_no
	.byte	3                       @ DW_AT_name
	.byte	14                      @ DW_FORM_strp
	.byte	73                      @ DW_AT_type
	.byte	19                      @ DW_FORM_ref4
	.byte	58                      @ DW_AT_decl_file
	.byte	11                      @ DW_FORM_data1
	.byte	59                      @ DW_AT_decl_line
	.byte	5                       @ DW_FORM_data2
	.byte	56                      @ DW_AT_data_member_location
	.byte	11                      @ DW_FORM_data1
	.byte	0                       @ EOM(1)
	.byte	0                       @ EOM(2)
	.byte	18                      @ Abbreviation Code
	.byte	38                      @ DW_TAG_const_type
	.byte	0                       @ DW_CHILDREN_no
	.byte	73                      @ DW_AT_type
	.byte	19                      @ DW_FORM_ref4
	.byte	0                       @ EOM(1)
	.byte	0                       @ EOM(2)
	.byte	19                      @ Abbreviation Code
	.byte	46                      @ DW_TAG_subprogram
	.byte	0                       @ DW_CHILDREN_no
	.byte	17                      @ DW_AT_low_pc
	.byte	1                       @ DW_FORM_addr
	.byte	18                      @ DW_AT_high_pc
	.byte	1                       @ DW_FORM_addr
	.byte	64                      @ DW_AT_frame_base
	.byte	10                      @ DW_FORM_block1
	.byte	3                       @ DW_AT_name
	.byte	14                      @ DW_FORM_strp
	.byte	58                      @ DW_AT_decl_file
	.byte	11                      @ DW_FORM_data1
	.byte	59                      @ DW_AT_decl_line
	.byte	11                      @ DW_FORM_data1
	.byte	39                      @ DW_AT_prototyped
	.byte	12                      @ DW_FORM_flag
	.byte	63                      @ DW_AT_external
	.byte	12                      @ DW_FORM_flag
	.byte	0                       @ EOM(1)
	.byte	0                       @ EOM(2)
	.byte	20                      @ Abbreviation Code
	.byte	46                      @ DW_TAG_subprogram
	.byte	0                       @ DW_CHILDREN_no
	.byte	17                      @ DW_AT_low_pc
	.byte	1                       @ DW_FORM_addr
	.byte	18                      @ DW_AT_high_pc
	.byte	1                       @ DW_FORM_addr
	.byte	64                      @ DW_AT_frame_base
	.byte	10                      @ DW_FORM_block1
	.byte	3                       @ DW_AT_name
	.byte	14                      @ DW_FORM_strp
	.byte	58                      @ DW_AT_decl_file
	.byte	11                      @ DW_FORM_data1
	.byte	59                      @ DW_AT_decl_line
	.byte	5                       @ DW_FORM_data2
	.byte	39                      @ DW_AT_prototyped
	.byte	12                      @ DW_FORM_flag
	.byte	63                      @ DW_AT_external
	.byte	12                      @ DW_FORM_flag
	.byte	0                       @ EOM(1)
	.byte	0                       @ EOM(2)
	.byte	21                      @ Abbreviation Code
	.byte	46                      @ DW_TAG_subprogram
	.byte	1                       @ DW_CHILDREN_yes
	.byte	17                      @ DW_AT_low_pc
	.byte	1                       @ DW_FORM_addr
	.byte	18                      @ DW_AT_high_pc
	.byte	1                       @ DW_FORM_addr
	.byte	64                      @ DW_AT_frame_base
	.byte	10                      @ DW_FORM_block1
	.byte	3                       @ DW_AT_name
	.byte	14                      @ DW_FORM_strp
	.byte	58                      @ DW_AT_decl_file
	.byte	11                      @ DW_FORM_data1
	.byte	59                      @ DW_AT_decl_line
	.byte	5                       @ DW_FORM_data2
	.byte	39                      @ DW_AT_prototyped
	.byte	12                      @ DW_FORM_flag
	.byte	63                      @ DW_AT_external
	.byte	12                      @ DW_FORM_flag
	.byte	0                       @ EOM(1)
	.byte	0                       @ EOM(2)
	.byte	22                      @ Abbreviation Code
	.byte	5                       @ DW_TAG_formal_parameter
	.byte	0                       @ DW_CHILDREN_no
	.byte	2                       @ DW_AT_location
	.byte	10                      @ DW_FORM_block1
	.byte	3                       @ DW_AT_name
	.byte	14                      @ DW_FORM_strp
	.byte	58                      @ DW_AT_decl_file
	.byte	11                      @ DW_FORM_data1
	.byte	59                      @ DW_AT_decl_line
	.byte	5                       @ DW_FORM_data2
	.byte	73                      @ DW_AT_type
	.byte	19                      @ DW_FORM_ref4
	.byte	0                       @ EOM(1)
	.byte	0                       @ EOM(2)
	.byte	23                      @ Abbreviation Code
	.byte	46                      @ DW_TAG_subprogram
	.byte	1                       @ DW_CHILDREN_yes
	.byte	17                      @ DW_AT_low_pc
	.byte	1                       @ DW_FORM_addr
	.byte	18                      @ DW_AT_high_pc
	.byte	1                       @ DW_FORM_addr
	.byte	64                      @ DW_AT_frame_base
	.byte	10                      @ DW_FORM_block1
	.byte	3                       @ DW_AT_name
	.byte	14                      @ DW_FORM_strp
	.byte	58                      @ DW_AT_decl_file
	.byte	11                      @ DW_FORM_data1
	.byte	59                      @ DW_AT_decl_line
	.byte	5                       @ DW_FORM_data2
	.byte	39                      @ DW_AT_prototyped
	.byte	12                      @ DW_FORM_flag
	.byte	73                      @ DW_AT_type
	.byte	19                      @ DW_FORM_ref4
	.byte	63                      @ DW_AT_external
	.byte	12                      @ DW_FORM_flag
	.byte	0                       @ EOM(1)
	.byte	0                       @ EOM(2)
	.byte	24                      @ Abbreviation Code
	.byte	52                      @ DW_TAG_variable
	.byte	0                       @ DW_CHILDREN_no
	.byte	2                       @ DW_AT_location
	.byte	10                      @ DW_FORM_block1
	.byte	3                       @ DW_AT_name
	.byte	14                      @ DW_FORM_strp
	.byte	58                      @ DW_AT_decl_file
	.byte	11                      @ DW_FORM_data1
	.byte	59                      @ DW_AT_decl_line
	.byte	5                       @ DW_FORM_data2
	.byte	73                      @ DW_AT_type
	.byte	19                      @ DW_FORM_ref4
	.byte	0                       @ EOM(1)
	.byte	0                       @ EOM(2)
	.byte	0                       @ EOM(3)
	.section	.debug_info,"",%progbits
.Lcu_begin0:
	.long	.Ldebug_info_end0-.Ldebug_info_start0 @ Length of Unit
.Ldebug_info_start0:
	.short	3                       @ DWARF version number
	.long	.debug_abbrev           @ Offset Into Abbrev. Section
	.byte	4                       @ Address Size (in bytes)
	.byte	1                       @ Abbrev [1] 0xb:0x373 DW_TAG_compile_unit
	.long	.Linfo_string0          @ DW_AT_producer
	.short	12                      @ DW_AT_language
	.long	.Linfo_string1          @ DW_AT_name
	.long	.Lline_table_start0     @ DW_AT_stmt_list
	.long	.Linfo_string2          @ DW_AT_comp_dir
	.long	0                       @ DW_AT_low_pc
	.long	.Ldebug_ranges0         @ DW_AT_ranges
	.byte	2                       @ Abbrev [2] 0x26:0x41 DW_TAG_subprogram
	.long	.Lfunc_begin5           @ DW_AT_low_pc
	.long	.Lfunc_end5             @ DW_AT_high_pc
	.byte	1                       @ DW_AT_frame_base
	.byte	93
	.long	.Linfo_string48         @ DW_AT_name
	.byte	2                       @ DW_AT_decl_file
	.byte	142                     @ DW_AT_decl_line
	.byte	1                       @ DW_AT_prototyped
	.byte	1                       @ DW_AT_external
	.byte	3                       @ Abbrev [3] 0x39:0x11 DW_TAG_variable
	.long	.Linfo_string3          @ DW_AT_name
	.long	103                     @ DW_AT_type
	.byte	2                       @ DW_AT_decl_file
	.byte	144                     @ DW_AT_decl_line
	.byte	5                       @ DW_AT_location
	.byte	3
	.long	pmu_to_deepsleepmode.reg_snap
	.byte	4                       @ Abbrev [4] 0x4a:0xe DW_TAG_formal_parameter
	.byte	2                       @ DW_AT_location
	.byte	145
	.byte	4
	.long	.Linfo_string60         @ DW_AT_name
	.byte	2                       @ DW_AT_decl_file
	.byte	142                     @ DW_AT_decl_line
	.long	115                     @ DW_AT_type
	.byte	4                       @ Abbrev [4] 0x58:0xe DW_TAG_formal_parameter
	.byte	2                       @ DW_AT_location
	.byte	145
	.byte	0
	.long	.Linfo_string61         @ DW_AT_name
	.byte	2                       @ DW_AT_decl_file
	.byte	142                     @ DW_AT_decl_line
	.long	499                     @ DW_AT_type
	.byte	0                       @ End Of Children Mark
	.byte	5                       @ Abbrev [5] 0x67:0xc DW_TAG_array_type
	.long	115                     @ DW_AT_type
	.byte	6                       @ Abbrev [6] 0x6c:0x6 DW_TAG_subrange_type
	.long	133                     @ DW_AT_type
	.byte	3                       @ DW_AT_count
	.byte	0                       @ End Of Children Mark
	.byte	7                       @ Abbrev [7] 0x73:0xb DW_TAG_typedef
	.long	126                     @ DW_AT_type
	.long	.Linfo_string5          @ DW_AT_name
	.byte	1                       @ DW_AT_decl_file
	.byte	64                      @ DW_AT_decl_line
	.byte	8                       @ Abbrev [8] 0x7e:0x7 DW_TAG_base_type
	.long	.Linfo_string4          @ DW_AT_name
	.byte	7                       @ DW_AT_encoding
	.byte	4                       @ DW_AT_byte_size
	.byte	9                       @ Abbrev [9] 0x85:0x7 DW_TAG_base_type
	.long	.Linfo_string6          @ DW_AT_name
	.byte	8                       @ DW_AT_byte_size
	.byte	7                       @ DW_AT_encoding
	.byte	10                      @ Abbrev [10] 0x8c:0x9d DW_TAG_enumeration_type
	.long	297                     @ DW_AT_type
	.byte	2                       @ DW_AT_byte_size
	.byte	3                       @ DW_AT_decl_file
	.short	293                     @ DW_AT_decl_line
	.byte	11                      @ Abbrev [11] 0x95:0x7 DW_TAG_enumerator
	.long	.Linfo_string8          @ DW_AT_name
	.ascii	"\221\024"              @ DW_AT_const_value
	.byte	11                      @ Abbrev [11] 0x9c:0x7 DW_TAG_enumerator
	.long	.Linfo_string9          @ DW_AT_name
	.ascii	"\222\024"              @ DW_AT_const_value
	.byte	11                      @ Abbrev [11] 0xa3:0x7 DW_TAG_enumerator
	.long	.Linfo_string10         @ DW_AT_name
	.ascii	"\223\024"              @ DW_AT_const_value
	.byte	11                      @ Abbrev [11] 0xaa:0x7 DW_TAG_enumerator
	.long	.Linfo_string11         @ DW_AT_name
	.ascii	"\226\024"              @ DW_AT_const_value
	.byte	11                      @ Abbrev [11] 0xb1:0x7 DW_TAG_enumerator
	.long	.Linfo_string12         @ DW_AT_name
	.ascii	"\200\006"              @ DW_AT_const_value
	.byte	11                      @ Abbrev [11] 0xb8:0x7 DW_TAG_enumerator
	.long	.Linfo_string13         @ DW_AT_name
	.ascii	"\211\006"              @ DW_AT_const_value
	.byte	11                      @ Abbrev [11] 0xbf:0x7 DW_TAG_enumerator
	.long	.Linfo_string14         @ DW_AT_name
	.ascii	"\213\006"              @ DW_AT_const_value
	.byte	11                      @ Abbrev [11] 0xc6:0x7 DW_TAG_enumerator
	.long	.Linfo_string15         @ DW_AT_name
	.ascii	"\214\006"              @ DW_AT_const_value
	.byte	11                      @ Abbrev [11] 0xcd:0x7 DW_TAG_enumerator
	.long	.Linfo_string16         @ DW_AT_name
	.ascii	"\216\006"              @ DW_AT_const_value
	.byte	11                      @ Abbrev [11] 0xd4:0x7 DW_TAG_enumerator
	.long	.Linfo_string17         @ DW_AT_name
	.ascii	"\220\006"              @ DW_AT_const_value
	.byte	11                      @ Abbrev [11] 0xdb:0x7 DW_TAG_enumerator
	.long	.Linfo_string18         @ DW_AT_name
	.ascii	"\221\006"              @ DW_AT_const_value
	.byte	11                      @ Abbrev [11] 0xe2:0x7 DW_TAG_enumerator
	.long	.Linfo_string19         @ DW_AT_name
	.ascii	"\222\006"              @ DW_AT_const_value
	.byte	11                      @ Abbrev [11] 0xe9:0x7 DW_TAG_enumerator
	.long	.Linfo_string20         @ DW_AT_name
	.ascii	"\201\b"                @ DW_AT_const_value
	.byte	11                      @ Abbrev [11] 0xf0:0x7 DW_TAG_enumerator
	.long	.Linfo_string21         @ DW_AT_name
	.ascii	"\204\b"                @ DW_AT_const_value
	.byte	11                      @ Abbrev [11] 0xf7:0x7 DW_TAG_enumerator
	.long	.Linfo_string22         @ DW_AT_name
	.ascii	"\210\b"                @ DW_AT_const_value
	.byte	11                      @ Abbrev [11] 0xfe:0x7 DW_TAG_enumerator
	.long	.Linfo_string23         @ DW_AT_name
	.ascii	"\213\b"                @ DW_AT_const_value
	.byte	11                      @ Abbrev [11] 0x105:0x7 DW_TAG_enumerator
	.long	.Linfo_string24         @ DW_AT_name
	.ascii	"\216\b"                @ DW_AT_const_value
	.byte	11                      @ Abbrev [11] 0x10c:0x7 DW_TAG_enumerator
	.long	.Linfo_string25         @ DW_AT_name
	.ascii	"\221\b"                @ DW_AT_const_value
	.byte	11                      @ Abbrev [11] 0x113:0x7 DW_TAG_enumerator
	.long	.Linfo_string26         @ DW_AT_name
	.ascii	"\225\b"                @ DW_AT_const_value
	.byte	11                      @ Abbrev [11] 0x11a:0x7 DW_TAG_enumerator
	.long	.Linfo_string27         @ DW_AT_name
	.ascii	"\226\b"                @ DW_AT_const_value
	.byte	11                      @ Abbrev [11] 0x121:0x7 DW_TAG_enumerator
	.long	.Linfo_string28         @ DW_AT_name
	.ascii	"\234\b"                @ DW_AT_const_value
	.byte	0                       @ End Of Children Mark
	.byte	8                       @ Abbrev [8] 0x129:0x7 DW_TAG_base_type
	.long	.Linfo_string7          @ DW_AT_name
	.byte	7                       @ DW_AT_encoding
	.byte	2                       @ DW_AT_byte_size
	.byte	12                      @ Abbrev [12] 0x130:0x15 DW_TAG_enumeration_type
	.long	325                     @ DW_AT_type
	.byte	1                       @ DW_AT_byte_size
	.byte	4                       @ DW_AT_decl_file
	.byte	158                     @ DW_AT_decl_line
	.byte	11                      @ Abbrev [11] 0x138:0x6 DW_TAG_enumerator
	.long	.Linfo_string30         @ DW_AT_name
	.byte	0                       @ DW_AT_const_value
	.byte	11                      @ Abbrev [11] 0x13e:0x6 DW_TAG_enumerator
	.long	.Linfo_string31         @ DW_AT_name
	.byte	1                       @ DW_AT_const_value
	.byte	0                       @ End Of Children Mark
	.byte	8                       @ Abbrev [8] 0x145:0x7 DW_TAG_base_type
	.long	.Linfo_string29         @ DW_AT_name
	.byte	8                       @ DW_AT_encoding
	.byte	1                       @ DW_AT_byte_size
	.byte	13                      @ Abbrev [13] 0x14c:0x5 DW_TAG_pointer_type
	.long	337                     @ DW_AT_type
	.byte	14                      @ Abbrev [14] 0x151:0x5 DW_TAG_volatile_type
	.long	115                     @ DW_AT_type
	.byte	13                      @ Abbrev [13] 0x156:0x5 DW_TAG_pointer_type
	.long	347                     @ DW_AT_type
	.byte	15                      @ Abbrev [15] 0x15b:0xc DW_TAG_typedef
	.long	359                     @ DW_AT_type
	.long	.Linfo_string41         @ DW_AT_name
	.byte	5                       @ DW_AT_decl_file
	.short	398                     @ DW_AT_decl_line
	.byte	16                      @ Abbrev [16] 0x167:0x7b DW_TAG_structure_type
	.byte	40                      @ DW_AT_byte_size
	.byte	5                       @ DW_AT_decl_file
	.short	383                     @ DW_AT_decl_line
	.byte	17                      @ Abbrev [17] 0x16c:0xd DW_TAG_member
	.long	.Linfo_string32         @ DW_AT_name
	.long	482                     @ DW_AT_type
	.byte	5                       @ DW_AT_decl_file
	.short	385                     @ DW_AT_decl_line
	.byte	0                       @ DW_AT_data_member_location
	.byte	17                      @ Abbrev [17] 0x179:0xd DW_TAG_member
	.long	.Linfo_string33         @ DW_AT_name
	.long	337                     @ DW_AT_type
	.byte	5                       @ DW_AT_decl_file
	.short	386                     @ DW_AT_decl_line
	.byte	4                       @ DW_AT_data_member_location
	.byte	17                      @ Abbrev [17] 0x186:0xd DW_TAG_member
	.long	.Linfo_string34         @ DW_AT_name
	.long	337                     @ DW_AT_type
	.byte	5                       @ DW_AT_decl_file
	.short	388                     @ DW_AT_decl_line
	.byte	8                       @ DW_AT_data_member_location
	.byte	17                      @ Abbrev [17] 0x193:0xd DW_TAG_member
	.long	.Linfo_string35         @ DW_AT_name
	.long	337                     @ DW_AT_type
	.byte	5                       @ DW_AT_decl_file
	.short	392                     @ DW_AT_decl_line
	.byte	12                      @ DW_AT_data_member_location
	.byte	17                      @ Abbrev [17] 0x1a0:0xd DW_TAG_member
	.long	.Linfo_string36         @ DW_AT_name
	.long	337                     @ DW_AT_type
	.byte	5                       @ DW_AT_decl_file
	.short	393                     @ DW_AT_decl_line
	.byte	16                      @ DW_AT_data_member_location
	.byte	17                      @ Abbrev [17] 0x1ad:0xd DW_TAG_member
	.long	.Linfo_string37         @ DW_AT_name
	.long	337                     @ DW_AT_type
	.byte	5                       @ DW_AT_decl_file
	.short	394                     @ DW_AT_decl_line
	.byte	20                      @ DW_AT_data_member_location
	.byte	17                      @ Abbrev [17] 0x1ba:0xd DW_TAG_member
	.long	.Linfo_string38         @ DW_AT_name
	.long	115                     @ DW_AT_type
	.byte	5                       @ DW_AT_decl_file
	.short	395                     @ DW_AT_decl_line
	.byte	24                      @ DW_AT_data_member_location
	.byte	17                      @ Abbrev [17] 0x1c7:0xd DW_TAG_member
	.long	.Linfo_string39         @ DW_AT_name
	.long	487                     @ DW_AT_type
	.byte	5                       @ DW_AT_decl_file
	.short	396                     @ DW_AT_decl_line
	.byte	28                      @ DW_AT_data_member_location
	.byte	17                      @ Abbrev [17] 0x1d4:0xd DW_TAG_member
	.long	.Linfo_string40         @ DW_AT_name
	.long	337                     @ DW_AT_type
	.byte	5                       @ DW_AT_decl_file
	.short	397                     @ DW_AT_decl_line
	.byte	36                      @ DW_AT_data_member_location
	.byte	0                       @ End Of Children Mark
	.byte	18                      @ Abbrev [18] 0x1e2:0x5 DW_TAG_const_type
	.long	337                     @ DW_AT_type
	.byte	5                       @ Abbrev [5] 0x1e7:0xc DW_TAG_array_type
	.long	337                     @ DW_AT_type
	.byte	6                       @ Abbrev [6] 0x1ec:0x6 DW_TAG_subrange_type
	.long	133                     @ DW_AT_type
	.byte	2                       @ DW_AT_count
	.byte	0                       @ End Of Children Mark
	.byte	7                       @ Abbrev [7] 0x1f3:0xb DW_TAG_typedef
	.long	325                     @ DW_AT_type
	.long	.Linfo_string42         @ DW_AT_name
	.byte	1                       @ DW_AT_decl_file
	.byte	62                      @ DW_AT_decl_line
	.byte	19                      @ Abbrev [19] 0x1fe:0x13 DW_TAG_subprogram
	.long	.Lfunc_begin0           @ DW_AT_low_pc
	.long	.Lfunc_end0             @ DW_AT_high_pc
	.byte	1                       @ DW_AT_frame_base
	.byte	93
	.long	.Linfo_string43         @ DW_AT_name
	.byte	2                       @ DW_AT_decl_file
	.byte	45                      @ DW_AT_decl_line
	.byte	1                       @ DW_AT_prototyped
	.byte	1                       @ DW_AT_external
	.byte	2                       @ Abbrev [2] 0x211:0x22 DW_TAG_subprogram
	.long	.Lfunc_begin1           @ DW_AT_low_pc
	.long	.Lfunc_end1             @ DW_AT_high_pc
	.byte	1                       @ DW_AT_frame_base
	.byte	93
	.long	.Linfo_string44         @ DW_AT_name
	.byte	2                       @ DW_AT_decl_file
	.byte	67                      @ DW_AT_decl_line
	.byte	1                       @ DW_AT_prototyped
	.byte	1                       @ DW_AT_external
	.byte	4                       @ Abbrev [4] 0x224:0xe DW_TAG_formal_parameter
	.byte	2                       @ DW_AT_location
	.byte	145
	.byte	0
	.long	.Linfo_string57         @ DW_AT_name
	.byte	2                       @ DW_AT_decl_file
	.byte	67                      @ DW_AT_decl_line
	.long	115                     @ DW_AT_type
	.byte	0                       @ End Of Children Mark
	.byte	2                       @ Abbrev [2] 0x233:0x22 DW_TAG_subprogram
	.long	.Lfunc_begin2           @ DW_AT_low_pc
	.long	.Lfunc_end2             @ DW_AT_high_pc
	.byte	1                       @ DW_AT_frame_base
	.byte	93
	.long	.Linfo_string45         @ DW_AT_name
	.byte	2                       @ DW_AT_decl_file
	.byte	89                      @ DW_AT_decl_line
	.byte	1                       @ DW_AT_prototyped
	.byte	1                       @ DW_AT_external
	.byte	4                       @ Abbrev [4] 0x246:0xe DW_TAG_formal_parameter
	.byte	2                       @ DW_AT_location
	.byte	145
	.byte	0
	.long	.Linfo_string58         @ DW_AT_name
	.byte	2                       @ DW_AT_decl_file
	.byte	89                      @ DW_AT_decl_line
	.long	115                     @ DW_AT_type
	.byte	0                       @ End Of Children Mark
	.byte	19                      @ Abbrev [19] 0x255:0x13 DW_TAG_subprogram
	.long	.Lfunc_begin3           @ DW_AT_low_pc
	.long	.Lfunc_end3             @ DW_AT_high_pc
	.byte	1                       @ DW_AT_frame_base
	.byte	93
	.long	.Linfo_string46         @ DW_AT_name
	.byte	2                       @ DW_AT_decl_file
	.byte	101                     @ DW_AT_decl_line
	.byte	1                       @ DW_AT_prototyped
	.byte	1                       @ DW_AT_external
	.byte	2                       @ Abbrev [2] 0x268:0x22 DW_TAG_subprogram
	.long	.Lfunc_begin4           @ DW_AT_low_pc
	.long	.Lfunc_end4             @ DW_AT_high_pc
	.byte	1                       @ DW_AT_frame_base
	.byte	93
	.long	.Linfo_string47         @ DW_AT_name
	.byte	2                       @ DW_AT_decl_file
	.byte	116                     @ DW_AT_decl_line
	.byte	1                       @ DW_AT_prototyped
	.byte	1                       @ DW_AT_external
	.byte	4                       @ Abbrev [4] 0x27b:0xe DW_TAG_formal_parameter
	.byte	2                       @ DW_AT_location
	.byte	145
	.byte	0
	.long	.Linfo_string59         @ DW_AT_name
	.byte	2                       @ DW_AT_decl_file
	.byte	116                     @ DW_AT_decl_line
	.long	499                     @ DW_AT_type
	.byte	0                       @ End Of Children Mark
	.byte	2                       @ Abbrev [2] 0x28a:0x22 DW_TAG_subprogram
	.long	.Lfunc_begin6           @ DW_AT_low_pc
	.long	.Lfunc_end6             @ DW_AT_high_pc
	.byte	1                       @ DW_AT_frame_base
	.byte	93
	.long	.Linfo_string49         @ DW_AT_name
	.byte	2                       @ DW_AT_decl_file
	.byte	188                     @ DW_AT_decl_line
	.byte	1                       @ DW_AT_prototyped
	.byte	1                       @ DW_AT_external
	.byte	4                       @ Abbrev [4] 0x29d:0xe DW_TAG_formal_parameter
	.byte	2                       @ DW_AT_location
	.byte	145
	.byte	0
	.long	.Linfo_string62         @ DW_AT_name
	.byte	2                       @ DW_AT_decl_file
	.byte	188                     @ DW_AT_decl_line
	.long	499                     @ DW_AT_type
	.byte	0                       @ End Of Children Mark
	.byte	2                       @ Abbrev [2] 0x2ac:0x22 DW_TAG_subprogram
	.long	.Lfunc_begin7           @ DW_AT_low_pc
	.long	.Lfunc_end7             @ DW_AT_high_pc
	.byte	1                       @ DW_AT_frame_base
	.byte	93
	.long	.Linfo_string50         @ DW_AT_name
	.byte	2                       @ DW_AT_decl_file
	.byte	218                     @ DW_AT_decl_line
	.byte	1                       @ DW_AT_prototyped
	.byte	1                       @ DW_AT_external
	.byte	4                       @ Abbrev [4] 0x2bf:0xe DW_TAG_formal_parameter
	.byte	2                       @ DW_AT_location
	.byte	145
	.byte	0
	.long	.Linfo_string63         @ DW_AT_name
	.byte	2                       @ DW_AT_decl_file
	.byte	218                     @ DW_AT_decl_line
	.long	115                     @ DW_AT_type
	.byte	0                       @ End Of Children Mark
	.byte	2                       @ Abbrev [2] 0x2ce:0x22 DW_TAG_subprogram
	.long	.Lfunc_begin8           @ DW_AT_low_pc
	.long	.Lfunc_end8             @ DW_AT_high_pc
	.byte	1                       @ DW_AT_frame_base
	.byte	93
	.long	.Linfo_string51         @ DW_AT_name
	.byte	2                       @ DW_AT_decl_file
	.byte	234                     @ DW_AT_decl_line
	.byte	1                       @ DW_AT_prototyped
	.byte	1                       @ DW_AT_external
	.byte	4                       @ Abbrev [4] 0x2e1:0xe DW_TAG_formal_parameter
	.byte	2                       @ DW_AT_location
	.byte	145
	.byte	0
	.long	.Linfo_string63         @ DW_AT_name
	.byte	2                       @ DW_AT_decl_file
	.byte	234                     @ DW_AT_decl_line
	.long	115                     @ DW_AT_type
	.byte	0                       @ End Of Children Mark
	.byte	19                      @ Abbrev [19] 0x2f0:0x13 DW_TAG_subprogram
	.long	.Lfunc_begin9           @ DW_AT_low_pc
	.long	.Lfunc_end9             @ DW_AT_high_pc
	.byte	1                       @ DW_AT_frame_base
	.byte	93
	.long	.Linfo_string52         @ DW_AT_name
	.byte	2                       @ DW_AT_decl_file
	.byte	245                     @ DW_AT_decl_line
	.byte	1                       @ DW_AT_prototyped
	.byte	1                       @ DW_AT_external
	.byte	20                      @ Abbrev [20] 0x303:0x14 DW_TAG_subprogram
	.long	.Lfunc_begin10          @ DW_AT_low_pc
	.long	.Lfunc_end10            @ DW_AT_high_pc
	.byte	1                       @ DW_AT_frame_base
	.byte	93
	.long	.Linfo_string53         @ DW_AT_name
	.byte	2                       @ DW_AT_decl_file
	.short	256                     @ DW_AT_decl_line
	.byte	1                       @ DW_AT_prototyped
	.byte	1                       @ DW_AT_external
	.byte	21                      @ Abbrev [21] 0x317:0x24 DW_TAG_subprogram
	.long	.Lfunc_begin11          @ DW_AT_low_pc
	.long	.Lfunc_end11            @ DW_AT_high_pc
	.byte	1                       @ DW_AT_frame_base
	.byte	93
	.long	.Linfo_string54         @ DW_AT_name
	.byte	2                       @ DW_AT_decl_file
	.short	270                     @ DW_AT_decl_line
	.byte	1                       @ DW_AT_prototyped
	.byte	1                       @ DW_AT_external
	.byte	22                      @ Abbrev [22] 0x32b:0xf DW_TAG_formal_parameter
	.byte	2                       @ DW_AT_location
	.byte	145
	.byte	0
	.long	.Linfo_string64         @ DW_AT_name
	.byte	2                       @ DW_AT_decl_file
	.short	270                     @ DW_AT_decl_line
	.long	115                     @ DW_AT_type
	.byte	0                       @ End Of Children Mark
	.byte	23                      @ Abbrev [23] 0x33b:0x37 DW_TAG_subprogram
	.long	.Lfunc_begin12          @ DW_AT_low_pc
	.long	.Lfunc_end12            @ DW_AT_high_pc
	.byte	1                       @ DW_AT_frame_base
	.byte	93
	.long	.Linfo_string55         @ DW_AT_name
	.byte	2                       @ DW_AT_decl_file
	.short	292                     @ DW_AT_decl_line
	.byte	1                       @ DW_AT_prototyped
	.long	882                     @ DW_AT_type
	.byte	1                       @ DW_AT_external
	.byte	22                      @ Abbrev [22] 0x353:0xf DW_TAG_formal_parameter
	.byte	2                       @ DW_AT_location
	.byte	145
	.byte	4
	.long	.Linfo_string65         @ DW_AT_name
	.byte	2                       @ DW_AT_decl_file
	.short	292                     @ DW_AT_decl_line
	.long	115                     @ DW_AT_type
	.byte	24                      @ Abbrev [24] 0x362:0xf DW_TAG_variable
	.byte	2                       @ DW_AT_location
	.byte	145
	.byte	0
	.long	.Linfo_string66         @ DW_AT_name
	.byte	2                       @ DW_AT_decl_file
	.short	294                     @ DW_AT_decl_line
	.long	882                     @ DW_AT_type
	.byte	0                       @ End Of Children Mark
	.byte	7                       @ Abbrev [7] 0x372:0xb DW_TAG_typedef
	.long	304                     @ DW_AT_type
	.long	.Linfo_string56         @ DW_AT_name
	.byte	4                       @ DW_AT_decl_file
	.byte	158                     @ DW_AT_decl_line
	.byte	0                       @ End Of Children Mark
.Ldebug_info_end0:
	.section	.debug_ranges,"",%progbits
.Ldebug_ranges0:
	.long	.Lfunc_begin0
	.long	.Lfunc_end0
	.long	.Lfunc_begin1
	.long	.Lfunc_end1
	.long	.Lfunc_begin2
	.long	.Lfunc_end2
	.long	.Lfunc_begin3
	.long	.Lfunc_end3
	.long	.Lfunc_begin4
	.long	.Lfunc_end4
	.long	.Lfunc_begin5
	.long	.Lfunc_end5
	.long	.Lfunc_begin6
	.long	.Lfunc_end6
	.long	.Lfunc_begin7
	.long	.Lfunc_end7
	.long	.Lfunc_begin8
	.long	.Lfunc_end8
	.long	.Lfunc_begin9
	.long	.Lfunc_end9
	.long	.Lfunc_begin10
	.long	.Lfunc_end10
	.long	.Lfunc_begin11
	.long	.Lfunc_end11
	.long	.Lfunc_begin12
	.long	.Lfunc_end12
	.long	0
	.long	0
	.ident	"Component: ARM Compiler 6.14 Tool: armclang [5db06c00]"
	.section	".note.GNU-stack","",%progbits
	.eabi_attribute	30, 6	@ Tag_ABI_optimization_goals
	.ARM_attribute	16, 1	@ Tag_AV_eba
	.section	.debug_line,"",%progbits
.Lline_table_start0:
