	.text
	.syntax unified
	.eabi_attribute	67, "2.09"	@ Tag_conformance
	.cpu	cortex-m23
	.eabi_attribute	6, 16	@ Tag_CPU_arch
	.eabi_attribute	7, 77	@ Tag_CPU_arch_profile
	.eabi_attribute	8, 0	@ Tag_ARM_ISA_use
	.eabi_attribute	9, 3	@ Tag_THUMB_ISA_use
	.eabi_attribute	34, 0	@ Tag_CPU_unaligned_access
	.eabi_attribute	17, 1	@ Tag_ABI_PCS_GOT_use
	.eabi_attribute	20, 2	@ Tag_ABI_FP_denormal
	.eabi_attribute	21, 0	@ Tag_ABI_FP_exceptions
	.eabi_attribute	23, 1	@ Tag_ABI_FP_number_model
	.eabi_attribute	24, 1	@ Tag_ABI_align_needed
	.eabi_attribute	25, 1	@ Tag_ABI_align_preserved
	.eabi_attribute	38, 1	@ Tag_ABI_FP_16bit_format
	.eabi_attribute	18, 2	@ Tag_ABI_PCS_wchar_t
	.eabi_attribute	26, 1	@ Tag_ABI_enum_size
	.eabi_attribute	14, 0	@ Tag_ABI_PCS_R9_use
	.file	"gd32e230_wwdgt.c"
	.file	1 "E:\\Soway\\Soway_product-soft\\105 - T119-GD\\E230 -  ds18b20-F8\\MDK-ARM" "../GD32E230_Firmware_Library/GD32E230_standard_peripheral/Include\\gd32e230_rcu.h"
	.file	2 "E:\\Soway\\Soway_product-soft\\105 - T119-GD\\E230 -  ds18b20-F8\\MDK-ARM" "../GD32E230_Firmware_Library/CMSIS/GD/GD32E230/Include\\gd32e230.h"
	.file	3 "D:\\Keil_v5\\ARM\\ARMCLANG\\Bin\\..\\include" "stdint.h"
	.section	.text.wwdgt_deinit,"ax",%progbits
	.hidden	wwdgt_deinit            @ -- Begin function wwdgt_deinit
	.globl	wwdgt_deinit
	.p2align	2
	.type	wwdgt_deinit,%function
	.code	16                      @ @wwdgt_deinit
	.thumb_func
wwdgt_deinit:
.Lfunc_begin0:
	.file	4 "E:\\Soway\\Soway_product-soft\\105 - T119-GD\\E230 -  ds18b20-F8\\MDK-ARM" "../GD32E230_Firmware_Library/GD32E230_standard_peripheral/Source/gd32e230_wwdgt.c"
	.loc	4 52 0                  @ ../GD32E230_Firmware_Library/GD32E230_standard_peripheral/Source/gd32e230_wwdgt.c:52:0
	.fnstart
	.cfi_sections .debug_frame
	.cfi_startproc
@ %bb.0:
	.save	{r7, lr}
	push	{r7, lr}
	.cfi_def_cfa_offset 8
	.cfi_offset lr, -4
	.cfi_offset r7, -8
	.pad	#8
	sub	sp, #8
	.cfi_def_cfa_offset 16
	ldr	r0, __arm_cp.0_0
.Ltmp0:
	.loc	4 53 5 prologue_end     @ ../GD32E230_Firmware_Library/GD32E230_standard_peripheral/Source/gd32e230_wwdgt.c:53:5
	str	r0, [sp, #4]            @ 4-byte Spill
	bl	rcu_periph_reset_enable
	.loc	4 54 5                  @ ../GD32E230_Firmware_Library/GD32E230_standard_peripheral/Source/gd32e230_wwdgt.c:54:5
	ldr	r0, [sp, #4]            @ 4-byte Reload
	bl	rcu_periph_reset_disable
	.loc	4 55 1                  @ ../GD32E230_Firmware_Library/GD32E230_standard_peripheral/Source/gd32e230_wwdgt.c:55:1
	add	sp, #8
	pop	{r7, pc}
.Ltmp1:
	.p2align	2
@ %bb.1:
	.loc	4 0 1 is_stmt 0         @ ../GD32E230_Firmware_Library/GD32E230_standard_peripheral/Source/gd32e230_wwdgt.c:0:1
__arm_cp.0_0:
	.long	1035                    @ 0x40b
.Lcpi_end0:
	.size	__arm_cp.0_0, .Lcpi_end0-__arm_cp.0_0
.Lfunc_end0:
	.size	wwdgt_deinit, .Lfunc_end0-wwdgt_deinit
	.cfi_endproc
	.cantunwind
	.fnend
                                        @ -- End function
	.section	.text.wwdgt_enable,"ax",%progbits
	.hidden	wwdgt_enable            @ -- Begin function wwdgt_enable
	.globl	wwdgt_enable
	.p2align	2
	.type	wwdgt_enable,%function
	.code	16                      @ @wwdgt_enable
	.thumb_func
wwdgt_enable:
.Lfunc_begin1:
	.loc	4 64 0 is_stmt 1        @ ../GD32E230_Firmware_Library/GD32E230_standard_peripheral/Source/gd32e230_wwdgt.c:64:0
	.fnstart
	.cfi_startproc
@ %bb.0:
	ldr	r0, __arm_cp.1_0
.Ltmp2:
	.loc	4 65 15 prologue_end    @ ../GD32E230_Firmware_Library/GD32E230_standard_peripheral/Source/gd32e230_wwdgt.c:65:15
	ldr	r1, [r0]
	movs	r2, #128
	orrs	r1, r2
	str	r1, [r0]
	.loc	4 66 1                  @ ../GD32E230_Firmware_Library/GD32E230_standard_peripheral/Source/gd32e230_wwdgt.c:66:1
	bx	lr
.Ltmp3:
	.p2align	2
@ %bb.1:
	.loc	4 0 1 is_stmt 0         @ ../GD32E230_Firmware_Library/GD32E230_standard_peripheral/Source/gd32e230_wwdgt.c:0:1
__arm_cp.1_0:
	.long	1073753088              @ 0x40002c00
.Lcpi_end1:
	.size	__arm_cp.1_0, .Lcpi_end1-__arm_cp.1_0
.Lfunc_end1:
	.size	wwdgt_enable, .Lfunc_end1-wwdgt_enable
	.cfi_endproc
	.cantunwind
	.fnend
                                        @ -- End function
	.section	.text.wwdgt_counter_update,"ax",%progbits
	.hidden	wwdgt_counter_update    @ -- Begin function wwdgt_counter_update
	.globl	wwdgt_counter_update
	.p2align	2
	.type	wwdgt_counter_update,%function
	.code	16                      @ @wwdgt_counter_update
	.thumb_func
wwdgt_counter_update:
.Lfunc_begin2:
	.loc	4 75 0 is_stmt 1        @ ../GD32E230_Firmware_Library/GD32E230_standard_peripheral/Source/gd32e230_wwdgt.c:75:0
	.fnstart
	.cfi_startproc
@ %bb.0:
	.save	{r4, lr}
	push	{r4, lr}
	.cfi_def_cfa_offset 8
	.cfi_offset lr, -4
	.cfi_offset r4, -8
	.pad	#8
	sub	sp, #8
	.cfi_def_cfa_offset 16
	mov	r1, r0
	add	r2, sp, #4
	strh	r0, [r2]
	movs	r0, #0
.Ltmp4:
	.loc	4 76 14 prologue_end    @ ../GD32E230_Firmware_Library/GD32E230_standard_peripheral/Source/gd32e230_wwdgt.c:76:14
	str	r0, [sp]
	ldr	r0, __arm_cp.2_0
	.loc	4 78 11                 @ ../GD32E230_Firmware_Library/GD32E230_standard_peripheral/Source/gd32e230_wwdgt.c:78:11
	ldr	r3, [r0]
	movs	r4, #127
	.loc	4 78 21 is_stmt 0       @ ../GD32E230_Firmware_Library/GD32E230_standard_peripheral/Source/gd32e230_wwdgt.c:78:21
	bics	r3, r4
	.loc	4 78 9                  @ ../GD32E230_Firmware_Library/GD32E230_standard_peripheral/Source/gd32e230_wwdgt.c:78:9
	str	r3, [sp]
	.loc	4 79 23 is_stmt 1       @ ../GD32E230_Firmware_Library/GD32E230_standard_peripheral/Source/gd32e230_wwdgt.c:79:23
	ldrh	r2, [r2]
	ands	r2, r4
	.loc	4 79 9 is_stmt 0        @ ../GD32E230_Firmware_Library/GD32E230_standard_peripheral/Source/gd32e230_wwdgt.c:79:9
	ldr	r3, [sp]
	orrs	r3, r2
	str	r3, [sp]
	.loc	4 81 27 is_stmt 1       @ ../GD32E230_Firmware_Library/GD32E230_standard_peripheral/Source/gd32e230_wwdgt.c:81:27
	ldr	r2, [sp]
	.loc	4 81 15 is_stmt 0       @ ../GD32E230_Firmware_Library/GD32E230_standard_peripheral/Source/gd32e230_wwdgt.c:81:15
	str	r2, [r0]
	.loc	4 82 1 is_stmt 1        @ ../GD32E230_Firmware_Library/GD32E230_standard_peripheral/Source/gd32e230_wwdgt.c:82:1
	add	sp, #8
	pop	{r4, pc}
.Ltmp5:
	.p2align	2
@ %bb.1:
	.loc	4 0 1 is_stmt 0         @ ../GD32E230_Firmware_Library/GD32E230_standard_peripheral/Source/gd32e230_wwdgt.c:0:1
__arm_cp.2_0:
	.long	1073753088              @ 0x40002c00
.Lcpi_end2:
	.size	__arm_cp.2_0, .Lcpi_end2-__arm_cp.2_0
.Lfunc_end2:
	.size	wwdgt_counter_update, .Lfunc_end2-wwdgt_counter_update
	.cfi_endproc
	.cantunwind
	.fnend
                                        @ -- End function
	.section	.text.wwdgt_config,"ax",%progbits
	.hidden	wwdgt_config            @ -- Begin function wwdgt_config
	.globl	wwdgt_config
	.p2align	2
	.type	wwdgt_config,%function
	.code	16                      @ @wwdgt_config
	.thumb_func
wwdgt_config:
.Lfunc_begin3:
	.loc	4 98 0 is_stmt 1        @ ../GD32E230_Firmware_Library/GD32E230_standard_peripheral/Source/gd32e230_wwdgt.c:98:0
	.fnstart
	.cfi_startproc
@ %bb.0:
	.save	{r4, r5, r6, r7, lr}
	push	{r4, r5, r6, r7, lr}
	.cfi_def_cfa_offset 20
	.cfi_offset lr, -4
	.cfi_offset r7, -8
	.cfi_offset r6, -12
	.cfi_offset r5, -16
	.cfi_offset r4, -20
	.pad	#20
	sub	sp, #20
	.cfi_def_cfa_offset 40
	mov	r3, r1
	mov	r4, r0
	add	r5, sp, #16
	strh	r0, [r5]
	add	r0, sp, #12
	strh	r1, [r0]
	str	r2, [sp, #8]
	movs	r1, #0
.Ltmp6:
	.loc	4 99 14 prologue_end    @ ../GD32E230_Firmware_Library/GD32E230_standard_peripheral/Source/gd32e230_wwdgt.c:99:14
	str	r1, [sp, #4]
	.loc	4 99 37 is_stmt 0       @ ../GD32E230_Firmware_Library/GD32E230_standard_peripheral/Source/gd32e230_wwdgt.c:99:37
	str	r1, [sp]
	ldr	r1, __arm_cp.3_0
	.loc	4 102 15 is_stmt 1      @ ../GD32E230_Firmware_Library/GD32E230_standard_peripheral/Source/gd32e230_wwdgt.c:102:15
	ldr	r2, [r1]
	ldr	r6, __arm_cp.3_1
	.loc	4 102 25 is_stmt 0      @ ../GD32E230_Firmware_Library/GD32E230_standard_peripheral/Source/gd32e230_wwdgt.c:102:25
	ands	r2, r6
	.loc	4 102 13                @ ../GD32E230_Firmware_Library/GD32E230_standard_peripheral/Source/gd32e230_wwdgt.c:102:13
	str	r2, [sp, #4]
	ldr	r2, __arm_cp.3_2
	.loc	4 103 15 is_stmt 1      @ ../GD32E230_Firmware_Library/GD32E230_standard_peripheral/Source/gd32e230_wwdgt.c:103:15
	ldr	r6, [r2]
	movs	r7, #127
	.loc	4 103 25 is_stmt 0      @ ../GD32E230_Firmware_Library/GD32E230_standard_peripheral/Source/gd32e230_wwdgt.c:103:25
	bics	r6, r7
	.loc	4 103 13                @ ../GD32E230_Firmware_Library/GD32E230_standard_peripheral/Source/gd32e230_wwdgt.c:103:13
	str	r6, [sp]
	.loc	4 106 27 is_stmt 1      @ ../GD32E230_Firmware_Library/GD32E230_standard_peripheral/Source/gd32e230_wwdgt.c:106:27
	ldrh	r0, [r0]
	ands	r0, r7
	.loc	4 106 13 is_stmt 0      @ ../GD32E230_Firmware_Library/GD32E230_standard_peripheral/Source/gd32e230_wwdgt.c:106:13
	ldr	r6, [sp, #4]
	orrs	r6, r0
	str	r6, [sp, #4]
	.loc	4 107 27 is_stmt 1      @ ../GD32E230_Firmware_Library/GD32E230_standard_peripheral/Source/gd32e230_wwdgt.c:107:27
	ldr	r0, [sp, #8]
	.loc	4 107 13 is_stmt 0      @ ../GD32E230_Firmware_Library/GD32E230_standard_peripheral/Source/gd32e230_wwdgt.c:107:13
	ldr	r6, [sp, #4]
	orrs	r6, r0
	str	r6, [sp, #4]
	.loc	4 108 27 is_stmt 1      @ ../GD32E230_Firmware_Library/GD32E230_standard_peripheral/Source/gd32e230_wwdgt.c:108:27
	ldrh	r0, [r5]
	ands	r0, r7
	.loc	4 108 13 is_stmt 0      @ ../GD32E230_Firmware_Library/GD32E230_standard_peripheral/Source/gd32e230_wwdgt.c:108:13
	ldr	r5, [sp]
	orrs	r5, r0
	str	r5, [sp]
	.loc	4 110 27 is_stmt 1      @ ../GD32E230_Firmware_Library/GD32E230_standard_peripheral/Source/gd32e230_wwdgt.c:110:27
	ldr	r0, [sp, #4]
	.loc	4 110 15 is_stmt 0      @ ../GD32E230_Firmware_Library/GD32E230_standard_peripheral/Source/gd32e230_wwdgt.c:110:15
	str	r0, [r1]
	.loc	4 111 27 is_stmt 1      @ ../GD32E230_Firmware_Library/GD32E230_standard_peripheral/Source/gd32e230_wwdgt.c:111:27
	ldr	r0, [sp]
	.loc	4 111 15 is_stmt 0      @ ../GD32E230_Firmware_Library/GD32E230_standard_peripheral/Source/gd32e230_wwdgt.c:111:15
	str	r0, [r2]
	.loc	4 112 1 is_stmt 1       @ ../GD32E230_Firmware_Library/GD32E230_standard_peripheral/Source/gd32e230_wwdgt.c:112:1
	add	sp, #20
	pop	{r4, r5, r6, r7, pc}
.Ltmp7:
	.p2align	2
@ %bb.1:
	.loc	4 0 1 is_stmt 0         @ ../GD32E230_Firmware_Library/GD32E230_standard_peripheral/Source/gd32e230_wwdgt.c:0:1
__arm_cp.3_0:
	.long	1073753092              @ 0x40002c04
.Lcpi_end3:
	.size	__arm_cp.3_0, .Lcpi_end3-__arm_cp.3_0
__arm_cp.3_1:
	.long	4294966784              @ 0xfffffe00
.Lcpi_end4:
	.size	__arm_cp.3_1, .Lcpi_end4-__arm_cp.3_1
__arm_cp.3_2:
	.long	1073753088              @ 0x40002c00
.Lcpi_end5:
	.size	__arm_cp.3_2, .Lcpi_end5-__arm_cp.3_2
.Lfunc_end3:
	.size	wwdgt_config, .Lfunc_end3-wwdgt_config
	.cfi_endproc
	.cantunwind
	.fnend
                                        @ -- End function
	.section	.text.wwdgt_interrupt_enable,"ax",%progbits
	.hidden	wwdgt_interrupt_enable  @ -- Begin function wwdgt_interrupt_enable
	.globl	wwdgt_interrupt_enable
	.p2align	2
	.type	wwdgt_interrupt_enable,%function
	.code	16                      @ @wwdgt_interrupt_enable
	.thumb_func
wwdgt_interrupt_enable:
.Lfunc_begin4:
	.loc	4 121 0 is_stmt 1       @ ../GD32E230_Firmware_Library/GD32E230_standard_peripheral/Source/gd32e230_wwdgt.c:121:0
	.fnstart
	.cfi_startproc
@ %bb.0:
	ldr	r0, __arm_cp.4_0
.Ltmp8:
	.loc	4 122 15 prologue_end   @ ../GD32E230_Firmware_Library/GD32E230_standard_peripheral/Source/gd32e230_wwdgt.c:122:15
	ldr	r1, [r0]
	movw	r2, #512
	orrs	r1, r2
	str	r1, [r0]
	.loc	4 123 1                 @ ../GD32E230_Firmware_Library/GD32E230_standard_peripheral/Source/gd32e230_wwdgt.c:123:1
	bx	lr
.Ltmp9:
	.p2align	2
@ %bb.1:
	.loc	4 0 1 is_stmt 0         @ ../GD32E230_Firmware_Library/GD32E230_standard_peripheral/Source/gd32e230_wwdgt.c:0:1
__arm_cp.4_0:
	.long	1073753092              @ 0x40002c04
.Lcpi_end6:
	.size	__arm_cp.4_0, .Lcpi_end6-__arm_cp.4_0
.Lfunc_end4:
	.size	wwdgt_interrupt_enable, .Lfunc_end4-wwdgt_interrupt_enable
	.cfi_endproc
	.cantunwind
	.fnend
                                        @ -- End function
	.section	.text.wwdgt_flag_get,"ax",%progbits
	.hidden	wwdgt_flag_get          @ -- Begin function wwdgt_flag_get
	.globl	wwdgt_flag_get
	.p2align	2
	.type	wwdgt_flag_get,%function
	.code	16                      @ @wwdgt_flag_get
	.thumb_func
wwdgt_flag_get:
.Lfunc_begin5:
	.loc	4 132 0 is_stmt 1       @ ../GD32E230_Firmware_Library/GD32E230_standard_peripheral/Source/gd32e230_wwdgt.c:132:0
	.fnstart
	.cfi_startproc
@ %bb.0:
	.pad	#4
	sub	sp, #4
	.cfi_def_cfa_offset 4
	ldr	r0, __arm_cp.5_0
.Ltmp10:
	.loc	4 133 16 prologue_end   @ ../GD32E230_Firmware_Library/GD32E230_standard_peripheral/Source/gd32e230_wwdgt.c:133:16
	ldr	r0, [r0]
.Ltmp11:
	.loc	4 133 6 is_stmt 0       @ ../GD32E230_Firmware_Library/GD32E230_standard_peripheral/Source/gd32e230_wwdgt.c:133:6
	lsls	r0, r0, #31
	cmp	r0, #0
	beq	.LBB5_2
	b	.LBB5_1
.LBB5_1:
	.loc	4 0 6                   @ ../GD32E230_Firmware_Library/GD32E230_standard_peripheral/Source/gd32e230_wwdgt.c:0:6
	mov	r0, sp
	movs	r1, #1
.Ltmp12:
	.loc	4 134 9 is_stmt 1       @ ../GD32E230_Firmware_Library/GD32E230_standard_peripheral/Source/gd32e230_wwdgt.c:134:9
	strb	r1, [r0]
	b	.LBB5_3
.Ltmp13:
.LBB5_2:
	.loc	4 0 9 is_stmt 0         @ ../GD32E230_Firmware_Library/GD32E230_standard_peripheral/Source/gd32e230_wwdgt.c:0:9
	mov	r0, sp
	movs	r1, #0
	.loc	4 136 5 is_stmt 1       @ ../GD32E230_Firmware_Library/GD32E230_standard_peripheral/Source/gd32e230_wwdgt.c:136:5
	strb	r1, [r0]
	b	.LBB5_3
.LBB5_3:
	.loc	4 0 5 is_stmt 0         @ ../GD32E230_Firmware_Library/GD32E230_standard_peripheral/Source/gd32e230_wwdgt.c:0:5
	mov	r0, sp
	.loc	4 137 1 is_stmt 1       @ ../GD32E230_Firmware_Library/GD32E230_standard_peripheral/Source/gd32e230_wwdgt.c:137:1
	ldrb	r0, [r0]
	add	sp, #4
	bx	lr
.Ltmp14:
	.p2align	2
@ %bb.4:
	.loc	4 0 1 is_stmt 0         @ ../GD32E230_Firmware_Library/GD32E230_standard_peripheral/Source/gd32e230_wwdgt.c:0:1
__arm_cp.5_0:
	.long	1073753096              @ 0x40002c08
.Lcpi_end7:
	.size	__arm_cp.5_0, .Lcpi_end7-__arm_cp.5_0
.Lfunc_end5:
	.size	wwdgt_flag_get, .Lfunc_end5-wwdgt_flag_get
	.cfi_endproc
	.cantunwind
	.fnend
                                        @ -- End function
	.section	.text.wwdgt_flag_clear,"ax",%progbits
	.hidden	wwdgt_flag_clear        @ -- Begin function wwdgt_flag_clear
	.globl	wwdgt_flag_clear
	.p2align	2
	.type	wwdgt_flag_clear,%function
	.code	16                      @ @wwdgt_flag_clear
	.thumb_func
wwdgt_flag_clear:
.Lfunc_begin6:
	.loc	4 146 0 is_stmt 1       @ ../GD32E230_Firmware_Library/GD32E230_standard_peripheral/Source/gd32e230_wwdgt.c:146:0
	.fnstart
	.cfi_startproc
@ %bb.0:
	ldr	r0, __arm_cp.6_0
.Ltmp15:
	.loc	4 147 16 prologue_end   @ ../GD32E230_Firmware_Library/GD32E230_standard_peripheral/Source/gd32e230_wwdgt.c:147:16
	ldr	r1, [r0]
	movs	r2, #1
	bics	r1, r2
	str	r1, [r0]
	.loc	4 148 1                 @ ../GD32E230_Firmware_Library/GD32E230_standard_peripheral/Source/gd32e230_wwdgt.c:148:1
	bx	lr
.Ltmp16:
	.p2align	2
@ %bb.1:
	.loc	4 0 1 is_stmt 0         @ ../GD32E230_Firmware_Library/GD32E230_standard_peripheral/Source/gd32e230_wwdgt.c:0:1
__arm_cp.6_0:
	.long	1073753096              @ 0x40002c08
.Lcpi_end8:
	.size	__arm_cp.6_0, .Lcpi_end8-__arm_cp.6_0
.Lfunc_end6:
	.size	wwdgt_flag_clear, .Lfunc_end6-wwdgt_flag_clear
	.cfi_endproc
	.cantunwind
	.fnend
                                        @ -- End function
	.section	.debug_str,"MS",%progbits,1
.Linfo_string0:
	.asciz	"Component: ARM Compiler 6.14 Tool: armclang [5db06c00]" @ string offset=0
.Linfo_string1:
	.asciz	"../GD32E230_Firmware_Library/GD32E230_standard_peripheral/Source\\gd32e230_wwdgt.c" @ string offset=55
.Linfo_string2:
	.asciz	"E:\\Soway\\Soway_product-soft\\105 - T119-GD\\E230 -  ds18b20-F8\\MDK-ARM" @ string offset=137
.Linfo_string3:
	.asciz	"unsigned short"        @ string offset=206
.Linfo_string4:
	.asciz	"RCU_GPIOARST"          @ string offset=221
.Linfo_string5:
	.asciz	"RCU_GPIOBRST"          @ string offset=234
.Linfo_string6:
	.asciz	"RCU_GPIOCRST"          @ string offset=247
.Linfo_string7:
	.asciz	"RCU_GPIOFRST"          @ string offset=260
.Linfo_string8:
	.asciz	"RCU_CFGCMPRST"         @ string offset=273
.Linfo_string9:
	.asciz	"RCU_ADCRST"            @ string offset=287
.Linfo_string10:
	.asciz	"RCU_TIMER0RST"         @ string offset=298
.Linfo_string11:
	.asciz	"RCU_SPI0RST"           @ string offset=312
.Linfo_string12:
	.asciz	"RCU_USART0RST"         @ string offset=324
.Linfo_string13:
	.asciz	"RCU_TIMER14RST"        @ string offset=338
.Linfo_string14:
	.asciz	"RCU_TIMER15RST"        @ string offset=353
.Linfo_string15:
	.asciz	"RCU_TIMER16RST"        @ string offset=368
.Linfo_string16:
	.asciz	"RCU_TIMER2RST"         @ string offset=383
.Linfo_string17:
	.asciz	"RCU_TIMER5RST"         @ string offset=397
.Linfo_string18:
	.asciz	"RCU_TIMER13RST"        @ string offset=411
.Linfo_string19:
	.asciz	"RCU_WWDGTRST"          @ string offset=426
.Linfo_string20:
	.asciz	"RCU_SPI1RST"           @ string offset=439
.Linfo_string21:
	.asciz	"RCU_USART1RST"         @ string offset=451
.Linfo_string22:
	.asciz	"RCU_I2C0RST"           @ string offset=465
.Linfo_string23:
	.asciz	"RCU_I2C1RST"           @ string offset=477
.Linfo_string24:
	.asciz	"RCU_PMURST"            @ string offset=489
.Linfo_string25:
	.asciz	"unsigned char"         @ string offset=500
.Linfo_string26:
	.asciz	"RESET"                 @ string offset=514
.Linfo_string27:
	.asciz	"SET"                   @ string offset=520
.Linfo_string28:
	.asciz	"unsigned int"          @ string offset=524
.Linfo_string29:
	.asciz	"uint32_t"              @ string offset=537
.Linfo_string30:
	.asciz	"wwdgt_deinit"          @ string offset=546
.Linfo_string31:
	.asciz	"wwdgt_enable"          @ string offset=559
.Linfo_string32:
	.asciz	"wwdgt_counter_update"  @ string offset=572
.Linfo_string33:
	.asciz	"wwdgt_config"          @ string offset=593
.Linfo_string34:
	.asciz	"wwdgt_interrupt_enable" @ string offset=606
.Linfo_string35:
	.asciz	"wwdgt_flag_get"        @ string offset=629
.Linfo_string36:
	.asciz	"FlagStatus"            @ string offset=644
.Linfo_string37:
	.asciz	"wwdgt_flag_clear"      @ string offset=655
.Linfo_string38:
	.asciz	"counter_value"         @ string offset=672
.Linfo_string39:
	.asciz	"uint16_t"              @ string offset=686
.Linfo_string40:
	.asciz	"reg"                   @ string offset=695
.Linfo_string41:
	.asciz	"counter"               @ string offset=699
.Linfo_string42:
	.asciz	"window"                @ string offset=707
.Linfo_string43:
	.asciz	"prescaler"             @ string offset=714
.Linfo_string44:
	.asciz	"reg_cfg"               @ string offset=724
.Linfo_string45:
	.asciz	"reg_ctl"               @ string offset=732
	.section	.debug_abbrev,"",%progbits
	.byte	1                       @ Abbreviation Code
	.byte	17                      @ DW_TAG_compile_unit
	.byte	1                       @ DW_CHILDREN_yes
	.byte	37                      @ DW_AT_producer
	.byte	14                      @ DW_FORM_strp
	.byte	19                      @ DW_AT_language
	.byte	5                       @ DW_FORM_data2
	.byte	3                       @ DW_AT_name
	.byte	14                      @ DW_FORM_strp
	.byte	16                      @ DW_AT_stmt_list
	.byte	6                       @ DW_FORM_data4
	.byte	27                      @ DW_AT_comp_dir
	.byte	14                      @ DW_FORM_strp
	.byte	17                      @ DW_AT_low_pc
	.byte	1                       @ DW_FORM_addr
	.byte	85                      @ DW_AT_ranges
	.byte	6                       @ DW_FORM_data4
	.byte	0                       @ EOM(1)
	.byte	0                       @ EOM(2)
	.byte	2                       @ Abbreviation Code
	.byte	4                       @ DW_TAG_enumeration_type
	.byte	1                       @ DW_CHILDREN_yes
	.byte	73                      @ DW_AT_type
	.byte	19                      @ DW_FORM_ref4
	.byte	11                      @ DW_AT_byte_size
	.byte	11                      @ DW_FORM_data1
	.byte	58                      @ DW_AT_decl_file
	.byte	11                      @ DW_FORM_data1
	.byte	59                      @ DW_AT_decl_line
	.byte	5                       @ DW_FORM_data2
	.byte	0                       @ EOM(1)
	.byte	0                       @ EOM(2)
	.byte	3                       @ Abbreviation Code
	.byte	40                      @ DW_TAG_enumerator
	.byte	0                       @ DW_CHILDREN_no
	.byte	3                       @ DW_AT_name
	.byte	14                      @ DW_FORM_strp
	.byte	28                      @ DW_AT_const_value
	.byte	15                      @ DW_FORM_udata
	.byte	0                       @ EOM(1)
	.byte	0                       @ EOM(2)
	.byte	4                       @ Abbreviation Code
	.byte	36                      @ DW_TAG_base_type
	.byte	0                       @ DW_CHILDREN_no
	.byte	3                       @ DW_AT_name
	.byte	14                      @ DW_FORM_strp
	.byte	62                      @ DW_AT_encoding
	.byte	11                      @ DW_FORM_data1
	.byte	11                      @ DW_AT_byte_size
	.byte	11                      @ DW_FORM_data1
	.byte	0                       @ EOM(1)
	.byte	0                       @ EOM(2)
	.byte	5                       @ Abbreviation Code
	.byte	4                       @ DW_TAG_enumeration_type
	.byte	1                       @ DW_CHILDREN_yes
	.byte	73                      @ DW_AT_type
	.byte	19                      @ DW_FORM_ref4
	.byte	11                      @ DW_AT_byte_size
	.byte	11                      @ DW_FORM_data1
	.byte	58                      @ DW_AT_decl_file
	.byte	11                      @ DW_FORM_data1
	.byte	59                      @ DW_AT_decl_line
	.byte	11                      @ DW_FORM_data1
	.byte	0                       @ EOM(1)
	.byte	0                       @ EOM(2)
	.byte	6                       @ Abbreviation Code
	.byte	22                      @ DW_TAG_typedef
	.byte	0                       @ DW_CHILDREN_no
	.byte	73                      @ DW_AT_type
	.byte	19                      @ DW_FORM_ref4
	.byte	3                       @ DW_AT_name
	.byte	14                      @ DW_FORM_strp
	.byte	58                      @ DW_AT_decl_file
	.byte	11                      @ DW_FORM_data1
	.byte	59                      @ DW_AT_decl_line
	.byte	11                      @ DW_FORM_data1
	.byte	0                       @ EOM(1)
	.byte	0                       @ EOM(2)
	.byte	7                       @ Abbreviation Code
	.byte	15                      @ DW_TAG_pointer_type
	.byte	0                       @ DW_CHILDREN_no
	.byte	73                      @ DW_AT_type
	.byte	19                      @ DW_FORM_ref4
	.byte	0                       @ EOM(1)
	.byte	0                       @ EOM(2)
	.byte	8                       @ Abbreviation Code
	.byte	53                      @ DW_TAG_volatile_type
	.byte	0                       @ DW_CHILDREN_no
	.byte	73                      @ DW_AT_type
	.byte	19                      @ DW_FORM_ref4
	.byte	0                       @ EOM(1)
	.byte	0                       @ EOM(2)
	.byte	9                       @ Abbreviation Code
	.byte	46                      @ DW_TAG_subprogram
	.byte	0                       @ DW_CHILDREN_no
	.byte	17                      @ DW_AT_low_pc
	.byte	1                       @ DW_FORM_addr
	.byte	18                      @ DW_AT_high_pc
	.byte	1                       @ DW_FORM_addr
	.byte	64                      @ DW_AT_frame_base
	.byte	10                      @ DW_FORM_block1
	.byte	3                       @ DW_AT_name
	.byte	14                      @ DW_FORM_strp
	.byte	58                      @ DW_AT_decl_file
	.byte	11                      @ DW_FORM_data1
	.byte	59                      @ DW_AT_decl_line
	.byte	11                      @ DW_FORM_data1
	.byte	39                      @ DW_AT_prototyped
	.byte	12                      @ DW_FORM_flag
	.byte	63                      @ DW_AT_external
	.byte	12                      @ DW_FORM_flag
	.byte	0                       @ EOM(1)
	.byte	0                       @ EOM(2)
	.byte	10                      @ Abbreviation Code
	.byte	46                      @ DW_TAG_subprogram
	.byte	1                       @ DW_CHILDREN_yes
	.byte	17                      @ DW_AT_low_pc
	.byte	1                       @ DW_FORM_addr
	.byte	18                      @ DW_AT_high_pc
	.byte	1                       @ DW_FORM_addr
	.byte	64                      @ DW_AT_frame_base
	.byte	10                      @ DW_FORM_block1
	.byte	3                       @ DW_AT_name
	.byte	14                      @ DW_FORM_strp
	.byte	58                      @ DW_AT_decl_file
	.byte	11                      @ DW_FORM_data1
	.byte	59                      @ DW_AT_decl_line
	.byte	11                      @ DW_FORM_data1
	.byte	39                      @ DW_AT_prototyped
	.byte	12                      @ DW_FORM_flag
	.byte	63                      @ DW_AT_external
	.byte	12                      @ DW_FORM_flag
	.byte	0                       @ EOM(1)
	.byte	0                       @ EOM(2)
	.byte	11                      @ Abbreviation Code
	.byte	5                       @ DW_TAG_formal_parameter
	.byte	0                       @ DW_CHILDREN_no
	.byte	2                       @ DW_AT_location
	.byte	10                      @ DW_FORM_block1
	.byte	3                       @ DW_AT_name
	.byte	14                      @ DW_FORM_strp
	.byte	58                      @ DW_AT_decl_file
	.byte	11                      @ DW_FORM_data1
	.byte	59                      @ DW_AT_decl_line
	.byte	11                      @ DW_FORM_data1
	.byte	73                      @ DW_AT_type
	.byte	19                      @ DW_FORM_ref4
	.byte	0                       @ EOM(1)
	.byte	0                       @ EOM(2)
	.byte	12                      @ Abbreviation Code
	.byte	52                      @ DW_TAG_variable
	.byte	0                       @ DW_CHILDREN_no
	.byte	2                       @ DW_AT_location
	.byte	10                      @ DW_FORM_block1
	.byte	3                       @ DW_AT_name
	.byte	14                      @ DW_FORM_strp
	.byte	58                      @ DW_AT_decl_file
	.byte	11                      @ DW_FORM_data1
	.byte	59                      @ DW_AT_decl_line
	.byte	11                      @ DW_FORM_data1
	.byte	73                      @ DW_AT_type
	.byte	19                      @ DW_FORM_ref4
	.byte	0                       @ EOM(1)
	.byte	0                       @ EOM(2)
	.byte	13                      @ Abbreviation Code
	.byte	46                      @ DW_TAG_subprogram
	.byte	0                       @ DW_CHILDREN_no
	.byte	17                      @ DW_AT_low_pc
	.byte	1                       @ DW_FORM_addr
	.byte	18                      @ DW_AT_high_pc
	.byte	1                       @ DW_FORM_addr
	.byte	64                      @ DW_AT_frame_base
	.byte	10                      @ DW_FORM_block1
	.byte	3                       @ DW_AT_name
	.byte	14                      @ DW_FORM_strp
	.byte	58                      @ DW_AT_decl_file
	.byte	11                      @ DW_FORM_data1
	.byte	59                      @ DW_AT_decl_line
	.byte	11                      @ DW_FORM_data1
	.byte	39                      @ DW_AT_prototyped
	.byte	12                      @ DW_FORM_flag
	.byte	73                      @ DW_AT_type
	.byte	19                      @ DW_FORM_ref4
	.byte	63                      @ DW_AT_external
	.byte	12                      @ DW_FORM_flag
	.byte	0                       @ EOM(1)
	.byte	0                       @ EOM(2)
	.byte	0                       @ EOM(3)
	.section	.debug_info,"",%progbits
.Lcu_begin0:
	.long	.Ldebug_info_end0-.Ldebug_info_start0 @ Length of Unit
.Ldebug_info_start0:
	.short	3                       @ DWARF version number
	.long	.debug_abbrev           @ Offset Into Abbrev. Section
	.byte	4                       @ Address Size (in bytes)
	.byte	1                       @ Abbrev [1] 0xb:0x1fb DW_TAG_compile_unit
	.long	.Linfo_string0          @ DW_AT_producer
	.short	12                      @ DW_AT_language
	.long	.Linfo_string1          @ DW_AT_name
	.long	.Lline_table_start0     @ DW_AT_stmt_list
	.long	.Linfo_string2          @ DW_AT_comp_dir
	.long	0                       @ DW_AT_low_pc
	.long	.Ldebug_ranges0         @ DW_AT_ranges
	.byte	2                       @ Abbrev [2] 0x26:0x9d DW_TAG_enumeration_type
	.long	195                     @ DW_AT_type
	.byte	2                       @ DW_AT_byte_size
	.byte	1                       @ DW_AT_decl_file
	.short	293                     @ DW_AT_decl_line
	.byte	3                       @ Abbrev [3] 0x2f:0x7 DW_TAG_enumerator
	.long	.Linfo_string4          @ DW_AT_name
	.ascii	"\221\024"              @ DW_AT_const_value
	.byte	3                       @ Abbrev [3] 0x36:0x7 DW_TAG_enumerator
	.long	.Linfo_string5          @ DW_AT_name
	.ascii	"\222\024"              @ DW_AT_const_value
	.byte	3                       @ Abbrev [3] 0x3d:0x7 DW_TAG_enumerator
	.long	.Linfo_string6          @ DW_AT_name
	.ascii	"\223\024"              @ DW_AT_const_value
	.byte	3                       @ Abbrev [3] 0x44:0x7 DW_TAG_enumerator
	.long	.Linfo_string7          @ DW_AT_name
	.ascii	"\226\024"              @ DW_AT_const_value
	.byte	3                       @ Abbrev [3] 0x4b:0x7 DW_TAG_enumerator
	.long	.Linfo_string8          @ DW_AT_name
	.ascii	"\200\006"              @ DW_AT_const_value
	.byte	3                       @ Abbrev [3] 0x52:0x7 DW_TAG_enumerator
	.long	.Linfo_string9          @ DW_AT_name
	.ascii	"\211\006"              @ DW_AT_const_value
	.byte	3                       @ Abbrev [3] 0x59:0x7 DW_TAG_enumerator
	.long	.Linfo_string10         @ DW_AT_name
	.ascii	"\213\006"              @ DW_AT_const_value
	.byte	3                       @ Abbrev [3] 0x60:0x7 DW_TAG_enumerator
	.long	.Linfo_string11         @ DW_AT_name
	.ascii	"\214\006"              @ DW_AT_const_value
	.byte	3                       @ Abbrev [3] 0x67:0x7 DW_TAG_enumerator
	.long	.Linfo_string12         @ DW_AT_name
	.ascii	"\216\006"              @ DW_AT_const_value
	.byte	3                       @ Abbrev [3] 0x6e:0x7 DW_TAG_enumerator
	.long	.Linfo_string13         @ DW_AT_name
	.ascii	"\220\006"              @ DW_AT_const_value
	.byte	3                       @ Abbrev [3] 0x75:0x7 DW_TAG_enumerator
	.long	.Linfo_string14         @ DW_AT_name
	.ascii	"\221\006"              @ DW_AT_const_value
	.byte	3                       @ Abbrev [3] 0x7c:0x7 DW_TAG_enumerator
	.long	.Linfo_string15         @ DW_AT_name
	.ascii	"\222\006"              @ DW_AT_const_value
	.byte	3                       @ Abbrev [3] 0x83:0x7 DW_TAG_enumerator
	.long	.Linfo_string16         @ DW_AT_name
	.ascii	"\201\b"                @ DW_AT_const_value
	.byte	3                       @ Abbrev [3] 0x8a:0x7 DW_TAG_enumerator
	.long	.Linfo_string17         @ DW_AT_name
	.ascii	"\204\b"                @ DW_AT_const_value
	.byte	3                       @ Abbrev [3] 0x91:0x7 DW_TAG_enumerator
	.long	.Linfo_string18         @ DW_AT_name
	.ascii	"\210\b"                @ DW_AT_const_value
	.byte	3                       @ Abbrev [3] 0x98:0x7 DW_TAG_enumerator
	.long	.Linfo_string19         @ DW_AT_name
	.ascii	"\213\b"                @ DW_AT_const_value
	.byte	3                       @ Abbrev [3] 0x9f:0x7 DW_TAG_enumerator
	.long	.Linfo_string20         @ DW_AT_name
	.ascii	"\216\b"                @ DW_AT_const_value
	.byte	3                       @ Abbrev [3] 0xa6:0x7 DW_TAG_enumerator
	.long	.Linfo_string21         @ DW_AT_name
	.ascii	"\221\b"                @ DW_AT_const_value
	.byte	3                       @ Abbrev [3] 0xad:0x7 DW_TAG_enumerator
	.long	.Linfo_string22         @ DW_AT_name
	.ascii	"\225\b"                @ DW_AT_const_value
	.byte	3                       @ Abbrev [3] 0xb4:0x7 DW_TAG_enumerator
	.long	.Linfo_string23         @ DW_AT_name
	.ascii	"\226\b"                @ DW_AT_const_value
	.byte	3                       @ Abbrev [3] 0xbb:0x7 DW_TAG_enumerator
	.long	.Linfo_string24         @ DW_AT_name
	.ascii	"\234\b"                @ DW_AT_const_value
	.byte	0                       @ End Of Children Mark
	.byte	4                       @ Abbrev [4] 0xc3:0x7 DW_TAG_base_type
	.long	.Linfo_string3          @ DW_AT_name
	.byte	7                       @ DW_AT_encoding
	.byte	2                       @ DW_AT_byte_size
	.byte	5                       @ Abbrev [5] 0xca:0x15 DW_TAG_enumeration_type
	.long	223                     @ DW_AT_type
	.byte	1                       @ DW_AT_byte_size
	.byte	2                       @ DW_AT_decl_file
	.byte	158                     @ DW_AT_decl_line
	.byte	3                       @ Abbrev [3] 0xd2:0x6 DW_TAG_enumerator
	.long	.Linfo_string26         @ DW_AT_name
	.byte	0                       @ DW_AT_const_value
	.byte	3                       @ Abbrev [3] 0xd8:0x6 DW_TAG_enumerator
	.long	.Linfo_string27         @ DW_AT_name
	.byte	1                       @ DW_AT_const_value
	.byte	0                       @ End Of Children Mark
	.byte	4                       @ Abbrev [4] 0xdf:0x7 DW_TAG_base_type
	.long	.Linfo_string25         @ DW_AT_name
	.byte	8                       @ DW_AT_encoding
	.byte	1                       @ DW_AT_byte_size
	.byte	6                       @ Abbrev [6] 0xe6:0xb DW_TAG_typedef
	.long	241                     @ DW_AT_type
	.long	.Linfo_string29         @ DW_AT_name
	.byte	3                       @ DW_AT_decl_file
	.byte	64                      @ DW_AT_decl_line
	.byte	4                       @ Abbrev [4] 0xf1:0x7 DW_TAG_base_type
	.long	.Linfo_string28         @ DW_AT_name
	.byte	7                       @ DW_AT_encoding
	.byte	4                       @ DW_AT_byte_size
	.byte	7                       @ Abbrev [7] 0xf8:0x5 DW_TAG_pointer_type
	.long	253                     @ DW_AT_type
	.byte	8                       @ Abbrev [8] 0xfd:0x5 DW_TAG_volatile_type
	.long	230                     @ DW_AT_type
	.byte	9                       @ Abbrev [9] 0x102:0x13 DW_TAG_subprogram
	.long	.Lfunc_begin0           @ DW_AT_low_pc
	.long	.Lfunc_end0             @ DW_AT_high_pc
	.byte	1                       @ DW_AT_frame_base
	.byte	93
	.long	.Linfo_string30         @ DW_AT_name
	.byte	4                       @ DW_AT_decl_file
	.byte	51                      @ DW_AT_decl_line
	.byte	1                       @ DW_AT_prototyped
	.byte	1                       @ DW_AT_external
	.byte	9                       @ Abbrev [9] 0x115:0x13 DW_TAG_subprogram
	.long	.Lfunc_begin1           @ DW_AT_low_pc
	.long	.Lfunc_end1             @ DW_AT_high_pc
	.byte	1                       @ DW_AT_frame_base
	.byte	93
	.long	.Linfo_string31         @ DW_AT_name
	.byte	4                       @ DW_AT_decl_file
	.byte	63                      @ DW_AT_decl_line
	.byte	1                       @ DW_AT_prototyped
	.byte	1                       @ DW_AT_external
	.byte	10                      @ Abbrev [10] 0x128:0x30 DW_TAG_subprogram
	.long	.Lfunc_begin2           @ DW_AT_low_pc
	.long	.Lfunc_end2             @ DW_AT_high_pc
	.byte	1                       @ DW_AT_frame_base
	.byte	93
	.long	.Linfo_string32         @ DW_AT_name
	.byte	4                       @ DW_AT_decl_file
	.byte	74                      @ DW_AT_decl_line
	.byte	1                       @ DW_AT_prototyped
	.byte	1                       @ DW_AT_external
	.byte	11                      @ Abbrev [11] 0x13b:0xe DW_TAG_formal_parameter
	.byte	2                       @ DW_AT_location
	.byte	145
	.byte	4
	.long	.Linfo_string38         @ DW_AT_name
	.byte	4                       @ DW_AT_decl_file
	.byte	74                      @ DW_AT_decl_line
	.long	506                     @ DW_AT_type
	.byte	12                      @ Abbrev [12] 0x149:0xe DW_TAG_variable
	.byte	2                       @ DW_AT_location
	.byte	145
	.byte	0
	.long	.Linfo_string40         @ DW_AT_name
	.byte	4                       @ DW_AT_decl_file
	.byte	76                      @ DW_AT_decl_line
	.long	230                     @ DW_AT_type
	.byte	0                       @ End Of Children Mark
	.byte	10                      @ Abbrev [10] 0x158:0x5a DW_TAG_subprogram
	.long	.Lfunc_begin3           @ DW_AT_low_pc
	.long	.Lfunc_end3             @ DW_AT_high_pc
	.byte	1                       @ DW_AT_frame_base
	.byte	93
	.long	.Linfo_string33         @ DW_AT_name
	.byte	4                       @ DW_AT_decl_file
	.byte	97                      @ DW_AT_decl_line
	.byte	1                       @ DW_AT_prototyped
	.byte	1                       @ DW_AT_external
	.byte	11                      @ Abbrev [11] 0x16b:0xe DW_TAG_formal_parameter
	.byte	2                       @ DW_AT_location
	.byte	145
	.byte	16
	.long	.Linfo_string41         @ DW_AT_name
	.byte	4                       @ DW_AT_decl_file
	.byte	97                      @ DW_AT_decl_line
	.long	506                     @ DW_AT_type
	.byte	11                      @ Abbrev [11] 0x179:0xe DW_TAG_formal_parameter
	.byte	2                       @ DW_AT_location
	.byte	145
	.byte	12
	.long	.Linfo_string42         @ DW_AT_name
	.byte	4                       @ DW_AT_decl_file
	.byte	97                      @ DW_AT_decl_line
	.long	506                     @ DW_AT_type
	.byte	11                      @ Abbrev [11] 0x187:0xe DW_TAG_formal_parameter
	.byte	2                       @ DW_AT_location
	.byte	145
	.byte	8
	.long	.Linfo_string43         @ DW_AT_name
	.byte	4                       @ DW_AT_decl_file
	.byte	97                      @ DW_AT_decl_line
	.long	230                     @ DW_AT_type
	.byte	12                      @ Abbrev [12] 0x195:0xe DW_TAG_variable
	.byte	2                       @ DW_AT_location
	.byte	145
	.byte	4
	.long	.Linfo_string44         @ DW_AT_name
	.byte	4                       @ DW_AT_decl_file
	.byte	99                      @ DW_AT_decl_line
	.long	230                     @ DW_AT_type
	.byte	12                      @ Abbrev [12] 0x1a3:0xe DW_TAG_variable
	.byte	2                       @ DW_AT_location
	.byte	145
	.byte	0
	.long	.Linfo_string45         @ DW_AT_name
	.byte	4                       @ DW_AT_decl_file
	.byte	99                      @ DW_AT_decl_line
	.long	230                     @ DW_AT_type
	.byte	0                       @ End Of Children Mark
	.byte	9                       @ Abbrev [9] 0x1b2:0x13 DW_TAG_subprogram
	.long	.Lfunc_begin4           @ DW_AT_low_pc
	.long	.Lfunc_end4             @ DW_AT_high_pc
	.byte	1                       @ DW_AT_frame_base
	.byte	93
	.long	.Linfo_string34         @ DW_AT_name
	.byte	4                       @ DW_AT_decl_file
	.byte	120                     @ DW_AT_decl_line
	.byte	1                       @ DW_AT_prototyped
	.byte	1                       @ DW_AT_external
	.byte	13                      @ Abbrev [13] 0x1c5:0x17 DW_TAG_subprogram
	.long	.Lfunc_begin5           @ DW_AT_low_pc
	.long	.Lfunc_end5             @ DW_AT_high_pc
	.byte	1                       @ DW_AT_frame_base
	.byte	93
	.long	.Linfo_string35         @ DW_AT_name
	.byte	4                       @ DW_AT_decl_file
	.byte	131                     @ DW_AT_decl_line
	.byte	1                       @ DW_AT_prototyped
	.long	495                     @ DW_AT_type
	.byte	1                       @ DW_AT_external
	.byte	9                       @ Abbrev [9] 0x1dc:0x13 DW_TAG_subprogram
	.long	.Lfunc_begin6           @ DW_AT_low_pc
	.long	.Lfunc_end6             @ DW_AT_high_pc
	.byte	1                       @ DW_AT_frame_base
	.byte	93
	.long	.Linfo_string37         @ DW_AT_name
	.byte	4                       @ DW_AT_decl_file
	.byte	145                     @ DW_AT_decl_line
	.byte	1                       @ DW_AT_prototyped
	.byte	1                       @ DW_AT_external
	.byte	6                       @ Abbrev [6] 0x1ef:0xb DW_TAG_typedef
	.long	202                     @ DW_AT_type
	.long	.Linfo_string36         @ DW_AT_name
	.byte	2                       @ DW_AT_decl_file
	.byte	158                     @ DW_AT_decl_line
	.byte	6                       @ Abbrev [6] 0x1fa:0xb DW_TAG_typedef
	.long	195                     @ DW_AT_type
	.long	.Linfo_string39         @ DW_AT_name
	.byte	3                       @ DW_AT_decl_file
	.byte	63                      @ DW_AT_decl_line
	.byte	0                       @ End Of Children Mark
.Ldebug_info_end0:
	.section	.debug_ranges,"",%progbits
.Ldebug_ranges0:
	.long	.Lfunc_begin0
	.long	.Lfunc_end0
	.long	.Lfunc_begin1
	.long	.Lfunc_end1
	.long	.Lfunc_begin2
	.long	.Lfunc_end2
	.long	.Lfunc_begin3
	.long	.Lfunc_end3
	.long	.Lfunc_begin4
	.long	.Lfunc_end4
	.long	.Lfunc_begin5
	.long	.Lfunc_end5
	.long	.Lfunc_begin6
	.long	.Lfunc_end6
	.long	0
	.long	0
	.ident	"Component: ARM Compiler 6.14 Tool: armclang [5db06c00]"
	.section	".note.GNU-stack","",%progbits
	.eabi_attribute	30, 6	@ Tag_ABI_optimization_goals
	.ARM_attribute	16, 1	@ Tag_AV_eba
	.section	.debug_line,"",%progbits
.Lline_table_start0:
