	.text
	.syntax unified
	.eabi_attribute	67, "2.09"	@ Tag_conformance
	.cpu	cortex-m23
	.eabi_attribute	6, 16	@ Tag_CPU_arch
	.eabi_attribute	7, 77	@ Tag_CPU_arch_profile
	.eabi_attribute	8, 0	@ Tag_ARM_ISA_use
	.eabi_attribute	9, 3	@ Tag_THUMB_ISA_use
	.eabi_attribute	34, 0	@ Tag_CPU_unaligned_access
	.eabi_attribute	17, 1	@ Tag_ABI_PCS_GOT_use
	.eabi_attribute	20, 2	@ Tag_ABI_FP_denormal
	.eabi_attribute	21, 0	@ Tag_ABI_FP_exceptions
	.eabi_attribute	23, 1	@ Tag_ABI_FP_number_model
	.eabi_attribute	24, 1	@ Tag_ABI_align_needed
	.eabi_attribute	25, 1	@ Tag_ABI_align_preserved
	.eabi_attribute	38, 1	@ Tag_ABI_FP_16bit_format
	.eabi_attribute	18, 2	@ Tag_ABI_PCS_wchar_t
	.eabi_attribute	26, 1	@ Tag_ABI_enum_size
	.eabi_attribute	14, 0	@ Tag_ABI_PCS_R9_use
	.file	"system_gd32e230.c"
	.file	1 "D:\\Keil_v5\\ARM\\ARMCLANG\\Bin\\..\\include" "stdint.h"
	.file	2 "E:\\Soway\\Soway_product-soft\\105 - T119-GD\\E230 -  ds18b20-F8\\MDK-ARM" "../GD32E230_Firmware_Library/CMSIS/GD/GD32E230/Source/system_gd32e230.c"
	.section	.text.SystemInit,"ax",%progbits
	.hidden	SystemInit              @ -- Begin function SystemInit
	.globl	SystemInit
	.p2align	2
	.type	SystemInit,%function
	.code	16                      @ @SystemInit
	.thumb_func
SystemInit:
.Lfunc_begin0:
	.loc	2 83 0                  @ ../GD32E230_Firmware_Library/CMSIS/GD/GD32E230/Source/system_gd32e230.c:83:0
	.fnstart
	.cfi_sections .debug_frame
	.cfi_startproc
@ %bb.0:
	.save	{r7, lr}
	push	{r7, lr}
	.cfi_def_cfa_offset 8
	.cfi_offset lr, -4
	.cfi_offset r7, -8
	.pad	#8
	sub	sp, #8
	.cfi_def_cfa_offset 16
	ldr	r0, __arm_cp.0_0
.Ltmp0:
	.loc	2 85 14 prologue_end    @ ../GD32E230_Firmware_Library/CMSIS/GD/GD32E230/Source/system_gd32e230.c:85:14
	ldr	r1, [r0]
	movs	r2, #1
	orrs	r1, r2
	str	r1, [r0]
	.loc	2 86 5                  @ ../GD32E230_Firmware_Library/CMSIS/GD/GD32E230/Source/system_gd32e230.c:86:5
	b	.LBB0_1
.LBB0_1:                                @ =>This Inner Loop Header: Depth=1
	.loc	2 0 5 is_stmt 0         @ ../GD32E230_Firmware_Library/CMSIS/GD/GD32E230/Source/system_gd32e230.c:0:5
	ldr	r0, __arm_cp.0_0
	.loc	2 86 18                 @ ../GD32E230_Firmware_Library/CMSIS/GD/GD32E230/Source/system_gd32e230.c:86:18
	ldr	r0, [r0]
	.loc	2 86 5                  @ ../GD32E230_Firmware_Library/CMSIS/GD/GD32E230/Source/system_gd32e230.c:86:5
	lsls	r0, r0, #30
	cmp	r0, #0
	bmi	.LBB0_3
	b	.LBB0_2
.LBB0_2:                                @   in Loop: Header=BB0_1 Depth=1
	b	.LBB0_1
.LBB0_3:
	.loc	2 0 5                   @ ../GD32E230_Firmware_Library/CMSIS/GD/GD32E230/Source/system_gd32e230.c:0:5
	ldr	r0, __arm_cp.0_1
	.loc	2 89 14 is_stmt 1       @ ../GD32E230_Firmware_Library/CMSIS/GD/GD32E230/Source/system_gd32e230.c:89:14
	ldr	r1, [r0]
	ldr	r2, __arm_cp.0_2
	ands	r1, r2
	str	r1, [r0]
	.loc	2 91 14                 @ ../GD32E230_Firmware_Library/CMSIS/GD/GD32E230/Source/system_gd32e230.c:91:14
	ldr	r1, [r0]
	ldr	r2, __arm_cp.0_3
	ands	r1, r2
	str	r1, [r0]
	ldr	r0, __arm_cp.0_0
	.loc	2 92 14                 @ ../GD32E230_Firmware_Library/CMSIS/GD/GD32E230/Source/system_gd32e230.c:92:14
	ldr	r1, [r0]
	ldr	r2, __arm_cp.0_4
	ands	r1, r2
	str	r1, [r0]
	ldr	r0, __arm_cp.0_5
	.loc	2 93 14                 @ ../GD32E230_Firmware_Library/CMSIS/GD/GD32E230/Source/system_gd32e230.c:93:14
	ldr	r1, [r0]
	movs	r2, #15
	bics	r1, r2
	str	r1, [r0]
	ldr	r0, __arm_cp.0_6
	.loc	2 94 14                 @ ../GD32E230_Firmware_Library/CMSIS/GD/GD32E230/Source/system_gd32e230.c:94:14
	ldr	r1, [r0]
	movw	r2, #259
	bics	r1, r2
	str	r1, [r0]
	.loc	2 95 14                 @ ../GD32E230_Firmware_Library/CMSIS/GD/GD32E230/Source/system_gd32e230.c:95:14
	ldr	r1, [r0]
	movs	r2, #1
	lsls	r3, r2, #16
	bics	r1, r3
	str	r1, [r0]
	.loc	2 96 14                 @ ../GD32E230_Firmware_Library/CMSIS/GD/GD32E230/Source/system_gd32e230.c:96:14
	ldr	r1, [r0]
	lsls	r3, r2, #31
	bics	r1, r3
	str	r1, [r0]
	ldr	r0, __arm_cp.0_7
	.loc	2 97 14                 @ ../GD32E230_Firmware_Library/CMSIS/GD/GD32E230/Source/system_gd32e230.c:97:14
	ldr	r1, [r0]
	bics	r1, r2
	str	r1, [r0]
	ldr	r0, __arm_cp.0_8
	movs	r1, #0
	.loc	2 98 13                 @ ../GD32E230_Firmware_Library/CMSIS/GD/GD32E230/Source/system_gd32e230.c:98:13
	str	r1, [r0]
	.loc	2 101 5                 @ ../GD32E230_Firmware_Library/CMSIS/GD/GD32E230/Source/system_gd32e230.c:101:5
	str	r2, [sp, #4]            @ 4-byte Spill
	str	r1, [sp]                @ 4-byte Spill
	bl	system_clock_config
	ldr	r0, [sp, #4]            @ 4-byte Reload
	lsls	r0, r0, #27
	.loc	2 106 5                 @ ../GD32E230_Firmware_Library/CMSIS/GD/GD32E230/Source/system_gd32e230.c:106:5
	ldr	r1, [sp]                @ 4-byte Reload
	bl	nvic_vector_table_set
	.loc	2 108 1                 @ ../GD32E230_Firmware_Library/CMSIS/GD/GD32E230/Source/system_gd32e230.c:108:1
	add	sp, #8
	pop	{r7, pc}
.Ltmp1:
	.p2align	2
@ %bb.4:
	.loc	2 0 1 is_stmt 0         @ ../GD32E230_Firmware_Library/CMSIS/GD/GD32E230/Source/system_gd32e230.c:0:1
__arm_cp.0_0:
	.long	1073876992              @ 0x40021000
.Lcpi_end0:
	.size	__arm_cp.0_0, .Lcpi_end0-__arm_cp.0_0
__arm_cp.0_1:
	.long	1073876996              @ 0x40021004
.Lcpi_end1:
	.size	__arm_cp.0_1, .Lcpi_end1-__arm_cp.0_1
__arm_cp.0_2:
	.long	150929420               @ 0x8ff000c
.Lcpi_end2:
	.size	__arm_cp.0_2, .Lcpi_end2-__arm_cp.0_2
__arm_cp.0_3:
	.long	2009268223              @ 0x77c2ffff
.Lcpi_end3:
	.size	__arm_cp.0_3, .Lcpi_end3-__arm_cp.0_3
__arm_cp.0_4:
	.long	4277338111              @ 0xfef2ffff
.Lcpi_end4:
	.size	__arm_cp.0_4, .Lcpi_end4-__arm_cp.0_4
__arm_cp.0_5:
	.long	1073877036              @ 0x4002102c
.Lcpi_end5:
	.size	__arm_cp.0_5, .Lcpi_end5-__arm_cp.0_5
__arm_cp.0_6:
	.long	1073877040              @ 0x40021030
.Lcpi_end6:
	.size	__arm_cp.0_6, .Lcpi_end6-__arm_cp.0_6
__arm_cp.0_7:
	.long	1073877044              @ 0x40021034
.Lcpi_end7:
	.size	__arm_cp.0_7, .Lcpi_end7-__arm_cp.0_7
__arm_cp.0_8:
	.long	1073877000              @ 0x40021008
.Lcpi_end8:
	.size	__arm_cp.0_8, .Lcpi_end8-__arm_cp.0_8
.Lfunc_end0:
	.size	SystemInit, .Lfunc_end0-SystemInit
	.cfi_endproc
	.cantunwind
	.fnend
                                        @ -- End function
	.section	.text.system_clock_config,"ax",%progbits
	.p2align	1               @ -- Begin function system_clock_config
	.type	system_clock_config,%function
	.code	16                      @ @system_clock_config
	.thumb_func
system_clock_config:
.Lfunc_begin1:
	.loc	2 117 0 is_stmt 1       @ ../GD32E230_Firmware_Library/CMSIS/GD/GD32E230/Source/system_gd32e230.c:117:0
	.fnstart
	.cfi_startproc
@ %bb.0:
	.save	{r7, lr}
	push	{r7, lr}
	.cfi_def_cfa_offset 8
	.cfi_offset lr, -4
	.cfi_offset r7, -8
.Ltmp2:
	.loc	2 123 5 prologue_end    @ ../GD32E230_Firmware_Library/CMSIS/GD/GD32E230/Source/system_gd32e230.c:123:5
	bl	system_clock_72m_irc8m
	.loc	2 129 1                 @ ../GD32E230_Firmware_Library/CMSIS/GD/GD32E230/Source/system_gd32e230.c:129:1
	pop	{r7, pc}
.Ltmp3:
.Lfunc_end1:
	.size	system_clock_config, .Lfunc_end1-system_clock_config
	.cfi_endproc
	.cantunwind
	.fnend
                                        @ -- End function
	.section	.text.SystemCoreClockUpdate,"ax",%progbits
	.hidden	SystemCoreClockUpdate   @ -- Begin function SystemCoreClockUpdate
	.globl	SystemCoreClockUpdate
	.p2align	2
	.type	SystemCoreClockUpdate,%function
	.code	16                      @ @SystemCoreClockUpdate
	.thumb_func
SystemCoreClockUpdate:
.Lfunc_begin2:
	.loc	2 323 0                 @ ../GD32E230_Firmware_Library/CMSIS/GD/GD32E230/Source/system_gd32e230.c:323:0
	.fnstart
	.cfi_startproc
@ %bb.0:
	.pad	#48
	sub	sp, #48
	.cfi_def_cfa_offset 48
	movs	r0, #0
.Ltmp4:
	.loc	2 324 14 prologue_end   @ ../GD32E230_Firmware_Library/CMSIS/GD/GD32E230/Source/system_gd32e230.c:324:14
	str	r0, [sp, #44]
	.loc	2 325 14                @ ../GD32E230_Firmware_Library/CMSIS/GD/GD32E230/Source/system_gd32e230.c:325:14
	str	r0, [sp, #40]
	.loc	2 325 26 is_stmt 0      @ ../GD32E230_Firmware_Library/CMSIS/GD/GD32E230/Source/system_gd32e230.c:325:26
	str	r0, [sp, #36]
	.loc	2 325 39                @ ../GD32E230_Firmware_Library/CMSIS/GD/GD32E230/Source/system_gd32e230.c:325:39
	str	r0, [sp, #32]
	.loc	2 325 52                @ ../GD32E230_Firmware_Library/CMSIS/GD/GD32E230/Source/system_gd32e230.c:325:52
	str	r0, [sp, #28]
	.loc	2 325 65                @ ../GD32E230_Firmware_Library/CMSIS/GD/GD32E230/Source/system_gd32e230.c:325:65
	str	r0, [sp, #24]
	.loc	2 325 75                @ ../GD32E230_Firmware_Library/CMSIS/GD/GD32E230/Source/system_gd32e230.c:325:75
	str	r0, [sp, #20]
	ldr	r1, __arm_cp.2_0
	.loc	2 327 19 is_stmt 1      @ ../GD32E230_Firmware_Library/CMSIS/GD/GD32E230/Source/system_gd32e230.c:327:19
	str	r1, [sp, #16]
	ldr	r1, __arm_cp.2_1
	str	r1, [sp, #12]
	str	r0, [sp, #8]
	str	r0, [sp, #4]
	ldr	r0, __arm_cp.2_2
	.loc	2 329 11                @ ../GD32E230_Firmware_Library/CMSIS/GD/GD32E230/Source/system_gd32e230.c:329:11
	ldr	r0, [r0]
	movs	r1, #12
	ands	r0, r1
	lsrs	r0, r0, #2
	.loc	2 329 9 is_stmt 0       @ ../GD32E230_Firmware_Library/CMSIS/GD/GD32E230/Source/system_gd32e230.c:329:9
	str	r0, [sp, #44]
	.loc	2 330 12 is_stmt 1      @ ../GD32E230_Firmware_Library/CMSIS/GD/GD32E230/Source/system_gd32e230.c:330:12
	ldr	r0, [sp, #44]
	.loc	2 330 5 is_stmt 0       @ ../GD32E230_Firmware_Library/CMSIS/GD/GD32E230/Source/system_gd32e230.c:330:5
	cmp	r0, #0
	str	r0, [sp]                @ 4-byte Spill
	beq	.LBB2_3
	b	.LBB2_1
.LBB2_1:
	ldr	r0, [sp]                @ 4-byte Reload
	cmp	r0, #1
	beq	.LBB2_4
	b	.LBB2_2
.LBB2_2:
	ldr	r0, [sp]                @ 4-byte Reload
	cmp	r0, #2
	beq	.LBB2_5
	b	.LBB2_15
.LBB2_3:
.Ltmp5:
	.loc	2 333 25 is_stmt 1      @ ../GD32E230_Firmware_Library/CMSIS/GD/GD32E230/Source/system_gd32e230.c:333:25
	ldr	r0, __arm_cp.2_4
	ldr	r1, __arm_cp.2_6
	str	r1, [r0]
	.loc	2 334 9                 @ ../GD32E230_Firmware_Library/CMSIS/GD/GD32E230/Source/system_gd32e230.c:334:9
	b	.LBB2_16
.LBB2_4:
	.loc	2 337 25                @ ../GD32E230_Firmware_Library/CMSIS/GD/GD32E230/Source/system_gd32e230.c:337:25
	ldr	r0, __arm_cp.2_4
	ldr	r1, __arm_cp.2_6
	str	r1, [r0]
	.loc	2 338 9                 @ ../GD32E230_Firmware_Library/CMSIS/GD/GD32E230/Source/system_gd32e230.c:338:9
	b	.LBB2_16
.LBB2_5:
	.loc	2 0 9 is_stmt 0         @ ../GD32E230_Firmware_Library/CMSIS/GD/GD32E230/Source/system_gd32e230.c:0:9
	ldr	r0, __arm_cp.2_2
	.loc	2 342 17 is_stmt 1      @ ../GD32E230_Firmware_Library/CMSIS/GD/GD32E230/Source/system_gd32e230.c:342:17
	ldr	r1, [r0]
	movs	r2, #15
	lsls	r2, r2, #18
	ands	r1, r2
	lsrs	r1, r1, #18
	.loc	2 342 15 is_stmt 0      @ ../GD32E230_Firmware_Library/CMSIS/GD/GD32E230/Source/system_gd32e230.c:342:15
	str	r1, [sp, #40]
	.loc	2 343 18 is_stmt 1      @ ../GD32E230_Firmware_Library/CMSIS/GD/GD32E230/Source/system_gd32e230.c:343:18
	ldr	r0, [r0]
	movs	r1, #1
	lsls	r1, r1, #27
	ands	r0, r1
	lsrs	r0, r0, #27
	.loc	2 343 16 is_stmt 0      @ ../GD32E230_Firmware_Library/CMSIS/GD/GD32E230/Source/system_gd32e230.c:343:16
	str	r0, [sp, #36]
.Ltmp6:
	.loc	2 345 18 is_stmt 1      @ ../GD32E230_Firmware_Library/CMSIS/GD/GD32E230/Source/system_gd32e230.c:345:18
	ldr	r0, [sp, #36]
.Ltmp7:
	.loc	2 345 12 is_stmt 0      @ ../GD32E230_Firmware_Library/CMSIS/GD/GD32E230/Source/system_gd32e230.c:345:12
	cmp	r0, #1
	bne	.LBB2_7
	b	.LBB2_6
.LBB2_6:
.Ltmp8:
	.loc	2 346 19 is_stmt 1      @ ../GD32E230_Firmware_Library/CMSIS/GD/GD32E230/Source/system_gd32e230.c:346:19
	ldr	r0, [sp, #40]
	adds	r0, #17
	str	r0, [sp, #40]
	.loc	2 347 9                 @ ../GD32E230_Firmware_Library/CMSIS/GD/GD32E230/Source/system_gd32e230.c:347:9
	b	.LBB2_11
.Ltmp9:
.LBB2_7:
	.loc	2 347 25 is_stmt 0      @ ../GD32E230_Firmware_Library/CMSIS/GD/GD32E230/Source/system_gd32e230.c:347:25
	ldr	r0, [sp, #40]
.Ltmp10:
	.loc	2 347 18                @ ../GD32E230_Firmware_Library/CMSIS/GD/GD32E230/Source/system_gd32e230.c:347:18
	cmp	r0, #15
	bne	.LBB2_9
	b	.LBB2_8
.LBB2_8:
	.loc	2 0 18                  @ ../GD32E230_Firmware_Library/CMSIS/GD/GD32E230/Source/system_gd32e230.c:0:18
	movs	r0, #16
.Ltmp11:
	.loc	2 348 19 is_stmt 1      @ ../GD32E230_Firmware_Library/CMSIS/GD/GD32E230/Source/system_gd32e230.c:348:19
	str	r0, [sp, #40]
	.loc	2 349 9                 @ ../GD32E230_Firmware_Library/CMSIS/GD/GD32E230/Source/system_gd32e230.c:349:9
	b	.LBB2_10
.Ltmp12:
.LBB2_9:
	.loc	2 350 19                @ ../GD32E230_Firmware_Library/CMSIS/GD/GD32E230/Source/system_gd32e230.c:350:19
	ldr	r0, [sp, #40]
	adds	r0, r0, #2
	str	r0, [sp, #40]
	b	.LBB2_10
.Ltmp13:
.LBB2_10:
	.loc	2 0 19 is_stmt 0        @ ../GD32E230_Firmware_Library/CMSIS/GD/GD32E230/Source/system_gd32e230.c:0:19
	b	.LBB2_11
.LBB2_11:
	ldr	r0, __arm_cp.2_2
	.loc	2 354 18 is_stmt 1      @ ../GD32E230_Firmware_Library/CMSIS/GD/GD32E230/Source/system_gd32e230.c:354:18
	ldr	r0, [r0]
	movs	r1, #1
	lsls	r1, r1, #16
	ands	r0, r1
	lsrs	r0, r0, #16
	.loc	2 354 16 is_stmt 0      @ ../GD32E230_Firmware_Library/CMSIS/GD/GD32E230/Source/system_gd32e230.c:354:16
	str	r0, [sp, #32]
.Ltmp14:
	.loc	2 355 18 is_stmt 1      @ ../GD32E230_Firmware_Library/CMSIS/GD/GD32E230/Source/system_gd32e230.c:355:18
	ldr	r0, [sp, #32]
.Ltmp15:
	.loc	2 355 12 is_stmt 0      @ ../GD32E230_Firmware_Library/CMSIS/GD/GD32E230/Source/system_gd32e230.c:355:12
	cmp	r0, #0
	beq	.LBB2_13
	b	.LBB2_12
.LBB2_12:
	.loc	2 0 12                  @ ../GD32E230_Firmware_Library/CMSIS/GD/GD32E230/Source/system_gd32e230.c:0:12
	ldr	r0, __arm_cp.2_5
.Ltmp16:
	.loc	2 356 23 is_stmt 1      @ ../GD32E230_Firmware_Library/CMSIS/GD/GD32E230/Source/system_gd32e230.c:356:23
	ldr	r0, [r0]
	movs	r1, #15
	ands	r0, r1
	.loc	2 356 48 is_stmt 0      @ ../GD32E230_Firmware_Library/CMSIS/GD/GD32E230/Source/system_gd32e230.c:356:48
	adds	r0, r0, #1
	.loc	2 356 20                @ ../GD32E230_Firmware_Library/CMSIS/GD/GD32E230/Source/system_gd32e230.c:356:20
	str	r0, [sp, #28]
	.loc	2 357 46 is_stmt 1      @ ../GD32E230_Firmware_Library/CMSIS/GD/GD32E230/Source/system_gd32e230.c:357:46
	ldr	r0, [sp, #28]
	ldr	r1, __arm_cp.2_6
	.loc	2 357 44 is_stmt 0      @ ../GD32E230_Firmware_Library/CMSIS/GD/GD32E230/Source/system_gd32e230.c:357:44
	udiv	r0, r1, r0
	.loc	2 357 56                @ ../GD32E230_Firmware_Library/CMSIS/GD/GD32E230/Source/system_gd32e230.c:357:56
	ldr	r1, [sp, #40]
	.loc	2 357 54                @ ../GD32E230_Firmware_Library/CMSIS/GD/GD32E230/Source/system_gd32e230.c:357:54
	muls	r1, r0, r1
	.loc	2 357 29                @ ../GD32E230_Firmware_Library/CMSIS/GD/GD32E230/Source/system_gd32e230.c:357:29
	ldr	r0, __arm_cp.2_4
	str	r1, [r0]
	.loc	2 358 9 is_stmt 1       @ ../GD32E230_Firmware_Library/CMSIS/GD/GD32E230/Source/system_gd32e230.c:358:9
	b	.LBB2_14
.Ltmp17:
.LBB2_13:
	.loc	2 359 52                @ ../GD32E230_Firmware_Library/CMSIS/GD/GD32E230/Source/system_gd32e230.c:359:52
	ldr	r0, [sp, #40]
	ldr	r1, __arm_cp.2_3
	.loc	2 359 50 is_stmt 0      @ ../GD32E230_Firmware_Library/CMSIS/GD/GD32E230/Source/system_gd32e230.c:359:50
	muls	r1, r0, r1
	.loc	2 359 29                @ ../GD32E230_Firmware_Library/CMSIS/GD/GD32E230/Source/system_gd32e230.c:359:29
	ldr	r0, __arm_cp.2_4
	str	r1, [r0]
	b	.LBB2_14
.Ltmp18:
.LBB2_14:
	.loc	2 361 9 is_stmt 1       @ ../GD32E230_Firmware_Library/CMSIS/GD/GD32E230/Source/system_gd32e230.c:361:9
	b	.LBB2_16
.LBB2_15:
	.loc	2 364 25                @ ../GD32E230_Firmware_Library/CMSIS/GD/GD32E230/Source/system_gd32e230.c:364:25
	ldr	r0, __arm_cp.2_4
	ldr	r1, __arm_cp.2_6
	str	r1, [r0]
	.loc	2 365 9                 @ ../GD32E230_Firmware_Library/CMSIS/GD/GD32E230/Source/system_gd32e230.c:365:9
	b	.LBB2_16
.Ltmp19:
.LBB2_16:
	.loc	2 0 9 is_stmt 0         @ ../GD32E230_Firmware_Library/CMSIS/GD/GD32E230/Source/system_gd32e230.c:0:9
	ldr	r0, __arm_cp.2_2
	.loc	2 368 11 is_stmt 1      @ ../GD32E230_Firmware_Library/CMSIS/GD/GD32E230/Source/system_gd32e230.c:368:11
	ldr	r0, [r0]
	uxtb	r0, r0
	lsrs	r0, r0, #4
	.loc	2 368 9 is_stmt 0       @ ../GD32E230_Firmware_Library/CMSIS/GD/GD32E230/Source/system_gd32e230.c:368:9
	str	r0, [sp, #24]
	.loc	2 369 23 is_stmt 1      @ ../GD32E230_Firmware_Library/CMSIS/GD/GD32E230/Source/system_gd32e230.c:369:23
	ldr	r0, [sp, #24]
	add	r1, sp, #4
	.loc	2 369 15 is_stmt 0      @ ../GD32E230_Firmware_Library/CMSIS/GD/GD32E230/Source/system_gd32e230.c:369:15
	ldrb	r0, [r1, r0]
	.loc	2 369 13                @ ../GD32E230_Firmware_Library/CMSIS/GD/GD32E230/Source/system_gd32e230.c:369:13
	str	r0, [sp, #20]
	.loc	2 370 25 is_stmt 1      @ ../GD32E230_Firmware_Library/CMSIS/GD/GD32E230/Source/system_gd32e230.c:370:25
	ldr	r0, [sp, #20]
	.loc	2 370 21 is_stmt 0      @ ../GD32E230_Firmware_Library/CMSIS/GD/GD32E230/Source/system_gd32e230.c:370:21
	ldr	r1, __arm_cp.2_4
	ldr	r2, [r1]
	lsrs	r2, r0
	str	r2, [r1]
	.loc	2 371 1 is_stmt 1       @ ../GD32E230_Firmware_Library/CMSIS/GD/GD32E230/Source/system_gd32e230.c:371:1
	add	sp, #48
	bx	lr
.Ltmp20:
	.p2align	2
@ %bb.17:
	.loc	2 0 1 is_stmt 0         @ ../GD32E230_Firmware_Library/CMSIS/GD/GD32E230/Source/system_gd32e230.c:0:1
__arm_cp.2_0:
	.long	151521030               @ 0x9080706
.Lcpi_end9:
	.size	__arm_cp.2_0, .Lcpi_end9-__arm_cp.2_0
__arm_cp.2_1:
	.long	67305985                @ 0x4030201
.Lcpi_end10:
	.size	__arm_cp.2_1, .Lcpi_end10-__arm_cp.2_1
__arm_cp.2_2:
	.long	1073876996              @ 0x40021004
.Lcpi_end11:
	.size	__arm_cp.2_2, .Lcpi_end11-__arm_cp.2_2
__arm_cp.2_3:
	.long	4000000                 @ 0x3d0900
.Lcpi_end12:
	.size	__arm_cp.2_3, .Lcpi_end12-__arm_cp.2_3
__arm_cp.2_4:
	.long	SystemCoreClock
.Lcpi_end13:
	.size	__arm_cp.2_4, .Lcpi_end13-__arm_cp.2_4
__arm_cp.2_5:
	.long	1073877036              @ 0x4002102c
.Lcpi_end14:
	.size	__arm_cp.2_5, .Lcpi_end14-__arm_cp.2_5
__arm_cp.2_6:
	.long	8000000                 @ 0x7a1200
.Lcpi_end15:
	.size	__arm_cp.2_6, .Lcpi_end15-__arm_cp.2_6
.Lfunc_end2:
	.size	SystemCoreClockUpdate, .Lfunc_end2-SystemCoreClockUpdate
	.cfi_endproc
	.cantunwind
	.fnend
                                        @ -- End function
	.section	.text.system_clock_72m_irc8m,"ax",%progbits
	.p2align	2               @ -- Begin function system_clock_72m_irc8m
	.type	system_clock_72m_irc8m,%function
	.code	16                      @ @system_clock_72m_irc8m
	.thumb_func
system_clock_72m_irc8m:
.Lfunc_begin3:
	.loc	2 241 0 is_stmt 1       @ ../GD32E230_Firmware_Library/CMSIS/GD/GD32E230/Source/system_gd32e230.c:241:0
	.fnstart
	.cfi_startproc
@ %bb.0:
	.pad	#12
	sub	sp, #12
	.cfi_def_cfa_offset 12
	movs	r0, #0
.Ltmp21:
	.loc	2 242 14 prologue_end   @ ../GD32E230_Firmware_Library/CMSIS/GD/GD32E230/Source/system_gd32e230.c:242:14
	str	r0, [sp, #8]
	.loc	2 243 14                @ ../GD32E230_Firmware_Library/CMSIS/GD/GD32E230/Source/system_gd32e230.c:243:14
	str	r0, [sp, #4]
	ldr	r0, __arm_cp.3_0
	.loc	2 246 14                @ ../GD32E230_Firmware_Library/CMSIS/GD/GD32E230/Source/system_gd32e230.c:246:14
	ldr	r1, [r0]
	movs	r2, #1
	orrs	r1, r2
	str	r1, [r0]
	.loc	2 249 5                 @ ../GD32E230_Firmware_Library/CMSIS/GD/GD32E230/Source/system_gd32e230.c:249:5
	b	.LBB3_1
.LBB3_1:                                @ =>This Inner Loop Header: Depth=1
.Ltmp22:
	.loc	2 250 16                @ ../GD32E230_Firmware_Library/CMSIS/GD/GD32E230/Source/system_gd32e230.c:250:16
	ldr	r0, [sp, #8]
	adds	r0, r0, #1
	str	r0, [sp, #8]
	ldr	r0, __arm_cp.3_0
	.loc	2 251 22                @ ../GD32E230_Firmware_Library/CMSIS/GD/GD32E230/Source/system_gd32e230.c:251:22
	ldr	r0, [r0]
	movs	r1, #2
	.loc	2 251 31 is_stmt 0      @ ../GD32E230_Firmware_Library/CMSIS/GD/GD32E230/Source/system_gd32e230.c:251:31
	ands	r0, r1
	.loc	2 251 19                @ ../GD32E230_Firmware_Library/CMSIS/GD/GD32E230/Source/system_gd32e230.c:251:19
	str	r0, [sp, #4]
	.loc	2 252 5 is_stmt 1       @ ../GD32E230_Firmware_Library/CMSIS/GD/GD32E230/Source/system_gd32e230.c:252:5
	b	.LBB3_2
.Ltmp23:
.LBB3_2:                                @   in Loop: Header=BB3_1 Depth=1
	.loc	2 253 18                @ ../GD32E230_Firmware_Library/CMSIS/GD/GD32E230/Source/system_gd32e230.c:253:18
	ldr	r0, [sp, #4]
	movs	r1, #0
	.loc	2 253 29 is_stmt 0      @ ../GD32E230_Firmware_Library/CMSIS/GD/GD32E230/Source/system_gd32e230.c:253:29
	cmp	r0, #0
	str	r1, [sp]                @ 4-byte Spill
	bne	.LBB3_4
	b	.LBB3_3
.LBB3_3:                                @   in Loop: Header=BB3_1 Depth=1
	.loc	2 253 58                @ ../GD32E230_Firmware_Library/CMSIS/GD/GD32E230/Source/system_gd32e230.c:253:58
	ldr	r0, [sp, #8]
	movw	r1, #1280
	.loc	2 253 55                @ ../GD32E230_Firmware_Library/CMSIS/GD/GD32E230/Source/system_gd32e230.c:253:55
	subs	r0, r0, r1
	subs	r1, r0, #1
	sbcs	r0, r1
	str	r0, [sp]                @ 4-byte Spill
	b	.LBB3_4
.LBB3_4:                                @   in Loop: Header=BB3_1 Depth=1
	.loc	2 0 0                   @ ../GD32E230_Firmware_Library/CMSIS/GD/GD32E230/Source/system_gd32e230.c:0:0
	ldr	r0, [sp]                @ 4-byte Reload
.Ltmp24:
	.loc	2 252 5 is_stmt 1       @ ../GD32E230_Firmware_Library/CMSIS/GD/GD32E230/Source/system_gd32e230.c:252:5
	lsls	r0, r0, #31
	cmp	r0, #0
	bne	.LBB3_1
	b	.LBB3_5
.Ltmp25:
.LBB3_5:
	.loc	2 0 5 is_stmt 0         @ ../GD32E230_Firmware_Library/CMSIS/GD/GD32E230/Source/system_gd32e230.c:0:5
	ldr	r0, __arm_cp.3_0
.Ltmp26:
	.loc	2 256 15 is_stmt 1      @ ../GD32E230_Firmware_Library/CMSIS/GD/GD32E230/Source/system_gd32e230.c:256:15
	ldr	r0, [r0]
.Ltmp27:
	.loc	2 256 8 is_stmt 0       @ ../GD32E230_Firmware_Library/CMSIS/GD/GD32E230/Source/system_gd32e230.c:256:8
	lsls	r0, r0, #30
	cmp	r0, #0
	bmi	.LBB3_8
	b	.LBB3_6
.LBB3_6:
.Ltmp28:
	.loc	2 257 9 is_stmt 1       @ ../GD32E230_Firmware_Library/CMSIS/GD/GD32E230/Source/system_gd32e230.c:257:9
	b	.LBB3_7
.LBB3_7:                                @ =>This Inner Loop Header: Depth=1
	b	.LBB3_7
.Ltmp29:
.LBB3_8:
	.loc	2 0 9 is_stmt 0         @ ../GD32E230_Firmware_Library/CMSIS/GD/GD32E230/Source/system_gd32e230.c:0:9
	ldr	r0, __arm_cp.3_1
	.loc	2 261 12 is_stmt 1      @ ../GD32E230_Firmware_Library/CMSIS/GD/GD32E230/Source/system_gd32e230.c:261:12
	ldr	r1, [r0]
	movs	r2, #7
	bics	r1, r2
	str	r1, [r0]
	.loc	2 262 12                @ ../GD32E230_Firmware_Library/CMSIS/GD/GD32E230/Source/system_gd32e230.c:262:12
	ldr	r1, [r0]
	movs	r2, #2
	orrs	r1, r2
	str	r1, [r0]
	ldr	r0, __arm_cp.3_2
	.loc	2 265 14                @ ../GD32E230_Firmware_Library/CMSIS/GD/GD32E230/Source/system_gd32e230.c:265:14
	ldr	r1, [r0]
	str	r1, [r0]
	.loc	2 267 14                @ ../GD32E230_Firmware_Library/CMSIS/GD/GD32E230/Source/system_gd32e230.c:267:14
	ldr	r1, [r0]
	str	r1, [r0]
	.loc	2 269 14                @ ../GD32E230_Firmware_Library/CMSIS/GD/GD32E230/Source/system_gd32e230.c:269:14
	ldr	r1, [r0]
	str	r1, [r0]
	.loc	2 271 14                @ ../GD32E230_Firmware_Library/CMSIS/GD/GD32E230/Source/system_gd32e230.c:271:14
	ldr	r1, [r0]
	ldr	r2, __arm_cp.3_3
	ands	r1, r2
	str	r1, [r0]
	.loc	2 272 14                @ ../GD32E230_Firmware_Library/CMSIS/GD/GD32E230/Source/system_gd32e230.c:272:14
	ldr	r1, [r0]
	ldr	r2, __arm_cp.3_4
	orrs	r1, r2
	str	r1, [r0]
	ldr	r0, __arm_cp.3_0
	.loc	2 275 14                @ ../GD32E230_Firmware_Library/CMSIS/GD/GD32E230/Source/system_gd32e230.c:275:14
	ldr	r1, [r0]
	movs	r2, #1
	lsls	r2, r2, #24
	orrs	r1, r2
	str	r1, [r0]
	.loc	2 278 5                 @ ../GD32E230_Firmware_Library/CMSIS/GD/GD32E230/Source/system_gd32e230.c:278:5
	b	.LBB3_9
.LBB3_9:                                @ =>This Inner Loop Header: Depth=1
	.loc	2 0 5 is_stmt 0         @ ../GD32E230_Firmware_Library/CMSIS/GD/GD32E230/Source/system_gd32e230.c:0:5
	ldr	r0, __arm_cp.3_0
	.loc	2 278 18                @ ../GD32E230_Firmware_Library/CMSIS/GD/GD32E230/Source/system_gd32e230.c:278:18
	ldr	r0, [r0]
	.loc	2 278 5                 @ ../GD32E230_Firmware_Library/CMSIS/GD/GD32E230/Source/system_gd32e230.c:278:5
	lsls	r0, r0, #6
	cmp	r0, #0
	bmi	.LBB3_11
	b	.LBB3_10
.LBB3_10:                               @   in Loop: Header=BB3_9 Depth=1
	b	.LBB3_9
.LBB3_11:
	.loc	2 0 5                   @ ../GD32E230_Firmware_Library/CMSIS/GD/GD32E230/Source/system_gd32e230.c:0:5
	ldr	r0, __arm_cp.3_2
	.loc	2 282 14 is_stmt 1      @ ../GD32E230_Firmware_Library/CMSIS/GD/GD32E230/Source/system_gd32e230.c:282:14
	ldr	r1, [r0]
	movs	r2, #3
	bics	r1, r2
	str	r1, [r0]
	.loc	2 283 14                @ ../GD32E230_Firmware_Library/CMSIS/GD/GD32E230/Source/system_gd32e230.c:283:14
	ldr	r1, [r0]
	movs	r2, #2
	orrs	r1, r2
	str	r1, [r0]
	.loc	2 286 5                 @ ../GD32E230_Firmware_Library/CMSIS/GD/GD32E230/Source/system_gd32e230.c:286:5
	b	.LBB3_12
.LBB3_12:                               @ =>This Inner Loop Header: Depth=1
	.loc	2 0 5 is_stmt 0         @ ../GD32E230_Firmware_Library/CMSIS/GD/GD32E230/Source/system_gd32e230.c:0:5
	ldr	r0, __arm_cp.3_2
	.loc	2 286 18                @ ../GD32E230_Firmware_Library/CMSIS/GD/GD32E230/Source/system_gd32e230.c:286:18
	ldr	r0, [r0]
	.loc	2 286 5                 @ ../GD32E230_Firmware_Library/CMSIS/GD/GD32E230/Source/system_gd32e230.c:286:5
	lsls	r0, r0, #28
	cmp	r0, #0
	bmi	.LBB3_14
	b	.LBB3_13
.LBB3_13:                               @   in Loop: Header=BB3_12 Depth=1
	b	.LBB3_12
.LBB3_14:
	.loc	2 288 1 is_stmt 1       @ ../GD32E230_Firmware_Library/CMSIS/GD/GD32E230/Source/system_gd32e230.c:288:1
	add	sp, #12
	bx	lr
.Ltmp30:
	.p2align	2
@ %bb.15:
	.loc	2 0 1 is_stmt 0         @ ../GD32E230_Firmware_Library/CMSIS/GD/GD32E230/Source/system_gd32e230.c:0:1
__arm_cp.3_0:
	.long	1073876992              @ 0x40021000
.Lcpi_end16:
	.size	__arm_cp.3_0, .Lcpi_end16-__arm_cp.3_0
__arm_cp.3_1:
	.long	1073881088              @ 0x40022000
.Lcpi_end17:
	.size	__arm_cp.3_1, .Lcpi_end17-__arm_cp.3_1
__arm_cp.3_2:
	.long	1073876996              @ 0x40021004
.Lcpi_end18:
	.size	__arm_cp.3_2, .Lcpi_end18-__arm_cp.3_2
__arm_cp.3_3:
	.long	4156751871              @ 0xf7c2ffff
.Lcpi_end19:
	.size	__arm_cp.3_3, .Lcpi_end19-__arm_cp.3_3
__arm_cp.3_4:
	.long	134479872               @ 0x8040000
.Lcpi_end20:
	.size	__arm_cp.3_4, .Lcpi_end20-__arm_cp.3_4
.Lfunc_end3:
	.size	system_clock_72m_irc8m, .Lfunc_end3-system_clock_72m_irc8m
	.cfi_endproc
	.cantunwind
	.fnend
                                        @ -- End function
	.hidden	SystemCoreClock         @ @SystemCoreClock
	.type	SystemCoreClock,%object
	.section	.data.SystemCoreClock,"aw",%progbits
	.globl	SystemCoreClock
	.p2align	2
SystemCoreClock:
.LSystemCoreClock$local:
	.long	72000000                @ 0x44aa200
	.size	SystemCoreClock, 4

	.type	.L__const.SystemCoreClockUpdate.ahb_exp,%object @ @__const.SystemCoreClockUpdate.ahb_exp
	.section	.rodata.cst16,"aM",%progbits,16
.L__const.SystemCoreClockUpdate.ahb_exp:
	.ascii	"\000\000\000\000\000\000\000\000\001\002\003\004\006\007\b\t"
	.size	.L__const.SystemCoreClockUpdate.ahb_exp, 16

	.section	.debug_str,"MS",%progbits,1
.Linfo_string0:
	.asciz	"Component: ARM Compiler 6.14 Tool: armclang [5db06c00]" @ string offset=0
.Linfo_string1:
	.asciz	"../GD32E230_Firmware_Library/CMSIS/GD/GD32E230/Source\\system_gd32e230.c" @ string offset=55
.Linfo_string2:
	.asciz	"E:\\Soway\\Soway_product-soft\\105 - T119-GD\\E230 -  ds18b20-F8\\MDK-ARM" @ string offset=127
.Linfo_string3:
	.asciz	"SystemCoreClock"       @ string offset=196
.Linfo_string4:
	.asciz	"unsigned int"          @ string offset=212
.Linfo_string5:
	.asciz	"uint32_t"              @ string offset=225
.Linfo_string6:
	.asciz	"unsigned short"        @ string offset=234
.Linfo_string7:
	.asciz	"uint16_t"              @ string offset=249
.Linfo_string8:
	.asciz	"unsigned char"         @ string offset=258
.Linfo_string9:
	.asciz	"uint8_t"               @ string offset=272
.Linfo_string10:
	.asciz	"SystemInit"            @ string offset=280
.Linfo_string11:
	.asciz	"system_clock_config"   @ string offset=291
.Linfo_string12:
	.asciz	"SystemCoreClockUpdate" @ string offset=311
.Linfo_string13:
	.asciz	"system_clock_72m_irc8m" @ string offset=333
.Linfo_string14:
	.asciz	"sws"                   @ string offset=356
.Linfo_string15:
	.asciz	"pllmf"                 @ string offset=360
.Linfo_string16:
	.asciz	"pllmf4"                @ string offset=366
.Linfo_string17:
	.asciz	"pllsel"                @ string offset=373
.Linfo_string18:
	.asciz	"prediv"                @ string offset=380
.Linfo_string19:
	.asciz	"idx"                   @ string offset=387
.Linfo_string20:
	.asciz	"clk_exp"               @ string offset=391
.Linfo_string21:
	.asciz	"ahb_exp"               @ string offset=399
.Linfo_string22:
	.asciz	"__ARRAY_SIZE_TYPE__"   @ string offset=407
.Linfo_string23:
	.asciz	"timeout"               @ string offset=427
.Linfo_string24:
	.asciz	"stab_flag"             @ string offset=435
	.section	.debug_abbrev,"",%progbits
	.byte	1                       @ Abbreviation Code
	.byte	17                      @ DW_TAG_compile_unit
	.byte	1                       @ DW_CHILDREN_yes
	.byte	37                      @ DW_AT_producer
	.byte	14                      @ DW_FORM_strp
	.byte	19                      @ DW_AT_language
	.byte	5                       @ DW_FORM_data2
	.byte	3                       @ DW_AT_name
	.byte	14                      @ DW_FORM_strp
	.byte	16                      @ DW_AT_stmt_list
	.byte	6                       @ DW_FORM_data4
	.byte	27                      @ DW_AT_comp_dir
	.byte	14                      @ DW_FORM_strp
	.byte	17                      @ DW_AT_low_pc
	.byte	1                       @ DW_FORM_addr
	.byte	85                      @ DW_AT_ranges
	.byte	6                       @ DW_FORM_data4
	.byte	0                       @ EOM(1)
	.byte	0                       @ EOM(2)
	.byte	2                       @ Abbreviation Code
	.byte	52                      @ DW_TAG_variable
	.byte	0                       @ DW_CHILDREN_no
	.byte	3                       @ DW_AT_name
	.byte	14                      @ DW_FORM_strp
	.byte	73                      @ DW_AT_type
	.byte	19                      @ DW_FORM_ref4
	.byte	63                      @ DW_AT_external
	.byte	12                      @ DW_FORM_flag
	.byte	58                      @ DW_AT_decl_file
	.byte	11                      @ DW_FORM_data1
	.byte	59                      @ DW_AT_decl_line
	.byte	11                      @ DW_FORM_data1
	.byte	2                       @ DW_AT_location
	.byte	10                      @ DW_FORM_block1
	.byte	0                       @ EOM(1)
	.byte	0                       @ EOM(2)
	.byte	3                       @ Abbreviation Code
	.byte	22                      @ DW_TAG_typedef
	.byte	0                       @ DW_CHILDREN_no
	.byte	73                      @ DW_AT_type
	.byte	19                      @ DW_FORM_ref4
	.byte	3                       @ DW_AT_name
	.byte	14                      @ DW_FORM_strp
	.byte	58                      @ DW_AT_decl_file
	.byte	11                      @ DW_FORM_data1
	.byte	59                      @ DW_AT_decl_line
	.byte	11                      @ DW_FORM_data1
	.byte	0                       @ EOM(1)
	.byte	0                       @ EOM(2)
	.byte	4                       @ Abbreviation Code
	.byte	36                      @ DW_TAG_base_type
	.byte	0                       @ DW_CHILDREN_no
	.byte	3                       @ DW_AT_name
	.byte	14                      @ DW_FORM_strp
	.byte	62                      @ DW_AT_encoding
	.byte	11                      @ DW_FORM_data1
	.byte	11                      @ DW_AT_byte_size
	.byte	11                      @ DW_FORM_data1
	.byte	0                       @ EOM(1)
	.byte	0                       @ EOM(2)
	.byte	5                       @ Abbreviation Code
	.byte	15                      @ DW_TAG_pointer_type
	.byte	0                       @ DW_CHILDREN_no
	.byte	73                      @ DW_AT_type
	.byte	19                      @ DW_FORM_ref4
	.byte	0                       @ EOM(1)
	.byte	0                       @ EOM(2)
	.byte	6                       @ Abbreviation Code
	.byte	53                      @ DW_TAG_volatile_type
	.byte	0                       @ DW_CHILDREN_no
	.byte	73                      @ DW_AT_type
	.byte	19                      @ DW_FORM_ref4
	.byte	0                       @ EOM(1)
	.byte	0                       @ EOM(2)
	.byte	7                       @ Abbreviation Code
	.byte	46                      @ DW_TAG_subprogram
	.byte	0                       @ DW_CHILDREN_no
	.byte	17                      @ DW_AT_low_pc
	.byte	1                       @ DW_FORM_addr
	.byte	18                      @ DW_AT_high_pc
	.byte	1                       @ DW_FORM_addr
	.byte	64                      @ DW_AT_frame_base
	.byte	10                      @ DW_FORM_block1
	.byte	3                       @ DW_AT_name
	.byte	14                      @ DW_FORM_strp
	.byte	58                      @ DW_AT_decl_file
	.byte	11                      @ DW_FORM_data1
	.byte	59                      @ DW_AT_decl_line
	.byte	11                      @ DW_FORM_data1
	.byte	39                      @ DW_AT_prototyped
	.byte	12                      @ DW_FORM_flag
	.byte	63                      @ DW_AT_external
	.byte	12                      @ DW_FORM_flag
	.byte	0                       @ EOM(1)
	.byte	0                       @ EOM(2)
	.byte	8                       @ Abbreviation Code
	.byte	46                      @ DW_TAG_subprogram
	.byte	0                       @ DW_CHILDREN_no
	.byte	17                      @ DW_AT_low_pc
	.byte	1                       @ DW_FORM_addr
	.byte	18                      @ DW_AT_high_pc
	.byte	1                       @ DW_FORM_addr
	.byte	64                      @ DW_AT_frame_base
	.byte	10                      @ DW_FORM_block1
	.byte	3                       @ DW_AT_name
	.byte	14                      @ DW_FORM_strp
	.byte	58                      @ DW_AT_decl_file
	.byte	11                      @ DW_FORM_data1
	.byte	59                      @ DW_AT_decl_line
	.byte	11                      @ DW_FORM_data1
	.byte	39                      @ DW_AT_prototyped
	.byte	12                      @ DW_FORM_flag
	.byte	0                       @ EOM(1)
	.byte	0                       @ EOM(2)
	.byte	9                       @ Abbreviation Code
	.byte	46                      @ DW_TAG_subprogram
	.byte	1                       @ DW_CHILDREN_yes
	.byte	17                      @ DW_AT_low_pc
	.byte	1                       @ DW_FORM_addr
	.byte	18                      @ DW_AT_high_pc
	.byte	1                       @ DW_FORM_addr
	.byte	64                      @ DW_AT_frame_base
	.byte	10                      @ DW_FORM_block1
	.byte	3                       @ DW_AT_name
	.byte	14                      @ DW_FORM_strp
	.byte	58                      @ DW_AT_decl_file
	.byte	11                      @ DW_FORM_data1
	.byte	59                      @ DW_AT_decl_line
	.byte	5                       @ DW_FORM_data2
	.byte	39                      @ DW_AT_prototyped
	.byte	12                      @ DW_FORM_flag
	.byte	63                      @ DW_AT_external
	.byte	12                      @ DW_FORM_flag
	.byte	0                       @ EOM(1)
	.byte	0                       @ EOM(2)
	.byte	10                      @ Abbreviation Code
	.byte	52                      @ DW_TAG_variable
	.byte	0                       @ DW_CHILDREN_no
	.byte	2                       @ DW_AT_location
	.byte	10                      @ DW_FORM_block1
	.byte	3                       @ DW_AT_name
	.byte	14                      @ DW_FORM_strp
	.byte	58                      @ DW_AT_decl_file
	.byte	11                      @ DW_FORM_data1
	.byte	59                      @ DW_AT_decl_line
	.byte	5                       @ DW_FORM_data2
	.byte	73                      @ DW_AT_type
	.byte	19                      @ DW_FORM_ref4
	.byte	0                       @ EOM(1)
	.byte	0                       @ EOM(2)
	.byte	11                      @ Abbreviation Code
	.byte	46                      @ DW_TAG_subprogram
	.byte	1                       @ DW_CHILDREN_yes
	.byte	17                      @ DW_AT_low_pc
	.byte	1                       @ DW_FORM_addr
	.byte	18                      @ DW_AT_high_pc
	.byte	1                       @ DW_FORM_addr
	.byte	64                      @ DW_AT_frame_base
	.byte	10                      @ DW_FORM_block1
	.byte	3                       @ DW_AT_name
	.byte	14                      @ DW_FORM_strp
	.byte	58                      @ DW_AT_decl_file
	.byte	11                      @ DW_FORM_data1
	.byte	59                      @ DW_AT_decl_line
	.byte	11                      @ DW_FORM_data1
	.byte	39                      @ DW_AT_prototyped
	.byte	12                      @ DW_FORM_flag
	.byte	0                       @ EOM(1)
	.byte	0                       @ EOM(2)
	.byte	12                      @ Abbreviation Code
	.byte	52                      @ DW_TAG_variable
	.byte	0                       @ DW_CHILDREN_no
	.byte	2                       @ DW_AT_location
	.byte	10                      @ DW_FORM_block1
	.byte	3                       @ DW_AT_name
	.byte	14                      @ DW_FORM_strp
	.byte	58                      @ DW_AT_decl_file
	.byte	11                      @ DW_FORM_data1
	.byte	59                      @ DW_AT_decl_line
	.byte	11                      @ DW_FORM_data1
	.byte	73                      @ DW_AT_type
	.byte	19                      @ DW_FORM_ref4
	.byte	0                       @ EOM(1)
	.byte	0                       @ EOM(2)
	.byte	13                      @ Abbreviation Code
	.byte	1                       @ DW_TAG_array_type
	.byte	1                       @ DW_CHILDREN_yes
	.byte	73                      @ DW_AT_type
	.byte	19                      @ DW_FORM_ref4
	.byte	0                       @ EOM(1)
	.byte	0                       @ EOM(2)
	.byte	14                      @ Abbreviation Code
	.byte	33                      @ DW_TAG_subrange_type
	.byte	0                       @ DW_CHILDREN_no
	.byte	73                      @ DW_AT_type
	.byte	19                      @ DW_FORM_ref4
	.byte	55                      @ DW_AT_count
	.byte	11                      @ DW_FORM_data1
	.byte	0                       @ EOM(1)
	.byte	0                       @ EOM(2)
	.byte	15                      @ Abbreviation Code
	.byte	38                      @ DW_TAG_const_type
	.byte	0                       @ DW_CHILDREN_no
	.byte	73                      @ DW_AT_type
	.byte	19                      @ DW_FORM_ref4
	.byte	0                       @ EOM(1)
	.byte	0                       @ EOM(2)
	.byte	16                      @ Abbreviation Code
	.byte	36                      @ DW_TAG_base_type
	.byte	0                       @ DW_CHILDREN_no
	.byte	3                       @ DW_AT_name
	.byte	14                      @ DW_FORM_strp
	.byte	11                      @ DW_AT_byte_size
	.byte	11                      @ DW_FORM_data1
	.byte	62                      @ DW_AT_encoding
	.byte	11                      @ DW_FORM_data1
	.byte	0                       @ EOM(1)
	.byte	0                       @ EOM(2)
	.byte	0                       @ EOM(3)
	.section	.debug_info,"",%progbits
.Lcu_begin0:
	.long	.Ldebug_info_end0-.Ldebug_info_start0 @ Length of Unit
.Ldebug_info_start0:
	.short	3                       @ DWARF version number
	.long	.debug_abbrev           @ Offset Into Abbrev. Section
	.byte	4                       @ Address Size (in bytes)
	.byte	1                       @ Abbrev [1] 0xb:0x167 DW_TAG_compile_unit
	.long	.Linfo_string0          @ DW_AT_producer
	.short	12                      @ DW_AT_language
	.long	.Linfo_string1          @ DW_AT_name
	.long	.Lline_table_start0     @ DW_AT_stmt_list
	.long	.Linfo_string2          @ DW_AT_comp_dir
	.long	0                       @ DW_AT_low_pc
	.long	.Ldebug_ranges0         @ DW_AT_ranges
	.byte	2                       @ Abbrev [2] 0x26:0x12 DW_TAG_variable
	.long	.Linfo_string3          @ DW_AT_name
	.long	56                      @ DW_AT_type
	.byte	1                       @ DW_AT_external
	.byte	2                       @ DW_AT_decl_file
	.byte	65                      @ DW_AT_decl_line
	.byte	5                       @ DW_AT_location
	.byte	3
	.long	SystemCoreClock
	.byte	3                       @ Abbrev [3] 0x38:0xb DW_TAG_typedef
	.long	67                      @ DW_AT_type
	.long	.Linfo_string5          @ DW_AT_name
	.byte	1                       @ DW_AT_decl_file
	.byte	64                      @ DW_AT_decl_line
	.byte	4                       @ Abbrev [4] 0x43:0x7 DW_TAG_base_type
	.long	.Linfo_string4          @ DW_AT_name
	.byte	7                       @ DW_AT_encoding
	.byte	4                       @ DW_AT_byte_size
	.byte	5                       @ Abbrev [5] 0x4a:0x5 DW_TAG_pointer_type
	.long	79                      @ DW_AT_type
	.byte	6                       @ Abbrev [6] 0x4f:0x5 DW_TAG_volatile_type
	.long	56                      @ DW_AT_type
	.byte	3                       @ Abbrev [3] 0x54:0xb DW_TAG_typedef
	.long	95                      @ DW_AT_type
	.long	.Linfo_string7          @ DW_AT_name
	.byte	1                       @ DW_AT_decl_file
	.byte	63                      @ DW_AT_decl_line
	.byte	4                       @ Abbrev [4] 0x5f:0x7 DW_TAG_base_type
	.long	.Linfo_string6          @ DW_AT_name
	.byte	7                       @ DW_AT_encoding
	.byte	2                       @ DW_AT_byte_size
	.byte	3                       @ Abbrev [3] 0x66:0xb DW_TAG_typedef
	.long	113                     @ DW_AT_type
	.long	.Linfo_string9          @ DW_AT_name
	.byte	1                       @ DW_AT_decl_file
	.byte	62                      @ DW_AT_decl_line
	.byte	4                       @ Abbrev [4] 0x71:0x7 DW_TAG_base_type
	.long	.Linfo_string8          @ DW_AT_name
	.byte	8                       @ DW_AT_encoding
	.byte	1                       @ DW_AT_byte_size
	.byte	7                       @ Abbrev [7] 0x78:0x13 DW_TAG_subprogram
	.long	.Lfunc_begin0           @ DW_AT_low_pc
	.long	.Lfunc_end0             @ DW_AT_high_pc
	.byte	1                       @ DW_AT_frame_base
	.byte	93
	.long	.Linfo_string10         @ DW_AT_name
	.byte	2                       @ DW_AT_decl_file
	.byte	82                      @ DW_AT_decl_line
	.byte	1                       @ DW_AT_prototyped
	.byte	1                       @ DW_AT_external
	.byte	8                       @ Abbrev [8] 0x8b:0x12 DW_TAG_subprogram
	.long	.Lfunc_begin1           @ DW_AT_low_pc
	.long	.Lfunc_end1             @ DW_AT_high_pc
	.byte	1                       @ DW_AT_frame_base
	.byte	93
	.long	.Linfo_string11         @ DW_AT_name
	.byte	2                       @ DW_AT_decl_file
	.byte	116                     @ DW_AT_decl_line
	.byte	1                       @ DW_AT_prototyped
	.byte	9                       @ Abbrev [9] 0x9d:0x8d DW_TAG_subprogram
	.long	.Lfunc_begin2           @ DW_AT_low_pc
	.long	.Lfunc_end2             @ DW_AT_high_pc
	.byte	1                       @ DW_AT_frame_base
	.byte	93
	.long	.Linfo_string12         @ DW_AT_name
	.byte	2                       @ DW_AT_decl_file
	.short	322                     @ DW_AT_decl_line
	.byte	1                       @ DW_AT_prototyped
	.byte	1                       @ DW_AT_external
	.byte	10                      @ Abbrev [10] 0xb1:0xf DW_TAG_variable
	.byte	2                       @ DW_AT_location
	.byte	145
	.byte	44
	.long	.Linfo_string14         @ DW_AT_name
	.byte	2                       @ DW_AT_decl_file
	.short	324                     @ DW_AT_decl_line
	.long	56                      @ DW_AT_type
	.byte	10                      @ Abbrev [10] 0xc0:0xf DW_TAG_variable
	.byte	2                       @ DW_AT_location
	.byte	145
	.byte	40
	.long	.Linfo_string15         @ DW_AT_name
	.byte	2                       @ DW_AT_decl_file
	.short	325                     @ DW_AT_decl_line
	.long	56                      @ DW_AT_type
	.byte	10                      @ Abbrev [10] 0xcf:0xf DW_TAG_variable
	.byte	2                       @ DW_AT_location
	.byte	145
	.byte	36
	.long	.Linfo_string16         @ DW_AT_name
	.byte	2                       @ DW_AT_decl_file
	.short	325                     @ DW_AT_decl_line
	.long	56                      @ DW_AT_type
	.byte	10                      @ Abbrev [10] 0xde:0xf DW_TAG_variable
	.byte	2                       @ DW_AT_location
	.byte	145
	.byte	32
	.long	.Linfo_string17         @ DW_AT_name
	.byte	2                       @ DW_AT_decl_file
	.short	325                     @ DW_AT_decl_line
	.long	56                      @ DW_AT_type
	.byte	10                      @ Abbrev [10] 0xed:0xf DW_TAG_variable
	.byte	2                       @ DW_AT_location
	.byte	145
	.byte	28
	.long	.Linfo_string18         @ DW_AT_name
	.byte	2                       @ DW_AT_decl_file
	.short	325                     @ DW_AT_decl_line
	.long	56                      @ DW_AT_type
	.byte	10                      @ Abbrev [10] 0xfc:0xf DW_TAG_variable
	.byte	2                       @ DW_AT_location
	.byte	145
	.byte	24
	.long	.Linfo_string19         @ DW_AT_name
	.byte	2                       @ DW_AT_decl_file
	.short	325                     @ DW_AT_decl_line
	.long	56                      @ DW_AT_type
	.byte	10                      @ Abbrev [10] 0x10b:0xf DW_TAG_variable
	.byte	2                       @ DW_AT_location
	.byte	145
	.byte	20
	.long	.Linfo_string20         @ DW_AT_name
	.byte	2                       @ DW_AT_decl_file
	.short	325                     @ DW_AT_decl_line
	.long	56                      @ DW_AT_type
	.byte	10                      @ Abbrev [10] 0x11a:0xf DW_TAG_variable
	.byte	2                       @ DW_AT_location
	.byte	145
	.byte	4
	.long	.Linfo_string21         @ DW_AT_name
	.byte	2                       @ DW_AT_decl_file
	.short	327                     @ DW_AT_decl_line
	.long	345                     @ DW_AT_type
	.byte	0                       @ End Of Children Mark
	.byte	11                      @ Abbrev [11] 0x12a:0x2f DW_TAG_subprogram
	.long	.Lfunc_begin3           @ DW_AT_low_pc
	.long	.Lfunc_end3             @ DW_AT_high_pc
	.byte	1                       @ DW_AT_frame_base
	.byte	93
	.long	.Linfo_string13         @ DW_AT_name
	.byte	2                       @ DW_AT_decl_file
	.byte	240                     @ DW_AT_decl_line
	.byte	1                       @ DW_AT_prototyped
	.byte	12                      @ Abbrev [12] 0x13c:0xe DW_TAG_variable
	.byte	2                       @ DW_AT_location
	.byte	145
	.byte	8
	.long	.Linfo_string23         @ DW_AT_name
	.byte	2                       @ DW_AT_decl_file
	.byte	242                     @ DW_AT_decl_line
	.long	56                      @ DW_AT_type
	.byte	12                      @ Abbrev [12] 0x14a:0xe DW_TAG_variable
	.byte	2                       @ DW_AT_location
	.byte	145
	.byte	4
	.long	.Linfo_string24         @ DW_AT_name
	.byte	2                       @ DW_AT_decl_file
	.byte	243                     @ DW_AT_decl_line
	.long	56                      @ DW_AT_type
	.byte	0                       @ End Of Children Mark
	.byte	13                      @ Abbrev [13] 0x159:0xc DW_TAG_array_type
	.long	357                     @ DW_AT_type
	.byte	14                      @ Abbrev [14] 0x15e:0x6 DW_TAG_subrange_type
	.long	362                     @ DW_AT_type
	.byte	16                      @ DW_AT_count
	.byte	0                       @ End Of Children Mark
	.byte	15                      @ Abbrev [15] 0x165:0x5 DW_TAG_const_type
	.long	102                     @ DW_AT_type
	.byte	16                      @ Abbrev [16] 0x16a:0x7 DW_TAG_base_type
	.long	.Linfo_string22         @ DW_AT_name
	.byte	8                       @ DW_AT_byte_size
	.byte	7                       @ DW_AT_encoding
	.byte	0                       @ End Of Children Mark
.Ldebug_info_end0:
	.section	.debug_ranges,"",%progbits
.Ldebug_ranges0:
	.long	.Lfunc_begin0
	.long	.Lfunc_end0
	.long	.Lfunc_begin1
	.long	.Lfunc_end1
	.long	.Lfunc_begin2
	.long	.Lfunc_end2
	.long	.Lfunc_begin3
	.long	.Lfunc_end3
	.long	0
	.long	0
	.ident	"Component: ARM Compiler 6.14 Tool: armclang [5db06c00]"
	.section	".note.GNU-stack","",%progbits
	.eabi_attribute	30, 6	@ Tag_ABI_optimization_goals
	.ARM_attribute	16, 1	@ Tag_AV_eba
	.section	.debug_line,"",%progbits
.Lline_table_start0:
